Log file open, 11/09/18 11:05:08
LogWindows: Failed to load 'aqProf.dll' (GetLastError=126)
LogWindows: File 'aqProf.dll' does not exist
LogWindows: Failed to load 'VSPerf140.dll' (GetLastError=126)
LogWindows: File 'VSPerf140.dll' does not exist
LogWindows: Failed to load 'VtuneApi.dll' (GetLastError=126)
LogWindows: File 'VtuneApi.dll' does not exist
LogWindows: Failed to load 'VtuneApi32e.dll' (GetLastError=126)
LogWindows: File 'VtuneApi32e.dll' does not exist
LogInit: Display: Running engine for game: CodeCamp2018
LogPlatformFile: Not using cached read wrapper
LogTaskGraph: Started task graph with 5 named threads and 11 total threads with 3 sets of task threads.
LogStats: Stats thread started at 5.435332
LogD3D11RHI: Loaded GFSDK_Aftermath_Lib.x64.dll
LogICUInternationalization: Display: ICU TimeZone Detection - Raw Offset: -7:00, Platform Override: ''
LogPluginManager: Mounting plugin Paper2D
LogPluginManager: Mounting plugin AISupport
LogPluginManager: Mounting plugin LightPropagationVolume
LogPluginManager: Mounting plugin CLionSourceCodeAccess
LogPluginManager: Mounting plugin CodeLiteSourceCodeAccess
LogPluginManager: Mounting plugin GitSourceControl
LogPluginManager: Mounting plugin KDevelopSourceCodeAccess
LogPluginManager: Mounting plugin NullSourceCodeAccess
LogPluginManager: Mounting plugin PerforceSourceControl
LogPluginManager: Mounting plugin SubversionSourceControl
LogPluginManager: Mounting plugin UObjectPlugin
LogPluginManager: Mounting plugin VisualStudioCodeSourceCodeAccess
LogPluginManager: Mounting plugin VisualStudioSourceCodeAccess
LogPluginManager: Mounting plugin XCodeSourceCodeAccess
LogPluginManager: Mounting plugin AssetManagerEditor
LogPluginManager: Mounting plugin CryptoKeys
LogPluginManager: Mounting plugin DataValidation
LogPluginManager: Mounting plugin FacialAnimation
LogPluginManager: Mounting plugin GameplayTagsEditor
LogPluginManager: Mounting plugin MacGraphicsSwitching
LogPluginManager: Mounting plugin MeshEditor
LogPluginManager: Mounting plugin MobileLauncherProfileWizard
LogPluginManager: Mounting plugin PluginBrowser
LogPluginManager: Mounting plugin SpeedTreeImporter
LogPluginManager: Mounting plugin DatasmithContent
LogPluginManager: Mounting plugin AlembicImporter
LogPluginManager: Mounting plugin AppleImageUtils
LogPluginManager: Mounting plugin AppleVision
LogPluginManager: Mounting plugin BackChannel
LogPluginManager: Mounting plugin CharacterAI
LogPluginManager: Mounting plugin GeometryCache
LogPluginManager: Mounting plugin HTML5Networking
LogPluginManager: Mounting plugin ProxyLODPlugin
LogPluginManager: Mounting plugin MagicLeap
LogPluginManager: Mounting plugin MagicLeapEmulator
LogPluginManager: Mounting plugin MagicLeapMedia
LogPluginManager: Mounting plugin AndroidMedia
LogPluginManager: Mounting plugin AvfMedia
LogPluginManager: Mounting plugin ImgMedia
LogPluginManager: Mounting plugin LinearTimecode
LogPluginManager: Mounting plugin MediaCompositing
LogPluginManager: Mounting plugin MediaPlayerEditor
LogPluginManager: Mounting plugin WmfMedia
LogPluginManager: Mounting plugin TcpMessaging
LogPluginManager: Mounting plugin UdpMessaging
LogPluginManager: Mounting plugin ActorSequence
LogPluginManager: Mounting plugin LevelSequenceEditor
LogPluginManager: Mounting plugin MatineeToLevelSequence
LogPluginManager: Mounting plugin NetcodeUnitTest
LogPluginManager: Mounting plugin NUTUnrealEngine4
LogPluginManager: Mounting plugin OnlineSubsystemGooglePlay
LogPluginManager: Mounting plugin OnlineSubsystemIOS
LogPluginManager: Mounting plugin OnlineSubsystem
LogPluginManager: Mounting plugin OnlineSubsystemNull
LogPluginManager: Mounting plugin OnlineSubsystemUtils
LogPluginManager: Mounting plugin LauncherChunkInstaller
LogPluginManager: Mounting plugin AndroidDeviceProfileSelector
LogPluginManager: Mounting plugin AndroidMoviePlayer
LogPluginManager: Mounting plugin AndroidPermission
LogPluginManager: Mounting plugin AppleMoviePlayer
LogPluginManager: Mounting plugin ArchVisCharacter
LogPluginManager: Mounting plugin AudioCapture
LogPluginManager: Mounting plugin CableComponent
LogPluginManager: Mounting plugin CustomMeshComponent
LogPluginManager: Mounting plugin EditableMesh
LogPluginManager: Mounting plugin ExampleDeviceProfileSelector
LogPluginManager: Mounting plugin GoogleCloudMessaging
LogPluginManager: Mounting plugin ImmediatePhysics
LogPluginManager: Mounting plugin IOSDeviceProfileSelector
LogPluginManager: Mounting plugin LinuxDeviceProfileSelector
LogPluginManager: Mounting plugin LocationServicesBPLibrary
LogPluginManager: Mounting plugin MobilePatchingUtils
LogPluginManager: Mounting plugin OculusVR
LogPluginManager: Plugin shader directory ../../../Engine/Plugins/Runtime/Oculus/OculusVR/Shaders found
LogPluginManager: Mapping shader source directory ../../../Engine/Plugins/Runtime/Oculus/OculusVR/Shaders to virtual directory /Plugin/OculusVR
LogPluginManager: Mounting plugin PhysXVehicles
LogPluginManager: Mounting plugin ProceduralMeshComponent
LogPluginManager: Mounting plugin RuntimePhysXCooking
LogPluginManager: Mounting plugin SteamVR
LogPluginManager: Mounting plugin WindowsMoviePlayer
LogStreaming: Display: Took  0.552s to configure plugins.
LogInit: Using libcurl 7.55.1-DEV
LogInit:  - built for x86_64-pc-win32
LogInit:  - supports SSL with OpenSSL/1.0.2h
LogInit:  - supports HTTP deflate (compression) using libz 1.2.8
LogInit:  - other features:
LogInit:      CURL_VERSION_SSL
LogInit:      CURL_VERSION_LIBZ
LogInit:      CURL_VERSION_IPV6
LogInit:      CURL_VERSION_ASYNCHDNS
LogInit:      CURL_VERSION_LARGEFILE
LogInit:      CURL_VERSION_IDN
LogInit:  CurlRequestOptions (configurable via config and command line):
LogInit:  - bVerifyPeer = false  - Libcurl will NOT verify peer certificate
LogInit:  - bUseHttpProxy = false  - Libcurl will NOT use HTTP proxy
LogInit:  - bDontReuseConnections = false  - Libcurl will reuse connections
LogInit:  - CertBundlePath = nullptr  - Libcurl will use whatever was configured at build time.
LogInit:  - MaxHostConnections = 16  - Libcurl will limit the number of connections to a host
LogInit:  - LocalHostAddr = Default
LogInit:  - BufferSize = 65536
LogInit: WinSock: version 1.1 (2.2), MaxSocks=32767, MaxUdp=65467
LogInit: Build: ++UE4+Release-4.20-CL-4369336
LogInit: Engine Version: 4.20.3-4369336+++UE4+Release-4.20
LogInit: Compatible Engine Version: 4.20.0-4212847+++UE4+Release-4.20
LogInit: Net CL: 4212847
LogInit: OS: Windows 10 (), CPU: Intel(R) Core(TM) i7-5500U CPU @ 2.40GHz, GPU: Intel(R) HD Graphics 5500
LogInit: Compiled (64-bit): Sep 17 2018 12:26:19
LogInit: Compiled with Visual C++: 19.13.26129.00
LogInit: Build Configuration: Development
LogInit: Branch Name: ++UE4+Release-4.20
LogInit: Command Line:  
LogInit: Base Directory: C:/Program Files/Epic Games/UE_4.20/Engine/Binaries/Win64/
LogInit: Installed Engine Build: 1
LogDevObjectVersion: Number of dev versions registered: 20
LogDevObjectVersion:   Dev-Blueprints (B0D832E4-1F89-4F0D-ACCF-7EB736FD4AA2): 10
LogDevObjectVersion:   Dev-Build (E1C64328-A22C-4D53-A36C-8E866417BD8C): 0
LogDevObjectVersion:   Dev-Core (375EC13C-06E4-48FB-B500-84F0262A717E): 2
LogDevObjectVersion:   Dev-Editor (E4B068ED-F494-42E9-A231-DA0B2E46BB41): 24
LogDevObjectVersion:   Dev-Framework (CFFC743F-43B0-4480-9391-14DF171D2073): 34
LogDevObjectVersion:   Dev-Mobile (B02B49B5-BB20-44E9-A304-32B752E40360): 2
LogDevObjectVersion:   Dev-Networking (A4E4105C-59A1-49B5-A7C5-40C4547EDFEE): 0
LogDevObjectVersion:   Dev-Online (39C831C9-5AE6-47DC-9A44-9C173E1C8E7C): 0
LogDevObjectVersion:   Dev-Physics (78F01B33-EBEA-4F98-B9B4-84EACCB95AA2): 0
LogDevObjectVersion:   Dev-Platform (6631380F-2D4D-43E0-8009-CF276956A95A): 0
LogDevObjectVersion:   Dev-Rendering (12F88B9F-8875-4AFC-A67C-D90C383ABD29): 26
LogDevObjectVersion:   Dev-Sequencer (7B5AE74C-D270-4C10-A958-57980B212A5A): 9
LogDevObjectVersion:   Dev-VR (D7296918-1DD6-4BDD-9DE2-64A83CC13884): 2
LogDevObjectVersion:   Dev-LoadTimes (C2A15278-BFE7-4AFE-6C17-90FF531DF755): 1
LogDevObjectVersion:   Private-Geometry (6EACA3D4-40EC-4CC1-B786-8BED09428FC5): 3
LogDevObjectVersion:   Dev-AnimPhys (29E575DD-E0A3-4627-9D10-D276232CDCEA): 17
LogDevObjectVersion:   Dev-ReflectionCapture (6B266CEC-1EC7-4B8F-A30B-E4D90942FC07): 1
LogDevObjectVersion:   Dev-Automation (0DF73D61-A23F-47EA-B727-89E90C41499A): 1
LogDevObjectVersion:   FortniteMain (601D1886-AC64-4F84-AA16-D3DE0DEAC7D6): 12
LogDevObjectVersion:   Dev-Enterprise (9DFFBCD6-494F-0158-E221-12823C92A888): 1
LogStreaming: Display: Took  0.016s to delete old logs.
LogInit: Presizing for max 8388607 objects, including 0 objects not considered by GC, pre-allocating 0 bytes for permanent pool.
LogInit: Object subsystem initialized
[2018.11.09-18.05.12:180][  0]LogInit: Selected Device Profile: [Windows]
[2018.11.09-18.05.12:180][  0]LogInit: Applying CVar settings loaded from the selected device profile: [Windows]
[2018.11.09-18.05.12:275][  0]LogHAL: Display: Platform has ~ 8 GB [8496848896 / 8589934592 / 8], which maps to Default [LargestMinGB=32, LargerMinGB=12, DefaultMinGB=8, SmallerMinGB=6, SmallestMinGB=0)
[2018.11.09-18.05.12:322][  0]LogInit: Setting Device Profile CVar: [[r.Vulkan.UseRealUBs:1]]
[2018.11.09-18.05.12:332][  0]LogInit: Going up to parent DeviceProfile []
[2018.11.09-18.05.12:398][  0]LogInit: Computer: DESKTOP-TLCCTOQ
[2018.11.09-18.05.12:398][  0]LogInit: User: CodeCamp
[2018.11.09-18.05.12:398][  0]LogInit: CPU Page size=4096, Cores=2
[2018.11.09-18.05.12:398][  0]LogInit: High frequency timer resolution =2.338339 MHz
[2018.11.09-18.05.12:398][  0]LogMemory: Memory total: Physical=7.9GB (8GB approx)
[2018.11.09-18.05.12:398][  0]LogMemory: Platform Memory Stats for Windows
[2018.11.09-18.05.12:398][  0]LogMemory: Process Physical Memory: 98.94 MB used, 98.94 MB peak
[2018.11.09-18.05.12:398][  0]LogMemory: Process Virtual Memory: 90.12 MB used, 90.12 MB peak
[2018.11.09-18.05.12:399][  0]LogMemory: Physical Memory: 4393.35 MB used,  3709.88 MB free, 8103.23 MB total
[2018.11.09-18.05.12:399][  0]LogMemory: Virtual Memory: 4627.11 MB used,  3709.88 MB free, 134217728.00 MB total
[2018.11.09-18.05.13:798][  0]LogInit: Using OS detected language (en-US).
[2018.11.09-18.05.13:798][  0]LogInit: Using OS detected locale (en-US).
[2018.11.09-18.05.13:818][  0]LogTextLocalizationManager: No specific localization for 'en-US' exists, so the 'en' localization will be used.
[2018.11.09-18.05.14:757][  0]LogStreaming: Display: Took  0.954s to InitEngineTextLocalization.
[2018.11.09-18.05.14:794][  0]LogInit: Setting process to per monitor DPI aware
[2018.11.09-18.05.15:372][  0]LogSlate: New Slate User Created.  User Index 0, Is Virtual User: 0
[2018.11.09-18.05.15:372][  0]LogSlate: Slate User Registered.  User Index 0, Is Virtual User: 0
[2018.11.09-18.05.16:502][  0]LogHMD: Failed to initialize OpenVR with code 110
[2018.11.09-18.05.16:503][  0]LogD3D11RHI: D3D11 adapters:
[2018.11.09-18.05.16:704][  0]LogD3D11RHI:    0. 'NVIDIA GeForce 840M' (Feature Level 11_0)
[2018.11.09-18.05.16:704][  0]LogD3D11RHI:       2019/0/4051 MB DedicatedVideo/DedicatedSystem/SharedSystem, Outputs:1, VendorId:0x10de
[2018.11.09-18.05.16:790][  0]LogD3D11RHI:    1. 'Intel(R) HD Graphics 5500' (Feature Level 11_0)
[2018.11.09-18.05.16:790][  0]LogD3D11RHI:       128/0/4051 MB DedicatedVideo/DedicatedSystem/SharedSystem, Outputs:0, VendorId:0x8086
[2018.11.09-18.05.16:800][  0]LogD3D11RHI:    2. 'Microsoft Basic Render Driver' (Feature Level 11_0)
[2018.11.09-18.05.16:800][  0]LogD3D11RHI:       0/0/4051 MB DedicatedVideo/DedicatedSystem/SharedSystem, Outputs:0, VendorId:0x1414
[2018.11.09-18.05.16:800][  0]LogD3D11RHI: Chosen D3D11 Adapter: 0
[2018.11.09-18.05.17:007][  0]LogD3D11RHI: Creating new Direct3DDevice
[2018.11.09-18.05.17:007][  0]LogD3D11RHI:     GPU DeviceId: 0x1341 (for the marketing name, search the web for "GPU Device Id")
[2018.11.09-18.05.17:020][  0]LogWindows: EnumDisplayDevices:
[2018.11.09-18.05.17:020][  0]LogWindows:    0. 'Intel(R) HD Graphics 5500' (P:1 D:1)
[2018.11.09-18.05.17:022][  0]LogWindows:    1. 'Intel(R) HD Graphics 5500' (P:0 D:0)
[2018.11.09-18.05.17:024][  0]LogWindows:    2. 'Intel(R) HD Graphics 5500' (P:0 D:0)
[2018.11.09-18.05.17:026][  0]LogWindows: DebugString: PrimaryIsNotTheChoosenAdapter PrimaryIsNotTheChoosenAdapter PrimaryIsNotTheChoosenAdapter FoundDriverCount:0 
[2018.11.09-18.05.17:026][  0]LogD3D11RHI:     Adapter Name: NVIDIA GeForce 840M
[2018.11.09-18.05.17:026][  0]LogD3D11RHI:   Driver Version: Unknown (internal:Unknown, unified:Unknown)
[2018.11.09-18.05.17:026][  0]LogD3D11RHI:      Driver Date: Unknown
[2018.11.09-18.05.17:026][  0]LogRHI: Texture pool is 1413 MB (70% of 2019 MB)
[2018.11.09-18.05.17:185][  0]LogD3D11RHI: Async texture creation enabled
[2018.11.09-18.05.17:674][  0]LogD3D11RHI: GPU Timing Frequency: 1000.000000 (Debug: 2 1)
[2018.11.09-18.05.17:844][  0]LogShaderCompilers: Guid format shader working directory is -31 characters bigger than the processId version (../../../../../../Users/Code Camp/Desktop/CodeCamp2018/CodeCamp2018/CodeCamp2018/Intermediate/Shaders/WorkingDirectory/10128/).
[2018.11.09-18.05.17:845][  0]LogShaderCompilers: Cleaned the shader compiler working directory 'C:/Users/Code Camp/AppData/Local/Temp/UnrealShaderWorkingDir/8BEE8C154D88823BFD87A28D3B32DC56/'.
[2018.11.09-18.05.19:252][  0]LogTemp: Display: Loaded TP AllDesktopTargetPlatform
[2018.11.09-18.05.19:323][  0]LogTemp: Display: Loaded TP MacClientTargetPlatform
[2018.11.09-18.05.19:357][  0]LogTemp: Display: Loaded TP MacNoEditorTargetPlatform
[2018.11.09-18.05.19:400][  0]LogTemp: Display: Loaded TP MacServerTargetPlatform
[2018.11.09-18.05.19:464][  0]LogTemp: Display: Loaded TP MacTargetPlatform
[2018.11.09-18.05.19:538][  0]LogTemp: Display: Loaded TP WindowsClientTargetPlatform
[2018.11.09-18.05.19:562][  0]LogTemp: Display: Loaded TP WindowsNoEditorTargetPlatform
[2018.11.09-18.05.19:648][  0]LogTemp: Display: Loaded TP WindowsServerTargetPlatform
[2018.11.09-18.05.19:683][  0]LogTemp: Display: Loaded TP WindowsTargetPlatform
[2018.11.09-18.05.19:878][  0]LogTemp: Display: Loaded TP AndroidTargetPlatform
[2018.11.09-18.05.19:878][  0]LogTemp: Display: Loaded TP AndroidTargetPlatform
[2018.11.09-18.05.19:878][  0]LogTemp: Display: Loaded TP AndroidTargetPlatform
[2018.11.09-18.05.19:878][  0]LogTemp: Display: Loaded TP AndroidTargetPlatform
[2018.11.09-18.05.19:878][  0]LogTemp: Display: Loaded TP AndroidTargetPlatform
[2018.11.09-18.05.19:878][  0]LogTemp: Display: Loaded TP AndroidTargetPlatform
[2018.11.09-18.05.19:878][  0]LogTemp: Display: Loaded TP AndroidTargetPlatform
[2018.11.09-18.05.19:878][  0]LogTemp: Display: Loaded TP AndroidTargetPlatform
[2018.11.09-18.05.19:878][  0]LogTemp: Display: Loaded TP AndroidTargetPlatform
[2018.11.09-18.05.19:878][  0]LogTemp: Display: Loaded TP AndroidTargetPlatform
[2018.11.09-18.05.19:878][  0]LogTemp: Display: Loaded TP AndroidTargetPlatform
[2018.11.09-18.05.19:878][  0]LogTemp: Display: Loaded TP AndroidTargetPlatform
[2018.11.09-18.05.19:878][  0]LogTemp: Display: Loaded TP AndroidTargetPlatform
[2018.11.09-18.05.19:878][  0]LogTemp: Display: Loaded TP AndroidTargetPlatform
[2018.11.09-18.05.19:878][  0]LogTemp: Display: Loaded TP AndroidTargetPlatform
[2018.11.09-18.05.19:878][  0]LogTemp: Display: Loaded TP AndroidTargetPlatform
[2018.11.09-18.05.19:878][  0]LogTemp: Display: Loaded TP AndroidTargetPlatform
[2018.11.09-18.05.19:878][  0]LogTemp: Display: Loaded TP AndroidTargetPlatform
[2018.11.09-18.05.19:906][  0]LogTemp: Display: Loaded TP HTML5TargetPlatform
[2018.11.09-18.05.20:149][  0]LogTemp: Display: Loaded TP IOSTargetPlatform
[2018.11.09-18.05.20:149][  0]LogTemp: Display: Loaded TP IOSTargetPlatform
[2018.11.09-18.05.20:237][  0]LogTemp: Display: Loaded TP TVOSTargetPlatform
[2018.11.09-18.05.20:237][  0]LogTemp: Display: Loaded TP TVOSTargetPlatform
[2018.11.09-18.05.20:278][  0]LogTemp: Display: Loaded TP LinuxClientTargetPlatform
[2018.11.09-18.05.20:306][  0]LogTemp: Display: Loaded TP LinuxNoEditorTargetPlatform
[2018.11.09-18.05.20:382][  0]LogTemp: Display: Loaded TP LinuxServerTargetPlatform
[2018.11.09-18.05.20:432][  0]LogTemp: Display: Loaded TP LinuxTargetPlatform
[2018.11.09-18.05.20:472][  0]LogTemp: Display: Loaded TP LuminTargetPlatform
[2018.11.09-18.05.20:472][  0]LogTargetPlatformManager: Display: Building Assets For Windows
[2018.11.09-18.05.21:566][  0]LogXGEController: Cleaning working directory: C:/Users/Code Camp/AppData/Local/Temp/UnrealXGEWorkingDir/
[2018.11.09-18.05.21:568][  0]LogXGEController: Cannot use XGE Controller as Incredibuild is not installed on this machine.
[2018.11.09-18.05.21:568][  0]LogShaderCompilers: Cannot use XGE Shader Compiler as Incredibuild is not installed on this machine.
[2018.11.09-18.05.21:568][  0]LogShaderCompilers: Display: Using Local Shader Compiler.
[2018.11.09-18.05.24:904][  0]LogDerivedDataCache: Display: Max Cache Size: 512 MB
[2018.11.09-18.05.25:868][  0]LogDerivedDataCache: Loaded boot cache 0.96s 71MB C:/Users/Code Camp/AppData/Local/UnrealEngine/4.20/DerivedDataCache/Boot.ddc.
[2018.11.09-18.05.25:869][  0]LogDerivedDataCache: Display: Loaded Boot cache: C:/Users/Code Camp/AppData/Local/UnrealEngine/4.20/DerivedDataCache/Boot.ddc
[2018.11.09-18.05.25:870][  0]LogDerivedDataCache: FDerivedDataBackendGraph:  Pak pak cache file ../../../../../../Users/Code Camp/Desktop/CodeCamp2018/CodeCamp2018/CodeCamp2018/DerivedDataCache/DDC.ddp not found, will not use a pak cache.
[2018.11.09-18.05.25:870][  0]LogDerivedDataCache: Unable to find inner node Pak for hierarchical cache Hierarchy.
[2018.11.09-18.05.25:870][  0]LogDerivedDataCache: FDerivedDataBackendGraph:  CompressedPak pak cache file ../../../../../../Users/Code Camp/Desktop/CodeCamp2018/CodeCamp2018/CodeCamp2018/DerivedDataCache/Compressed.ddp not found, will not use a pak cache.
[2018.11.09-18.05.25:870][  0]LogDerivedDataCache: Unable to find inner node CompressedPak for hierarchical cache Hierarchy.
[2018.11.09-18.05.26:004][  0]LogDerivedDataCache: Display: Pak cache opened for reading ../../../Engine/DerivedDataCache/Compressed.ddp.
[2018.11.09-18.05.26:018][  0]LogDerivedDataCache: Using Local data cache path C:/Users/Code Camp/AppData/Local/UnrealEngine/Common/DerivedDataCache: Writable
[2018.11.09-18.05.26:018][  0]LogDerivedDataCache: Shared data cache path not found in *engine.ini, will not use an Shared cache.
[2018.11.09-18.05.26:018][  0]LogDerivedDataCache: Unable to find inner node Shared for hierarchical cache Hierarchy.
[2018.11.09-18.05.26:199][  0]LogMaterial: Verifying Global Shaders for PCD3D_SM5
[2018.11.09-18.05.26:283][  0]LogSlate: Using FreeType 2.6.0
[2018.11.09-18.05.26:345][  0]LogSlate: SlateFontServices - WITH_FREETYPE: 1, WITH_HARFBUZZ: 1
[2018.11.09-18.05.26:800][  0]LogAssetRegistry: FAssetRegistry took 0.0491 seconds to start up
[2018.11.09-18.05.38:851][  0]LogInit: Selected Device Profile: [Windows]
[2018.11.09-18.05.44:833][  0]LogSimplygon: Simplygon DLL not present - disabling.
[2018.11.09-18.05.45:419][  0]LogMeshReduction: Using SimplygonSwarm for distributed automatic mesh merging
[2018.11.09-18.05.45:419][  0]LogMeshReduction: Using ProxyLODMeshReduction for automatic mesh merging
[2018.11.09-18.05.45:454][  0]LogMeshReduction: Using QuadricMeshReduction for automatic static mesh reduction
[2018.11.09-18.05.45:454][  0]LogMeshReduction: No automatic skeletal mesh reduction module available
[2018.11.09-18.05.47:359][  0]LogNetVersion: CodeCamp2018 1.0.0, NetCL: 4212847, EngineNetVer: 5, GameNetVer: 0 (Checksum: 2502960016)
[2018.11.09-18.06.06:360][  0]LogPackageLocalizationCache: Processed 11 localized package path(s) for 2 prioritized culture(s) in 0.532351 seconds
[2018.11.09-18.06.06:586][  0]LogUObjectArray: 38425 objects as part of root set at end of initial load.
[2018.11.09-18.06.06:586][  0]LogUObjectAllocator: 6690864 out of 0 bytes used by permanent object pool.
[2018.11.09-18.06.06:586][  0]LogUObjectArray: CloseDisregardForGC: 0/0 objects in disregard for GC pool
[2018.11.09-18.06.20:693][  0]LogTcpMessaging: Initializing TcpMessaging bridge
[2018.11.09-18.06.20:750][  0]LogUdpMessaging: Initializing bridge on interface 0.0.0.0:0 to multicast group 230.0.0.1:6666.
[2018.11.09-18.06.22:216][  0]SourceControl: Source control is disabled
[2018.11.09-18.06.22:224][  0]SourceControl: Source control is disabled
[2018.11.09-18.06.22:329][  0]SourceControl: Source control is disabled
[2018.11.09-18.06.22:355][  0]SourceControl: Source control is disabled
[2018.11.09-18.06.24:342][  0]LogAndroidPermission: UAndroidPermissionCallbackProxy::GetInstance
[2018.11.09-18.06.24:776][  0]LogOcInput: OculusInput pre-init called
[2018.11.09-18.06.26:069][  0]LogEngine: Initializing Engine...
[2018.11.09-18.06.26:141][  0]LogHMD: Failed to initialize OpenVR with code 110
[2018.11.09-18.06.26:202][  0]LogStats: UGameplayTagsManager::ConstructGameplayTagTree: ImportINI prefixes -  0.007 s
[2018.11.09-18.06.26:202][  0]LogStats: UGameplayTagsManager::ConstructGameplayTagTree: Construct from data asset -  0.000 s
[2018.11.09-18.06.26:203][  0]LogStats: UGameplayTagsManager::ConstructGameplayTagTree: ImportINI -  0.001 s
[2018.11.09-18.06.26:204][  0]LogStats: UGameplayTagsManager::ConstructGameplayTagTree: GameplayTagTreeChangedEvent.Broadcast -  0.000 s
[2018.11.09-18.06.26:760][  0]LogInit: Initializing FReadOnlyCVARCache
[2018.11.09-18.06.27:919][  0]LogAIModule: Creating AISystem for world Untitled
[2018.11.09-18.06.28:388][  0]LogInit: XAudio2 using 'Speakers / Headphones (Realtek High Definition Audio)' : 2 channels at 48 kHz using 32 bits per sample (channel mask 0x3)
[2018.11.09-18.06.28:516][  0]LogInit: FAudioDevice initialized.
[2018.11.09-18.06.28:534][  0]LogNetVersion: Set ProjectVersion to 1.0.0.0. Version Checksum will be recalculated on next use.
[2018.11.09-18.06.28:756][  0]LogDerivedDataCache: Saved boot cache 0.22s 71MB C:/Users/Code Camp/AppData/Local/UnrealEngine/4.20/DerivedDataCache/Boot.ddc.
[2018.11.09-18.06.28:757][  0]LogInit: Texture streaming: Enabled
[2018.11.09-18.06.29:400][  0]LogEngineSessionManager: EngineSessionManager initialized
[2018.11.09-18.06.29:894][  0]LogInit: Transaction tracking system initialized
[2018.11.09-18.06.31:000][  0]BlueprintLog: New page: Editor Load
[2018.11.09-18.06.33:121][  0]LocalizationService: Localization service is disabled
[2018.11.09-18.06.37:210][  0]LogFileCache: Scanning file cache for directory 'C:/Users/Code Camp/Desktop/CodeCamp2018/CodeCamp2018/CodeCamp2018/Content/' took 0.08s
[2018.11.09-18.06.37:210][  0]LogCook: Display: Max memory allowance for cook 16384mb min free memory 0mb
[2018.11.09-18.06.37:211][  0]LogCook: Display: Mobile HDR setting 1
[2018.11.09-18.06.37:253][  0]LogGameplayTags: Display: UGameplayTagsManager::DoneAddingNativeTags. DelegateIsBound: 0
[2018.11.09-18.06.37:253][  0]LogStats: UGameplayTagsManager::ConstructGameplayTagTree: ImportINI prefixes -  0.000 s
[2018.11.09-18.06.37:254][  0]LogStats: UGameplayTagsManager::ConstructGameplayTagTree: Construct from data asset -  0.000 s
[2018.11.09-18.06.37:254][  0]LogStats: UGameplayTagsManager::ConstructGameplayTagTree: ImportINI -  0.000 s
[2018.11.09-18.06.37:254][  0]LogStats: UGameplayTagsManager::ConstructGameplayTagTree: GameplayTagTreeChangedEvent.Broadcast -  0.000 s
[2018.11.09-18.06.40:847][  0]SourceControl: Source control is disabled
[2018.11.09-18.06.40:903][  0]Cmd: MAP LOAD FILE="../../../../../../Users/Code Camp/Desktop/CodeCamp2018/CodeCamp2018/CodeCamp2018/Content/ThirdPersonBP/Maps/ThirdPersonExampleMap.umap" TEMPLATE=0 SHOWPROGRESS=1 FEATURELEVEL=3
[2018.11.09-18.06.40:953][  0]LightingResults: New page: Lighting Build
[2018.11.09-18.06.41:472][  0]MapCheck: New page: Map Check
[2018.11.09-18.06.41:472][  0]LightingResults: New page: Lighting Build
[2018.11.09-18.06.46:578][  0]LogTexture: Display: Building textures: HQ_Lightmap0_2 (AutoDXT, 512X512)
[2018.11.09-18.06.47:702][  0]LogTexture: Display: Building textures: HQ_Lightmap0_1 (AutoDXT, 1024X1024)
[2018.11.09-18.06.47:702][  0]LogTexture: Display: Building textures: HQ_Lightmap0_3 (AutoDXT, 64X64)
[2018.11.09-18.06.47:702][  0]LogTexture: Display: Building textures: LQ_Lightmap_0_1 (DXT1, 1024X1024)
[2018.11.09-18.06.47:702][  0]LogTexture: Display: Building textures: LQ_Lightmap_0_2 (DXT1, 512X512)
[2018.11.09-18.06.47:702][  0]LogTexture: Display: Building textures: LQ_Lightmap_0_3 (DXT1, 64X64)
[2018.11.09-18.06.47:753][  0]LogTexture: Display: Building textures: SkyOcclusion0_2 (AutoDXT, 512X256)
[2018.11.09-18.06.48:380][  0]LogTexture: Display: Building textures: SkyOcclusion0_1 (AutoDXT, 1024X512)
[2018.11.09-18.06.48:380][  0]LogTexture: Display: Building textures: SkyOcclusion0_3 (AutoDXT, 64X32)
[2018.11.09-18.06.48:380][  0]LogTexture: Display: Building textures: ShadowMapTexture2D_4 (G8, 1024X1024)
[2018.11.09-18.06.48:381][  0]LogTexture: Display: Building textures: ShadowMapTexture2D_5 (G8, 32X32)
[2018.11.09-18.06.49:979][  0]LogAIModule: Creating AISystem for world ThirdPersonExampleMap
[2018.11.09-18.06.56:440][  0]LogEditorServer: Finished looking for orphan Actors (0.045 secs)
[2018.11.09-18.06.58:030][  0]Cmd: MAP CHECKDEP NOCLEARLOG
[2018.11.09-18.06.58:379][  0]MapCheck: Map check complete: 0 Error(s), 0 Warning(s), took 349.038ms to complete.
[2018.11.09-18.06.58:446][  0]LogFileHelpers: Loading map 'ThirdPersonExampleMap' took 17.587
[2018.11.09-18.07.08:997][  0]LogSlate: Updating window title bar state: overlay mode, drag disabled, window buttons hidden, title bar hidden
[2018.11.09-18.07.09:255][  0]LogSlate: Updating window title bar state: overlay mode, drag disabled, window buttons hidden, title bar hidden
[2018.11.09-18.07.09:268][  0]LogSlate: Updating window title bar state: overlay mode, drag disabled, window buttons hidden, title bar hidden
[2018.11.09-18.07.09:282][  0]LogSlate: Updating window title bar state: overlay mode, drag disabled, window buttons hidden, title bar hidden
[2018.11.09-18.07.13:266][  0]LogCollectionManager: Loaded 0 collections in 0.013248 seconds
[2018.11.09-18.07.13:601][  0]LogFileCache: Scanning file cache for directory 'C:/Users/Code Camp/Desktop/CodeCamp2018/CodeCamp2018/CodeCamp2018/Saved/Collections/' took 0.01s
[2018.11.09-18.07.13:602][  0]LogFileCache: Scanning file cache for directory 'C:/Users/Code Camp/Desktop/CodeCamp2018/CodeCamp2018/CodeCamp2018/Content/Developers/CodeCamp/Collections/' took 0.01s
[2018.11.09-18.07.13:602][  0]LogFileCache: Scanning file cache for directory 'C:/Users/Code Camp/Desktop/CodeCamp2018/CodeCamp2018/CodeCamp2018/Content/Collections/' took 0.01s
[2018.11.09-18.07.13:602][  0]LogCollectionManager: Rebuilt the GUID cache for 0 collections in 0.000001 seconds
[2018.11.09-18.07.13:661][  0]LogContentBrowser: Native class hierarchy populated in 0.0428 seconds. Added 2572 classes and 603 folders.
[2018.11.09-18.07.13:951][  0]LogContentBrowser: Native class hierarchy updated for 'WidgetCarousel' in 0.0005 seconds. Added 0 classes and 0 folders.
[2018.11.09-18.07.14:620][  0]LogContentBrowser: Native class hierarchy updated for 'AddContentDialog' in 0.0009 seconds. Added 0 classes and 0 folders.
[2018.11.09-18.07.14:767][  0]LogContentBrowser: Native class hierarchy updated for 'SceneOutliner' in 0.0009 seconds. Added 1 classes and 2 folders.
[2018.11.09-18.07.15:894][  0]LogSlate: Took 0.014385 seconds to synchronously load lazily loaded font '../../../Engine/Content/Slate/Fonts/Roboto-Regular.ttf' (155K)
[2018.11.09-18.07.15:961][  0]LogSlate: Took 0.015352 seconds to synchronously load lazily loaded font '../../../Engine/Content/Slate/Fonts/Roboto-Bold.ttf' (160K)
[2018.11.09-18.07.16:164][  0]LogSlate: Took 0.031282 seconds to synchronously load lazily loaded font '../../../Engine/Content/Editor/Slate/Fonts/FontAwesome.ttf' (139K)
[2018.11.09-18.07.17:806][  0]LogRenderer: Reallocating scene render targets to support 856x372 Format 10 NumSamples 1 (Frame:1).
[2018.11.09-18.07.20:811][  0]LogContentBrowser: Native class hierarchy updated for 'HierarchicalLODOutliner' in 0.0010 seconds. Added 0 classes and 0 folders.
[2018.11.09-18.07.20:811][  0]LogLoad: (Engine Initialization) Total time: 149.46 seconds
[2018.11.09-18.07.20:812][  0]LogLoad: (Engine Initialization) Total Blueprint compile time: 0.00 seconds
[2018.11.09-18.07.21:050][  0]LogWindowsTextInputMethodSystem: Display: IME system now deactivated.
[2018.11.09-18.07.21:967][  0]LogContentStreaming: Texture pool size now 1000 MB
[2018.11.09-18.07.22:893][  1]LogSlate: Took 0.036531 seconds to synchronously load lazily loaded font '../../../Engine/Content/Slate/Fonts/Roboto-Light.ttf' (167K)
[2018.11.09-18.07.23:494][  6]LogAssetRegistry: Asset discovery search completed in 116.7209 seconds
[2018.11.09-18.07.23:528][  6]LogCollectionManager: Rebuilt the object cache for 0 collections in 0.000001 seconds (found 0 objects)
[2018.11.09-18.07.23:529][  6]LogCollectionManager: Fixed up redirectors for 0 collections in 0.014211 seconds (updated 0 objects)
[2018.11.09-18.07.35:189][575]LogSlate: FSceneViewport::OnFocusLost() reason 0
[2018.11.09-18.07.35:214][577]LogTemp: Repeating last play command: Selected Viewport
[2018.11.09-18.07.35:311][577]LogBlueprintUserMessages: Early PlayInEditor Detection: Level '/Game/ThirdPersonBP/Maps/ThirdPersonExampleMap.ThirdPersonExampleMap:PersistentLevel' has LevelScriptBlueprint '/Game/ThirdPersonBP/Maps/ThirdPersonExampleMap.ThirdPersonExampleMap:PersistentLevel.ThirdPersonExampleMap' with GeneratedClass '/Game/ThirdPersonBP/Maps/ThirdPersonExampleMap.ThirdPersonExampleMap_C' with ClassGeneratedBy '/Game/ThirdPersonBP/Maps/ThirdPersonExampleMap.ThirdPersonExampleMap:PersistentLevel.ThirdPersonExampleMap'
[2018.11.09-18.07.35:367][577]LogPlayLevel: PlayLevel: No blueprints needed recompiling
[2018.11.09-18.07.35:644][577]PIE: New page: PIE session: ThirdPersonExampleMap (Nov 9, 2018, 4:07:35 AM)
[2018.11.09-18.07.35:645][577]LogPlayLevel: Creating play world package: /Game/ThirdPersonBP/Maps/UEDPIE_0_ThirdPersonExampleMap
[2018.11.09-18.07.35:889][577]LogPlayLevel: PIE: StaticDuplicateObject took: (0.244781s)
[2018.11.09-18.07.35:894][577]LogAIModule: Creating AISystem for world ThirdPersonExampleMap
[2018.11.09-18.07.35:934][577]LogPlayLevel: PIE: World Init took: (0.043924s)
[2018.11.09-18.07.35:954][577]LogPlayLevel: PIE: Created PIE world by copying editor world from /Game/ThirdPersonBP/Maps/ThirdPersonExampleMap.ThirdPersonExampleMap to /Game/ThirdPersonBP/Maps/UEDPIE_0_ThirdPersonExampleMap.ThirdPersonExampleMap (0.309382s)
[2018.11.09-18.07.36:073][577]LogInit: XAudio2 using 'Speakers / Headphones (Realtek High Definition Audio)' : 2 channels at 48 kHz using 32 bits per sample (channel mask 0x3)
[2018.11.09-18.07.36:163][577]LogInit: FAudioDevice initialized.
[2018.11.09-18.07.36:341][577]LogLoad: Game class is 'ThirdPersonGameMode_C'
[2018.11.09-18.07.36:512][577]LogWorld: Bringing World /Game/ThirdPersonBP/Maps/UEDPIE_0_ThirdPersonExampleMap.ThirdPersonExampleMap up for play (max tick rate 60) at 2018.11.09-11.07.36
[2018.11.09-18.07.36:901][577]LogWorld: Bringing up level for play took: 0.414791
[2018.11.09-18.07.37:286][577]LogContentBrowser: Native class hierarchy updated for 'MovieSceneCapture' in 0.0011 seconds. Added 10 classes and 0 folders.
[2018.11.09-18.07.37:344][577]PIE: Play in editor start time for /Game/ThirdPersonBP/Maps/UEDPIE_0_ThirdPersonExampleMap 1.596
[2018.11.09-18.07.37:346][577]LogBlueprintUserMessages: Late PlayInEditor Detection: Level '/Game/ThirdPersonBP/Maps/ThirdPersonExampleMap.ThirdPersonExampleMap:PersistentLevel' has LevelScriptBlueprint '/Game/ThirdPersonBP/Maps/ThirdPersonExampleMap.ThirdPersonExampleMap:PersistentLevel.ThirdPersonExampleMap' with GeneratedClass '/Game/ThirdPersonBP/Maps/ThirdPersonExampleMap.ThirdPersonExampleMap_C' with ClassGeneratedBy '/Game/ThirdPersonBP/Maps/ThirdPersonExampleMap.ThirdPersonExampleMap:PersistentLevel.ThirdPersonExampleMap'
[2018.11.09-18.08.45:260][896]LogBlueprintUserMessages: Early EndPlayMap Detection: Level '/Game/ThirdPersonBP/Maps/ThirdPersonExampleMap.ThirdPersonExampleMap:PersistentLevel' has LevelScriptBlueprint '/Game/ThirdPersonBP/Maps/ThirdPersonExampleMap.ThirdPersonExampleMap:PersistentLevel.ThirdPersonExampleMap' with GeneratedClass '/Game/ThirdPersonBP/Maps/ThirdPersonExampleMap.ThirdPersonExampleMap_C' with ClassGeneratedBy '/Game/ThirdPersonBP/Maps/ThirdPersonExampleMap.ThirdPersonExampleMap:PersistentLevel.ThirdPersonExampleMap'
[2018.11.09-18.08.45:326][896]LogSlate: Updating window title bar state: overlay mode, drag disabled, window buttons hidden, title bar hidden
[2018.11.09-18.08.45:583][896]LogPlayLevel: Display: Shutting down PIE online subsystems
[2018.11.09-18.08.45:584][896]LogBlueprintUserMessages: Late EndPlayMap Detection: Level '/Game/ThirdPersonBP/Maps/ThirdPersonExampleMap.ThirdPersonExampleMap:PersistentLevel' has LevelScriptBlueprint '/Game/ThirdPersonBP/Maps/ThirdPersonExampleMap.ThirdPersonExampleMap:PersistentLevel.ThirdPersonExampleMap' with GeneratedClass '/Game/ThirdPersonBP/Maps/ThirdPersonExampleMap.ThirdPersonExampleMap_C' with ClassGeneratedBy '/Game/ThirdPersonBP/Maps/ThirdPersonExampleMap.ThirdPersonExampleMap:PersistentLevel.ThirdPersonExampleMap'
[2018.11.09-18.08.45:715][896]LogSlate: Updating window title bar state: overlay mode, drag disabled, window buttons hidden, title bar hidden
[2018.11.09-18.08.45:949][897]LogPlayLevel: Display: Destroying online subsystem :Context_1
[2018.11.09-18.09.06:597][119]LogSlate: FSceneViewport::OnFocusLost() reason 0
[2018.11.09-18.09.12:606][369]LogSlate: Took 0.000597 seconds to synchronously load lazily loaded font '../../../Engine/Content/Slate/Fonts/Roboto-Light.ttf' (167K)
[2018.11.09-18.09.12:664][369]LogAssetEditorManager: Opening Asset editor for Blueprint /Game/ThirdPersonBP/Blueprints/ThirdPersonCharacter.ThirdPersonCharacter
[2018.11.09-18.09.14:387][369]LogContentBrowser: Native class hierarchy updated for 'BlueprintGraph' in 0.0027 seconds. Added 116 classes and 0 folders.
[2018.11.09-18.09.17:799][369]LogSlate: Took 0.017310 seconds to synchronously load lazily loaded font '../../../Engine/Content/Slate/Fonts/Roboto-BoldCondensed.ttf' (158K)
[2018.11.09-18.09.19:240][370]LogSlate: Took 0.025261 seconds to synchronously load lazily loaded font '../../../Engine/Content/Slate/Fonts/Roboto-Italic.ttf' (157K)
[2018.11.09-18.09.42:811][654]LogSlate: Took 0.016873 seconds to synchronously load lazily loaded font '../../../Engine/Content/Slate/Fonts/Roboto-BoldCondensedItalic.ttf' (160K)
[2018.11.09-18.09.54:858][325]BlueprintLog: New page: Compile ThirdPersonCharacter
[2018.11.09-18.10.08:363][  4]BlueprintLog: New page: Compile ThirdPersonCharacter
[2018.11.09-18.10.10:144][ 79]LogSlate: Window 'ThirdPersonCharacter*' being destroyed
[2018.11.09-18.10.10:161][ 79]LogSlate: Window 'ThirdPersonCharacter*' being destroyed
[2018.11.09-18.10.25:689][589]LogAssetEditorManager: Opening Asset editor for WidgetBlueprint /Game/ThirdPersonBP/Blueprints/FPSHUD.FPSHUD
[2018.11.09-18.11.12:269][672]LogSlate: Window 'Color Picker' being destroyed
[2018.11.09-18.11.24:576][274]LogSlate: Window 'Color Picker' being destroyed
[2018.11.09-18.11.36:677][874]LogSlate: Window 'Color Picker' being destroyed
[2018.11.09-18.12.47:346][869]BlueprintLog: New page: Compile FPSHUD
[2018.11.09-18.12.47:398][869]LogBlueprint: Error: [Compiler FPSHUD] The type of  Object  is undetermined.  Connect something to  Cast To ThirdPersonCharacter  to imply a specific type.
[2018.11.09-18.12.47:399][869]LogBlueprint: Error: [Compiler FPSHUD] The current value of the ' Object ' pin is invalid: Unsupported type Object Wildcard on pin Object
[2018.11.09-18.12.47:747][869]LogBlueprint: Warning: [Compiler FPSHUD] [0476.39] Compile of FPSHUD failed. 2 Fatal Issue(s) 0 Warning(s) [in 400 ms] (/Game/ThirdPersonBP/Blueprints/FPSHUD.FPSHUD)
[2018.11.09-18.12.53:257][175]LogSlate: Window 'FPSHUD*' being destroyed
[2018.11.09-18.12.53:266][175]LogSlate: Window 'FPSHUD*' being destroyed
[2018.11.09-18.12.55:134][236]LogAssetEditorManager: Opening Asset editor for Blueprint /Game/ThirdPersonBP/Blueprints/ThirdPersonCharacter.ThirdPersonCharacter
[2018.11.09-18.14.10:085][159]LogSlate: Window 'ThirdPersonCharacter*' being destroyed
[2018.11.09-18.14.10:094][159]LogSlate: Window 'ThirdPersonCharacter*' being destroyed
[2018.11.09-18.14.11:542][216]LogAssetEditorManager: Opening Asset editor for WidgetBlueprint /Game/ThirdPersonBP/Blueprints/FPSHUD.FPSHUD
[2018.11.09-18.15.12:296][979]LogSlate: Window 'FPSHUD*' being destroyed
[2018.11.09-18.15.12:304][979]LogSlate: Window 'FPSHUD*' being destroyed
[2018.11.09-18.15.14:394][ 60]LogAssetEditorManager: Opening Asset editor for Blueprint /Game/ThirdPersonBP/Blueprints/ThirdPersonCharacter.ThirdPersonCharacter
[2018.11.09-18.17.34:175][622]LogSlate: Window 'ThirdPersonCharacter*' being destroyed
[2018.11.09-18.17.34:183][622]LogSlate: Window 'ThirdPersonCharacter*' being destroyed
[2018.11.09-18.17.36:304][722]LogAssetEditorManager: Opening Asset editor for WidgetBlueprint /Game/ThirdPersonBP/Blueprints/FPSHUD.FPSHUD
[2018.11.09-18.19.43:599][952]BlueprintLog: New page: Compile FPSHUD
[2018.11.09-18.19.43:609][952]LogBlueprint: Error: [Compiler FPSHUD] The type of  Object  is undetermined.  Connect something to  Cast To ThirdPersonCharacter  to imply a specific type.
[2018.11.09-18.19.43:609][952]LogBlueprint: Error: [Compiler FPSHUD] The current value of the ' Object ' pin is invalid: Unsupported type Object Wildcard on pin Object
[2018.11.09-18.19.43:793][952]LogBlueprint: Warning: [Compiler FPSHUD] [0892.44] Compile of FPSHUD failed. 2 Fatal Issue(s) 0 Warning(s) [in 193 ms] (/Game/ThirdPersonBP/Blueprints/FPSHUD.FPSHUD)
[2018.11.09-18.19.50:677][364]BlueprintLog: New page: Compile FPSHUD
[2018.11.09-18.19.50:689][364]LogBlueprint: Error: [Compiler FPSHUD] The type of  Object  is undetermined.  Connect something to  Cast To ThirdPersonCharacter  to imply a specific type.
[2018.11.09-18.19.50:689][364]LogBlueprint: Error: [Compiler FPSHUD] The current value of the ' Object ' pin is invalid: Unsupported type Object Wildcard on pin Object
[2018.11.09-18.19.50:849][364]LogBlueprint: Warning: [Compiler FPSHUD] [0899.49] Compile of FPSHUD failed. 2 Fatal Issue(s) 0 Warning(s) [in 171 ms] (/Game/ThirdPersonBP/Blueprints/FPSHUD.FPSHUD)
[2018.11.09-18.21.05:740][542]BlueprintLog: New page: Compile FPSHUD
[2018.11.09-18.21.05:753][542]LogBlueprint: Error: [Compiler FPSHUD] The type of  Object  is undetermined.  Connect something to  Cast To ThirdPersonCharacter  to imply a specific type.
[2018.11.09-18.21.05:753][542]LogBlueprint: Error: [Compiler FPSHUD] The current value of the ' Object ' pin is invalid: Unsupported type Object Wildcard on pin Object
[2018.11.09-18.21.05:923][542]LogBlueprint: Warning: [Compiler FPSHUD] [0974.57] Compile of FPSHUD failed. 2 Fatal Issue(s) 0 Warning(s) [in 182 ms] (/Game/ThirdPersonBP/Blueprints/FPSHUD.FPSHUD)
[2018.11.09-18.22.04:277][983]LogSavePackage: Moving '../../../../../../Users/Code Camp/Desktop/CodeCamp2018/CodeCamp2018/CodeCamp2018/Saved/ThirdPersonExampleMap_Auto1802783EE4B11BDC86B01D8B07F4CF4BF.tmp' to '../../../../../../Users/Code Camp/Desktop/CodeCamp2018/CodeCamp2018/CodeCamp2018/Saved/Autosaves/Game/ThirdPersonBP/Maps/ThirdPersonExampleMap_Auto1.umap'
[2018.11.09-18.22.04:352][983]LogFileHelpers: Editor autosave (incl. sublevels) for '/Game/ThirdPersonBP/Maps/ThirdPersonExampleMap' took 0.751
[2018.11.09-18.22.04:353][983]LogFileHelpers: Editor autosave (incl. sublevels) for all levels took 0.751
[2018.11.09-18.22.04:358][983]OBJ SavePackage: Generating thumbnails for [1] asset(s) in package [/Game/ThirdPersonBP/Blueprints/ThirdPersonCharacter] ([1] browsable assets)...
[2018.11.09-18.22.04:484][983]OBJ SavePackage:     Rendered thumbnail for [Blueprint /Game/ThirdPersonBP/Blueprints/ThirdPersonCharacter.ThirdPersonCharacter]
[2018.11.09-18.22.04:484][983]OBJ SavePackage: Finished generating thumbnails for package [/Game/ThirdPersonBP/Blueprints/ThirdPersonCharacter]
[2018.11.09-18.22.04:612][983]LogSavePackage: Moving '../../../../../../Users/Code Camp/Desktop/CodeCamp2018/CodeCamp2018/CodeCamp2018/Saved/ThirdPersonCharacter_Auto10F60AE1245B9D54B8138918EE0C69D4B.tmp' to '../../../../../../Users/Code Camp/Desktop/CodeCamp2018/CodeCamp2018/CodeCamp2018/Saved/Autosaves/Game/ThirdPersonBP/Blueprints/ThirdPersonCharacter_Auto1.uasset'
[2018.11.09-18.22.04:617][983]OBJ SavePackage: Generating thumbnails for [0] asset(s) in package [/Game/ThirdPersonBP/Blueprints/FPSHUD] ([1] browsable assets)...
[2018.11.09-18.22.04:617][983]OBJ SavePackage: Finished generating thumbnails for package [/Game/ThirdPersonBP/Blueprints/FPSHUD]
[2018.11.09-18.22.04:673][983]LogSavePackage: Moving '../../../../../../Users/Code Camp/Desktop/CodeCamp2018/CodeCamp2018/CodeCamp2018/Saved/FPSHUD_Auto1E753450D438D07452577B2B07D865CEC.tmp' to '../../../../../../Users/Code Camp/Desktop/CodeCamp2018/CodeCamp2018/CodeCamp2018/Saved/Autosaves/Game/ThirdPersonBP/Blueprints/FPSHUD_Auto1.uasset'
[2018.11.09-18.22.04:684][983]LogFileHelpers: Auto-saving content packages took 0.329
[2018.11.09-18.28.13:489][  9]LogEditorTransaction: Undo Move Node
[2018.11.09-18.28.14:751][ 70]LogEditorTransaction: Undo Move Node
[2018.11.09-18.28.15:294][101]LogEditorTransaction: Undo Break Node Links
[2018.11.09-18.28.15:695][123]LogEditorTransaction: Undo Move Node
[2018.11.09-18.28.16:314][156]LogEditorTransaction: Undo Move Node
[2018.11.09-18.28.16:905][190]LogEditorTransaction: Undo Move Node
[2018.11.09-18.28.17:630][232]LogEditorTransaction: Undo Move Node
[2018.11.09-18.28.18:272][269]LogEditorTransaction: Undo Add Node
[2018.11.09-18.28.19:115][318]LogEditorTransaction: Undo Create Pin Link
[2018.11.09-18.28.20:374][392]LogEditorTransaction: Undo Move Node
[2018.11.09-18.28.21:529][459]LogEditorTransaction: Undo Create Pin Link
[2018.11.09-18.28.22:055][490]LogEditorTransaction: Undo Add Node
[2018.11.09-18.28.22:643][524]LogEditorTransaction: Undo Add Node
[2018.11.09-18.28.23:575][579]LogEditorTransaction: Undo Move Node
[2018.11.09-18.28.24:129][611]LogEditorTransaction: Undo Create Binding
[2018.11.09-18.28.27:558][815]LogEditorTransaction: Undo Move Node
[2018.11.09-18.28.29:090][904]LogEditorTransaction: Undo Add Node
[2018.11.09-18.28.29:363][919]LogEditorTransaction: Undo Move Node
[2018.11.09-18.28.29:633][934]LogEditorTransaction: Undo Move Node
[2018.11.09-18.28.29:901][949]LogEditorTransaction: Undo Move Node
[2018.11.09-18.28.30:186][965]LogEditorTransaction: Undo Delete current selection
[2018.11.09-18.28.30:467][980]LogEditorTransaction: Undo Create Pin Link
[2018.11.09-18.28.30:805][999]LogEditorTransaction: Undo Add Node
[2018.11.09-18.28.31:108][ 16]LogEditorTransaction: Undo Move Node
[2018.11.09-18.28.31:428][ 34]LogEditorTransaction: Undo Create Pin Link
[2018.11.09-18.28.31:763][ 54]LogEditorTransaction: Undo Add Node
[2018.11.09-18.28.32:067][ 71]LogEditorTransaction: Undo Move Node
[2018.11.09-18.28.32:371][ 88]LogEditorTransaction: Undo Add Node
[2018.11.09-18.28.32:756][110]LogEditorTransaction: Undo Changed Anchors
[2018.11.09-18.28.34:541][216]LogEditorTransaction: Undo Changed Anchors
[2018.11.09-18.28.35:124][250]LogEditorTransaction: Undo Move Node
[2018.11.09-18.28.36:159][311]LogEditorTransaction: Undo Create Binding
[2018.11.09-18.28.37:591][395]LogEditorTransaction: Undo Change Parameter Type
[2018.11.09-18.28.37:899][413]LogEditorTransaction: Undo Move Node
[2018.11.09-18.28.38:175][428]LogEditorTransaction: Undo Move Node
[2018.11.09-18.28.38:466][444]LogEditorTransaction: Undo Move Node
[2018.11.09-18.28.38:755][460]LogEditorTransaction: Undo Move Node
[2018.11.09-18.28.39:044][476]LogEditorTransaction: Undo Move Node
[2018.11.09-18.28.39:351][493]LogEditorTransaction: Undo Move Node
[2018.11.09-18.28.39:639][509]LogEditorTransaction: Undo Create Pin Link
[2018.11.09-18.28.39:907][524]LogEditorTransaction: Undo Move Node
[2018.11.09-18.28.40:159][538]LogEditorTransaction: Undo Move Node
[2018.11.09-18.28.40:477][556]LogEditorTransaction: Undo Create Pin Link
[2018.11.09-18.28.40:827][577]LogEditorTransaction: Undo Add Node
[2018.11.09-18.28.41:112][593]LogEditorTransaction: Undo Move Node
[2018.11.09-18.28.42:061][649]LogEditorTransaction: Undo Add Node
[2018.11.09-18.28.43:147][713]LogEditorTransaction: Undo Move Node
[2018.11.09-18.31.00:696][475]LogEditorTransaction: Undo Break Pin Link
[2018.11.09-18.31.01:576][524]LogEditorTransaction: Undo Create Pin Link
[2018.11.09-18.31.02:301][566]LogEditorTransaction: Undo Create Pin Link
[2018.11.09-18.31.03:152][617]LogEditorTransaction: Undo Add In Parameter
[2018.11.09-18.31.49:954][420]BlueprintLog: New page: Compile FPSHUD
[2018.11.09-18.32.26:866][616]LogSlate: Window 'FPSHUD*' being destroyed
[2018.11.09-18.32.26:872][616]LogSlate: Window 'FPSHUD*' being destroyed
[2018.11.09-18.32.53:554][201]LogFileHelpers: Editor autosave (incl. sublevels) for '/Game/ThirdPersonBP/Maps/ThirdPersonExampleMap' took 0.036
[2018.11.09-18.32.53:557][201]OBJ SavePackage: Generating thumbnails for [0] asset(s) in package [/Game/ThirdPersonBP/Blueprints/FPSHUD] ([1] browsable assets)...
[2018.11.09-18.32.53:557][201]OBJ SavePackage: Finished generating thumbnails for package [/Game/ThirdPersonBP/Blueprints/FPSHUD]
[2018.11.09-18.32.53:586][201]LogSavePackage: Moving '../../../../../../Users/Code Camp/Desktop/CodeCamp2018/CodeCamp2018/CodeCamp2018/Saved/FPSHUD_Auto2599A5B2246AC89C6821EB98136155483.tmp' to '../../../../../../Users/Code Camp/Desktop/CodeCamp2018/CodeCamp2018/CodeCamp2018/Saved/Autosaves/Game/ThirdPersonBP/Blueprints/FPSHUD_Auto2.uasset'
[2018.11.09-18.32.53:589][201]LogFileHelpers: Auto-saving content packages took 0.034
[2018.11.09-18.33.00:146][444]LogAssetEditorManager: Opening Asset editor for Blueprint /Game/ThirdPersonBP/Blueprints/ThirdPersonCharacter.ThirdPersonCharacter
[2018.11.09-18.33.52:609][410]BlueprintLog: New page: Compile ThirdPersonCharacter
[2018.11.09-18.33.56:720][626]LogSlate: Window 'ThirdPersonCharacter*' being destroyed
[2018.11.09-18.33.56:726][626]LogSlate: Window 'ThirdPersonCharacter*' being destroyed
[2018.11.09-18.33.58:535][729]LogTemp: Repeating last play command: Selected Viewport
[2018.11.09-18.33.58:548][729]LogBlueprintUserMessages: Early PlayInEditor Detection: Level '/Game/ThirdPersonBP/Maps/ThirdPersonExampleMap.ThirdPersonExampleMap:PersistentLevel' has LevelScriptBlueprint '/Game/ThirdPersonBP/Maps/ThirdPersonExampleMap.ThirdPersonExampleMap:PersistentLevel.ThirdPersonExampleMap' with GeneratedClass '/Game/ThirdPersonBP/Maps/ThirdPersonExampleMap.ThirdPersonExampleMap_C' with ClassGeneratedBy '/Game/ThirdPersonBP/Maps/ThirdPersonExampleMap.ThirdPersonExampleMap:PersistentLevel.ThirdPersonExampleMap'
[2018.11.09-18.33.58:548][729]LogPlayLevel: PlayLevel: No blueprints needed recompiling
[2018.11.09-18.33.58:549][729]PIE: New page: PIE session: ThirdPersonExampleMap (Nov 9, 2018, 4:33:58 AM)
[2018.11.09-18.33.58:549][729]LogPlayLevel: Creating play world package: /Game/ThirdPersonBP/Maps/UEDPIE_0_ThirdPersonExampleMap
[2018.11.09-18.33.58:571][729]LogPlayLevel: PIE: StaticDuplicateObject took: (0.022598s)
[2018.11.09-18.33.58:573][729]LogAIModule: Creating AISystem for world ThirdPersonExampleMap
[2018.11.09-18.33.58:573][729]LogPlayLevel: PIE: World Init took: (0.001291s)
[2018.11.09-18.33.58:573][729]LogPlayLevel: PIE: Created PIE world by copying editor world from /Game/ThirdPersonBP/Maps/ThirdPersonExampleMap.ThirdPersonExampleMap to /Game/ThirdPersonBP/Maps/UEDPIE_0_ThirdPersonExampleMap.ThirdPersonExampleMap (0.024111s)
[2018.11.09-18.33.58:678][729]LogInit: XAudio2 using 'Speakers / Headphones (Realtek High Definition Audio)' : 2 channels at 48 kHz using 32 bits per sample (channel mask 0x3)
[2018.11.09-18.33.58:746][729]LogInit: FAudioDevice initialized.
[2018.11.09-18.33.58:794][729]LogLoad: Game class is 'ThirdPersonGameMode_C'
[2018.11.09-18.33.58:799][729]LogWorld: Bringing World /Game/ThirdPersonBP/Maps/UEDPIE_0_ThirdPersonExampleMap.ThirdPersonExampleMap up for play (max tick rate 60) at 2018.11.09-11.33.58
[2018.11.09-18.33.58:800][729]LogWorld: Bringing up level for play took: 0.004556
[2018.11.09-18.33.58:885][729]PIE: Play in editor start time for /Game/ThirdPersonBP/Maps/UEDPIE_0_ThirdPersonExampleMap 1.137
[2018.11.09-18.33.58:886][729]LogBlueprintUserMessages: Late PlayInEditor Detection: Level '/Game/ThirdPersonBP/Maps/ThirdPersonExampleMap.ThirdPersonExampleMap:PersistentLevel' has LevelScriptBlueprint '/Game/ThirdPersonBP/Maps/ThirdPersonExampleMap.ThirdPersonExampleMap:PersistentLevel.ThirdPersonExampleMap' with GeneratedClass '/Game/ThirdPersonBP/Maps/ThirdPersonExampleMap.ThirdPersonExampleMap_C' with ClassGeneratedBy '/Game/ThirdPersonBP/Maps/ThirdPersonExampleMap.ThirdPersonExampleMap:PersistentLevel.ThirdPersonExampleMap'
[2018.11.09-18.34.08:030][185]LogBlueprintUserMessages: Early EndPlayMap Detection: Level '/Game/ThirdPersonBP/Maps/ThirdPersonExampleMap.ThirdPersonExampleMap:PersistentLevel' has LevelScriptBlueprint '/Game/ThirdPersonBP/Maps/ThirdPersonExampleMap.ThirdPersonExampleMap:PersistentLevel.ThirdPersonExampleMap' with GeneratedClass '/Game/ThirdPersonBP/Maps/ThirdPersonExampleMap.ThirdPersonExampleMap_C' with ClassGeneratedBy '/Game/ThirdPersonBP/Maps/ThirdPersonExampleMap.ThirdPersonExampleMap:PersistentLevel.ThirdPersonExampleMap'
[2018.11.09-18.34.08:031][185]LogSlate: Updating window title bar state: overlay mode, drag disabled, window buttons hidden, title bar hidden
[2018.11.09-18.34.08:102][185]LogPlayLevel: Display: Shutting down PIE online subsystems
[2018.11.09-18.34.08:102][185]LogBlueprintUserMessages: Late EndPlayMap Detection: Level '/Game/ThirdPersonBP/Maps/ThirdPersonExampleMap.ThirdPersonExampleMap:PersistentLevel' has LevelScriptBlueprint '/Game/ThirdPersonBP/Maps/ThirdPersonExampleMap.ThirdPersonExampleMap:PersistentLevel.ThirdPersonExampleMap' with GeneratedClass '/Game/ThirdPersonBP/Maps/ThirdPersonExampleMap.ThirdPersonExampleMap_C' with ClassGeneratedBy '/Game/ThirdPersonBP/Maps/ThirdPersonExampleMap.ThirdPersonExampleMap:PersistentLevel.ThirdPersonExampleMap'
[2018.11.09-18.34.08:167][185]LogSlate: Updating window title bar state: overlay mode, drag disabled, window buttons hidden, title bar hidden
[2018.11.09-18.34.08:277][186]LogPlayLevel: Display: Destroying online subsystem :Context_14
[2018.11.09-18.34.09:802][236]LogSlate: FSceneViewport::OnFocusLost() reason 0
[2018.11.09-18.34.09:998][240]LogAssetEditorManager: Opening Asset editor for Blueprint /Game/ThirdPersonBP/Blueprints/ThirdPersonCharacter.ThirdPersonCharacter
[2018.11.09-18.35.55:464][653]LogSlate: Window 'ThirdPersonCharacter*' being destroyed
[2018.11.09-18.35.55:473][653]LogSlate: Window 'ThirdPersonCharacter*' being destroyed
[2018.11.09-18.35.56:565][713]LogTemp: Repeating last play command: Selected Viewport
[2018.11.09-18.35.56:579][713]LogBlueprintUserMessages: Early PlayInEditor Detection: Level '/Game/ThirdPersonBP/Maps/ThirdPersonExampleMap.ThirdPersonExampleMap:PersistentLevel' has LevelScriptBlueprint '/Game/ThirdPersonBP/Maps/ThirdPersonExampleMap.ThirdPersonExampleMap:PersistentLevel.ThirdPersonExampleMap' with GeneratedClass '/Game/ThirdPersonBP/Maps/ThirdPersonExampleMap.ThirdPersonExampleMap_C' with ClassGeneratedBy '/Game/ThirdPersonBP/Maps/ThirdPersonExampleMap.ThirdPersonExampleMap:PersistentLevel.ThirdPersonExampleMap'
[2018.11.09-18.35.56:579][713]LogPlayLevel: PlayLevel: No blueprints needed recompiling
[2018.11.09-18.35.56:580][713]PIE: New page: PIE session: ThirdPersonExampleMap (Nov 9, 2018, 4:35:56 AM)
[2018.11.09-18.35.56:580][713]LogPlayLevel: Creating play world package: /Game/ThirdPersonBP/Maps/UEDPIE_0_ThirdPersonExampleMap
[2018.11.09-18.35.56:601][713]LogPlayLevel: PIE: StaticDuplicateObject took: (0.021599s)
[2018.11.09-18.35.56:603][713]LogAIModule: Creating AISystem for world ThirdPersonExampleMap
[2018.11.09-18.35.56:604][713]LogPlayLevel: PIE: World Init took: (0.002048s)
[2018.11.09-18.35.56:604][713]LogPlayLevel: PIE: Created PIE world by copying editor world from /Game/ThirdPersonBP/Maps/ThirdPersonExampleMap.ThirdPersonExampleMap to /Game/ThirdPersonBP/Maps/UEDPIE_0_ThirdPersonExampleMap.ThirdPersonExampleMap (0.024001s)
[2018.11.09-18.35.56:652][713]LogInit: XAudio2 using 'Speakers / Headphones (Realtek High Definition Audio)' : 2 channels at 48 kHz using 32 bits per sample (channel mask 0x3)
[2018.11.09-18.35.56:684][713]LogInit: FAudioDevice initialized.
[2018.11.09-18.35.56:715][713]LogLoad: Game class is 'ThirdPersonGameMode_C'
[2018.11.09-18.35.56:718][713]LogWorld: Bringing World /Game/ThirdPersonBP/Maps/UEDPIE_0_ThirdPersonExampleMap.ThirdPersonExampleMap up for play (max tick rate 60) at 2018.11.09-11.35.56
[2018.11.09-18.35.56:719][713]LogWorld: Bringing up level for play took: 0.003500
[2018.11.09-18.35.56:733][713]PIE: Play in editor start time for /Game/ThirdPersonBP/Maps/UEDPIE_0_ThirdPersonExampleMap 0.984
[2018.11.09-18.35.56:733][713]LogBlueprintUserMessages: Late PlayInEditor Detection: Level '/Game/ThirdPersonBP/Maps/ThirdPersonExampleMap.ThirdPersonExampleMap:PersistentLevel' has LevelScriptBlueprint '/Game/ThirdPersonBP/Maps/ThirdPersonExampleMap.ThirdPersonExampleMap:PersistentLevel.ThirdPersonExampleMap' with GeneratedClass '/Game/ThirdPersonBP/Maps/ThirdPersonExampleMap.ThirdPersonExampleMap_C' with ClassGeneratedBy '/Game/ThirdPersonBP/Maps/ThirdPersonExampleMap.ThirdPersonExampleMap:PersistentLevel.ThirdPersonExampleMap'
[2018.11.09-18.36.02:797][ 71]LogBlueprintUserMessages: Early EndPlayMap Detection: Level '/Game/ThirdPersonBP/Maps/ThirdPersonExampleMap.ThirdPersonExampleMap:PersistentLevel' has LevelScriptBlueprint '/Game/ThirdPersonBP/Maps/ThirdPersonExampleMap.ThirdPersonExampleMap:PersistentLevel.ThirdPersonExampleMap' with GeneratedClass '/Game/ThirdPersonBP/Maps/ThirdPersonExampleMap.ThirdPersonExampleMap_C' with ClassGeneratedBy '/Game/ThirdPersonBP/Maps/ThirdPersonExampleMap.ThirdPersonExampleMap:PersistentLevel.ThirdPersonExampleMap'
[2018.11.09-18.36.02:798][ 71]LogSlate: Updating window title bar state: overlay mode, drag disabled, window buttons hidden, title bar hidden
[2018.11.09-18.36.02:846][ 71]LogPlayLevel: Display: Shutting down PIE online subsystems
[2018.11.09-18.36.02:847][ 71]LogBlueprintUserMessages: Late EndPlayMap Detection: Level '/Game/ThirdPersonBP/Maps/ThirdPersonExampleMap.ThirdPersonExampleMap:PersistentLevel' has LevelScriptBlueprint '/Game/ThirdPersonBP/Maps/ThirdPersonExampleMap.ThirdPersonExampleMap:PersistentLevel.ThirdPersonExampleMap' with GeneratedClass '/Game/ThirdPersonBP/Maps/ThirdPersonExampleMap.ThirdPersonExampleMap_C' with ClassGeneratedBy '/Game/ThirdPersonBP/Maps/ThirdPersonExampleMap.ThirdPersonExampleMap:PersistentLevel.ThirdPersonExampleMap'
[2018.11.09-18.36.02:882][ 71]LogSlate: Updating window title bar state: overlay mode, drag disabled, window buttons hidden, title bar hidden
[2018.11.09-18.36.02:911][ 72]LogPlayLevel: Display: Destroying online subsystem :Context_16
[2018.11.09-18.36.03:852][112]LogSlate: FSceneViewport::OnFocusLost() reason 0
[2018.11.09-18.36.05:485][164]LogAssetEditorManager: Opening Asset editor for WidgetBlueprint /Game/ThirdPersonBP/Blueprints/FPSHUD.FPSHUD
[2018.11.09-18.36.17:979][735]BlueprintLog: New page: Compile FPSHUD
[2018.11.09-18.36.23:781][ 32]LogSlate: Window 'FPSHUD*' being destroyed
[2018.11.09-18.36.23:792][ 32]LogSlate: Window 'FPSHUD*' being destroyed
[2018.11.09-18.36.26:408][180]LogSlate: FSceneViewport::OnFocusLost() reason 0
[2018.11.09-18.36.26:841][206]LogTemp: Repeating last play command: Selected Viewport
[2018.11.09-18.36.26:854][206]LogBlueprintUserMessages: Early PlayInEditor Detection: Level '/Game/ThirdPersonBP/Maps/ThirdPersonExampleMap.ThirdPersonExampleMap:PersistentLevel' has LevelScriptBlueprint '/Game/ThirdPersonBP/Maps/ThirdPersonExampleMap.ThirdPersonExampleMap:PersistentLevel.ThirdPersonExampleMap' with GeneratedClass '/Game/ThirdPersonBP/Maps/ThirdPersonExampleMap.ThirdPersonExampleMap_C' with ClassGeneratedBy '/Game/ThirdPersonBP/Maps/ThirdPersonExampleMap.ThirdPersonExampleMap:PersistentLevel.ThirdPersonExampleMap'
[2018.11.09-18.36.26:854][206]LogPlayLevel: PlayLevel: No blueprints needed recompiling
[2018.11.09-18.36.26:854][206]PIE: New page: PIE session: ThirdPersonExampleMap (Nov 9, 2018, 4:36:26 AM)
[2018.11.09-18.36.26:854][206]LogPlayLevel: Creating play world package: /Game/ThirdPersonBP/Maps/UEDPIE_0_ThirdPersonExampleMap
[2018.11.09-18.36.26:875][206]LogPlayLevel: PIE: StaticDuplicateObject took: (0.020143s)
[2018.11.09-18.36.26:876][206]LogAIModule: Creating AISystem for world ThirdPersonExampleMap
[2018.11.09-18.36.26:876][206]LogPlayLevel: PIE: World Init took: (0.001712s)
[2018.11.09-18.36.26:877][206]LogPlayLevel: PIE: Created PIE world by copying editor world from /Game/ThirdPersonBP/Maps/ThirdPersonExampleMap.ThirdPersonExampleMap to /Game/ThirdPersonBP/Maps/UEDPIE_0_ThirdPersonExampleMap.ThirdPersonExampleMap (0.022145s)
[2018.11.09-18.36.26:922][206]LogInit: XAudio2 using 'Speakers / Headphones (Realtek High Definition Audio)' : 2 channels at 48 kHz using 32 bits per sample (channel mask 0x3)
[2018.11.09-18.36.26:956][206]LogInit: FAudioDevice initialized.
[2018.11.09-18.36.26:996][206]LogLoad: Game class is 'ThirdPersonGameMode_C'
[2018.11.09-18.36.27:005][206]LogWorld: Bringing World /Game/ThirdPersonBP/Maps/UEDPIE_0_ThirdPersonExampleMap.ThirdPersonExampleMap up for play (max tick rate 60) at 2018.11.09-11.36.27
[2018.11.09-18.36.27:007][206]LogWorld: Bringing up level for play took: 0.009109
[2018.11.09-18.36.27:023][206]PIE: Play in editor start time for /Game/ThirdPersonBP/Maps/UEDPIE_0_ThirdPersonExampleMap -0.726
[2018.11.09-18.36.27:023][206]LogBlueprintUserMessages: Late PlayInEditor Detection: Level '/Game/ThirdPersonBP/Maps/ThirdPersonExampleMap.ThirdPersonExampleMap:PersistentLevel' has LevelScriptBlueprint '/Game/ThirdPersonBP/Maps/ThirdPersonExampleMap.ThirdPersonExampleMap:PersistentLevel.ThirdPersonExampleMap' with GeneratedClass '/Game/ThirdPersonBP/Maps/ThirdPersonExampleMap.ThirdPersonExampleMap_C' with ClassGeneratedBy '/Game/ThirdPersonBP/Maps/ThirdPersonExampleMap.ThirdPersonExampleMap:PersistentLevel.ThirdPersonExampleMap'
[2018.11.09-18.36.36:972][729]LogBlueprintUserMessages: Early EndPlayMap Detection: Level '/Game/ThirdPersonBP/Maps/ThirdPersonExampleMap.ThirdPersonExampleMap:PersistentLevel' has LevelScriptBlueprint '/Game/ThirdPersonBP/Maps/ThirdPersonExampleMap.ThirdPersonExampleMap:PersistentLevel.ThirdPersonExampleMap' with GeneratedClass '/Game/ThirdPersonBP/Maps/ThirdPersonExampleMap.ThirdPersonExampleMap_C' with ClassGeneratedBy '/Game/ThirdPersonBP/Maps/ThirdPersonExampleMap.ThirdPersonExampleMap:PersistentLevel.ThirdPersonExampleMap'
[2018.11.09-18.36.36:972][729]LogSlate: Updating window title bar state: overlay mode, drag disabled, window buttons hidden, title bar hidden
[2018.11.09-18.36.37:036][729]LogPlayLevel: Display: Shutting down PIE online subsystems
[2018.11.09-18.36.37:036][729]LogBlueprintUserMessages: Late EndPlayMap Detection: Level '/Game/ThirdPersonBP/Maps/ThirdPersonExampleMap.ThirdPersonExampleMap:PersistentLevel' has LevelScriptBlueprint '/Game/ThirdPersonBP/Maps/ThirdPersonExampleMap.ThirdPersonExampleMap:PersistentLevel.ThirdPersonExampleMap' with GeneratedClass '/Game/ThirdPersonBP/Maps/ThirdPersonExampleMap.ThirdPersonExampleMap_C' with ClassGeneratedBy '/Game/ThirdPersonBP/Maps/ThirdPersonExampleMap.ThirdPersonExampleMap:PersistentLevel.ThirdPersonExampleMap'
[2018.11.09-18.36.37:084][729]LogSlate: Updating window title bar state: overlay mode, drag disabled, window buttons hidden, title bar hidden
[2018.11.09-18.36.37:127][730]LogPlayLevel: Display: Destroying online subsystem :Context_19
[2018.11.09-18.36.40:295][880]LogSlate: FSceneViewport::OnFocusLost() reason 0
[2018.11.09-18.36.40:446][883]LogAssetEditorManager: Opening Asset editor for WidgetBlueprint /Game/ThirdPersonBP/Blueprints/FPSHUD.FPSHUD
[2018.11.09-18.37.11:359][368]BlueprintLog: New page: Compile FPSHUD
[2018.11.09-18.37.13:779][499]LogSlate: Window 'FPSHUD*' being destroyed
[2018.11.09-18.37.13:787][499]LogSlate: Window 'FPSHUD*' being destroyed
[2018.11.09-18.37.14:711][550]LogTemp: Repeating last play command: Selected Viewport
[2018.11.09-18.37.14:724][550]LogBlueprintUserMessages: Early PlayInEditor Detection: Level '/Game/ThirdPersonBP/Maps/ThirdPersonExampleMap.ThirdPersonExampleMap:PersistentLevel' has LevelScriptBlueprint '/Game/ThirdPersonBP/Maps/ThirdPersonExampleMap.ThirdPersonExampleMap:PersistentLevel.ThirdPersonExampleMap' with GeneratedClass '/Game/ThirdPersonBP/Maps/ThirdPersonExampleMap.ThirdPersonExampleMap_C' with ClassGeneratedBy '/Game/ThirdPersonBP/Maps/ThirdPersonExampleMap.ThirdPersonExampleMap:PersistentLevel.ThirdPersonExampleMap'
[2018.11.09-18.37.14:724][550]LogPlayLevel: PlayLevel: No blueprints needed recompiling
[2018.11.09-18.37.14:724][550]PIE: New page: PIE session: ThirdPersonExampleMap (Nov 9, 2018, 4:37:14 AM)
[2018.11.09-18.37.14:724][550]LogPlayLevel: Creating play world package: /Game/ThirdPersonBP/Maps/UEDPIE_0_ThirdPersonExampleMap
[2018.11.09-18.37.14:747][550]LogPlayLevel: PIE: StaticDuplicateObject took: (0.022302s)
[2018.11.09-18.37.14:748][550]LogAIModule: Creating AISystem for world ThirdPersonExampleMap
[2018.11.09-18.37.14:749][550]LogPlayLevel: PIE: World Init took: (0.001910s)
[2018.11.09-18.37.14:749][550]LogPlayLevel: PIE: Created PIE world by copying editor world from /Game/ThirdPersonBP/Maps/ThirdPersonExampleMap.ThirdPersonExampleMap to /Game/ThirdPersonBP/Maps/UEDPIE_0_ThirdPersonExampleMap.ThirdPersonExampleMap (0.024541s)
[2018.11.09-18.37.14:805][550]LogInit: XAudio2 using 'Speakers / Headphones (Realtek High Definition Audio)' : 2 channels at 48 kHz using 32 bits per sample (channel mask 0x3)
[2018.11.09-18.37.14:837][550]LogInit: FAudioDevice initialized.
[2018.11.09-18.37.14:871][550]LogLoad: Game class is 'ThirdPersonGameMode_C'
[2018.11.09-18.37.14:874][550]LogWorld: Bringing World /Game/ThirdPersonBP/Maps/UEDPIE_0_ThirdPersonExampleMap.ThirdPersonExampleMap up for play (max tick rate 60) at 2018.11.09-11.37.14
[2018.11.09-18.37.14:874][550]LogWorld: Bringing up level for play took: 0.003092
[2018.11.09-18.37.14:887][550]PIE: Play in editor start time for /Game/ThirdPersonBP/Maps/UEDPIE_0_ThirdPersonExampleMap 1.139
[2018.11.09-18.37.14:888][550]LogBlueprintUserMessages: Late PlayInEditor Detection: Level '/Game/ThirdPersonBP/Maps/ThirdPersonExampleMap.ThirdPersonExampleMap:PersistentLevel' has LevelScriptBlueprint '/Game/ThirdPersonBP/Maps/ThirdPersonExampleMap.ThirdPersonExampleMap:PersistentLevel.ThirdPersonExampleMap' with GeneratedClass '/Game/ThirdPersonBP/Maps/ThirdPersonExampleMap.ThirdPersonExampleMap_C' with ClassGeneratedBy '/Game/ThirdPersonBP/Maps/ThirdPersonExampleMap.ThirdPersonExampleMap:PersistentLevel.ThirdPersonExampleMap'
[2018.11.09-18.37.22:797][979]LogBlueprintUserMessages: Early EndPlayMap Detection: Level '/Game/ThirdPersonBP/Maps/ThirdPersonExampleMap.ThirdPersonExampleMap:PersistentLevel' has LevelScriptBlueprint '/Game/ThirdPersonBP/Maps/ThirdPersonExampleMap.ThirdPersonExampleMap:PersistentLevel.ThirdPersonExampleMap' with GeneratedClass '/Game/ThirdPersonBP/Maps/ThirdPersonExampleMap.ThirdPersonExampleMap_C' with ClassGeneratedBy '/Game/ThirdPersonBP/Maps/ThirdPersonExampleMap.ThirdPersonExampleMap:PersistentLevel.ThirdPersonExampleMap'
[2018.11.09-18.37.22:797][979]LogSlate: Updating window title bar state: overlay mode, drag disabled, window buttons hidden, title bar hidden
[2018.11.09-18.37.22:848][979]LogPlayLevel: Display: Shutting down PIE online subsystems
[2018.11.09-18.37.22:848][979]LogBlueprintUserMessages: Late EndPlayMap Detection: Level '/Game/ThirdPersonBP/Maps/ThirdPersonExampleMap.ThirdPersonExampleMap:PersistentLevel' has LevelScriptBlueprint '/Game/ThirdPersonBP/Maps/ThirdPersonExampleMap.ThirdPersonExampleMap:PersistentLevel.ThirdPersonExampleMap' with GeneratedClass '/Game/ThirdPersonBP/Maps/ThirdPersonExampleMap.ThirdPersonExampleMap_C' with ClassGeneratedBy '/Game/ThirdPersonBP/Maps/ThirdPersonExampleMap.ThirdPersonExampleMap:PersistentLevel.ThirdPersonExampleMap'
[2018.11.09-18.37.22:903][979]LogSlate: Updating window title bar state: overlay mode, drag disabled, window buttons hidden, title bar hidden
[2018.11.09-18.37.22:985][980]LogPlayLevel: Display: Destroying online subsystem :Context_22
[2018.11.09-18.37.27:404][166]LogSlate: FSceneViewport::OnFocusLost() reason 0
