Log file open, 11/09/18 10:35:17
LogWindows: Failed to load 'aqProf.dll' (GetLastError=126)
LogWindows: File 'aqProf.dll' does not exist
LogWindows: Failed to load 'VSPerf140.dll' (GetLastError=126)
LogWindows: File 'VSPerf140.dll' does not exist
LogWindows: Failed to load 'VtuneApi.dll' (GetLastError=126)
LogWindows: File 'VtuneApi.dll' does not exist
LogWindows: Failed to load 'VtuneApi32e.dll' (GetLastError=126)
LogWindows: File 'VtuneApi32e.dll' does not exist
LogInit: Display: Running engine for game: CodeCamp2018
LogPlatformFile: Not using cached read wrapper
LogTaskGraph: Started task graph with 5 named threads and 11 total threads with 3 sets of task threads.
LogStats: Stats thread started at 0.224200
LogD3D11RHI: Loaded GFSDK_Aftermath_Lib.x64.dll
LogICUInternationalization: Display: ICU TimeZone Detection - Raw Offset: -7:00, Platform Override: ''
LogPluginManager: Mounting plugin Paper2D
LogPluginManager: Mounting plugin AISupport
LogPluginManager: Mounting plugin LightPropagationVolume
LogPluginManager: Mounting plugin CLionSourceCodeAccess
LogPluginManager: Mounting plugin CodeLiteSourceCodeAccess
LogPluginManager: Mounting plugin GitSourceControl
LogPluginManager: Mounting plugin KDevelopSourceCodeAccess
LogPluginManager: Mounting plugin NullSourceCodeAccess
LogPluginManager: Mounting plugin PerforceSourceControl
LogPluginManager: Mounting plugin SubversionSourceControl
LogPluginManager: Mounting plugin UObjectPlugin
LogPluginManager: Mounting plugin VisualStudioCodeSourceCodeAccess
LogPluginManager: Mounting plugin VisualStudioSourceCodeAccess
LogPluginManager: Mounting plugin XCodeSourceCodeAccess
LogPluginManager: Mounting plugin AssetManagerEditor
LogPluginManager: Mounting plugin CryptoKeys
LogPluginManager: Mounting plugin DataValidation
LogPluginManager: Mounting plugin FacialAnimation
LogPluginManager: Mounting plugin GameplayTagsEditor
LogPluginManager: Mounting plugin MacGraphicsSwitching
LogPluginManager: Mounting plugin MeshEditor
LogPluginManager: Mounting plugin MobileLauncherProfileWizard
LogPluginManager: Mounting plugin PluginBrowser
LogPluginManager: Mounting plugin SpeedTreeImporter
LogPluginManager: Mounting plugin DatasmithContent
LogPluginManager: Mounting plugin AlembicImporter
LogPluginManager: Mounting plugin AppleImageUtils
LogPluginManager: Mounting plugin AppleVision
LogPluginManager: Mounting plugin BackChannel
LogPluginManager: Mounting plugin CharacterAI
LogPluginManager: Mounting plugin GeometryCache
LogPluginManager: Mounting plugin HTML5Networking
LogPluginManager: Mounting plugin ProxyLODPlugin
LogPluginManager: Mounting plugin MagicLeap
LogPluginManager: Mounting plugin MagicLeapEmulator
LogPluginManager: Mounting plugin MagicLeapMedia
LogPluginManager: Mounting plugin AndroidMedia
LogPluginManager: Mounting plugin AvfMedia
LogPluginManager: Mounting plugin ImgMedia
LogPluginManager: Mounting plugin LinearTimecode
LogPluginManager: Mounting plugin MediaCompositing
LogPluginManager: Mounting plugin MediaPlayerEditor
LogPluginManager: Mounting plugin WmfMedia
LogPluginManager: Mounting plugin TcpMessaging
LogPluginManager: Mounting plugin UdpMessaging
LogPluginManager: Mounting plugin ActorSequence
LogPluginManager: Mounting plugin LevelSequenceEditor
LogPluginManager: Mounting plugin MatineeToLevelSequence
LogPluginManager: Mounting plugin NetcodeUnitTest
LogPluginManager: Mounting plugin NUTUnrealEngine4
LogPluginManager: Mounting plugin OnlineSubsystemGooglePlay
LogPluginManager: Mounting plugin OnlineSubsystemIOS
LogPluginManager: Mounting plugin OnlineSubsystem
LogPluginManager: Mounting plugin OnlineSubsystemNull
LogPluginManager: Mounting plugin OnlineSubsystemUtils
LogPluginManager: Mounting plugin LauncherChunkInstaller
LogPluginManager: Mounting plugin AndroidDeviceProfileSelector
LogPluginManager: Mounting plugin AndroidMoviePlayer
LogPluginManager: Mounting plugin AndroidPermission
LogPluginManager: Mounting plugin AppleMoviePlayer
LogPluginManager: Mounting plugin ArchVisCharacter
LogPluginManager: Mounting plugin AudioCapture
LogPluginManager: Mounting plugin CableComponent
LogPluginManager: Mounting plugin CustomMeshComponent
LogPluginManager: Mounting plugin EditableMesh
LogPluginManager: Mounting plugin ExampleDeviceProfileSelector
LogPluginManager: Mounting plugin GoogleCloudMessaging
LogPluginManager: Mounting plugin ImmediatePhysics
LogPluginManager: Mounting plugin IOSDeviceProfileSelector
LogPluginManager: Mounting plugin LinuxDeviceProfileSelector
LogPluginManager: Mounting plugin LocationServicesBPLibrary
LogPluginManager: Mounting plugin MobilePatchingUtils
LogPluginManager: Mounting plugin OculusVR
LogPluginManager: Plugin shader directory ../../../Engine/Plugins/Runtime/Oculus/OculusVR/Shaders found
LogPluginManager: Mapping shader source directory ../../../Engine/Plugins/Runtime/Oculus/OculusVR/Shaders to virtual directory /Plugin/OculusVR
LogPluginManager: Mounting plugin PhysXVehicles
LogPluginManager: Mounting plugin ProceduralMeshComponent
LogPluginManager: Mounting plugin RuntimePhysXCooking
LogPluginManager: Mounting plugin SteamVR
LogPluginManager: Mounting plugin WindowsMoviePlayer
LogStreaming: Display: Took  0.358s to configure plugins.
LogInit: Using libcurl 7.55.1-DEV
LogInit:  - built for x86_64-pc-win32
LogInit:  - supports SSL with OpenSSL/1.0.2h
LogInit:  - supports HTTP deflate (compression) using libz 1.2.8
LogInit:  - other features:
LogInit:      CURL_VERSION_SSL
LogInit:      CURL_VERSION_LIBZ
LogInit:      CURL_VERSION_IPV6
LogInit:      CURL_VERSION_ASYNCHDNS
LogInit:      CURL_VERSION_LARGEFILE
LogInit:      CURL_VERSION_IDN
LogInit:  CurlRequestOptions (configurable via config and command line):
LogInit:  - bVerifyPeer = false  - Libcurl will NOT verify peer certificate
LogInit:  - bUseHttpProxy = false  - Libcurl will NOT use HTTP proxy
LogInit:  - bDontReuseConnections = false  - Libcurl will reuse connections
LogInit:  - CertBundlePath = nullptr  - Libcurl will use whatever was configured at build time.
LogInit:  - MaxHostConnections = 16  - Libcurl will limit the number of connections to a host
LogInit:  - LocalHostAddr = Default
LogInit:  - BufferSize = 65536
LogInit: WinSock: version 1.1 (2.2), MaxSocks=32767, MaxUdp=65467
LogInit: Build: ++UE4+Release-4.20-CL-4369336
LogInit: Engine Version: 4.20.3-4369336+++UE4+Release-4.20
LogInit: Compatible Engine Version: 4.20.0-4212847+++UE4+Release-4.20
LogInit: Net CL: 4212847
LogInit: OS: Windows 10 (), CPU: Intel(R) Core(TM) i5-4210U CPU @ 1.70GHz, GPU: Intel(R) HD Graphics Family
LogInit: Compiled (64-bit): Sep 17 2018 12:26:19
LogInit: Compiled with Visual C++: 19.13.26129.00
LogInit: Build Configuration: Development
LogInit: Branch Name: ++UE4+Release-4.20
LogInit: Command Line: 
LogInit: Base Directory: C:/Program Files/Epic Games/UE_4.20/Engine/Binaries/Win64/
LogInit: Installed Engine Build: 1
LogDevObjectVersion: Number of dev versions registered: 20
LogDevObjectVersion:   Dev-Blueprints (B0D832E4-1F89-4F0D-ACCF-7EB736FD4AA2): 10
LogDevObjectVersion:   Dev-Build (E1C64328-A22C-4D53-A36C-8E866417BD8C): 0
LogDevObjectVersion:   Dev-Core (375EC13C-06E4-48FB-B500-84F0262A717E): 2
LogDevObjectVersion:   Dev-Editor (E4B068ED-F494-42E9-A231-DA0B2E46BB41): 24
LogDevObjectVersion:   Dev-Framework (CFFC743F-43B0-4480-9391-14DF171D2073): 34
LogDevObjectVersion:   Dev-Mobile (B02B49B5-BB20-44E9-A304-32B752E40360): 2
LogDevObjectVersion:   Dev-Networking (A4E4105C-59A1-49B5-A7C5-40C4547EDFEE): 0
LogDevObjectVersion:   Dev-Online (39C831C9-5AE6-47DC-9A44-9C173E1C8E7C): 0
LogDevObjectVersion:   Dev-Physics (78F01B33-EBEA-4F98-B9B4-84EACCB95AA2): 0
LogDevObjectVersion:   Dev-Platform (6631380F-2D4D-43E0-8009-CF276956A95A): 0
LogDevObjectVersion:   Dev-Rendering (12F88B9F-8875-4AFC-A67C-D90C383ABD29): 26
LogDevObjectVersion:   Dev-Sequencer (7B5AE74C-D270-4C10-A958-57980B212A5A): 9
LogDevObjectVersion:   Dev-VR (D7296918-1DD6-4BDD-9DE2-64A83CC13884): 2
LogDevObjectVersion:   Dev-LoadTimes (C2A15278-BFE7-4AFE-6C17-90FF531DF755): 1
LogDevObjectVersion:   Private-Geometry (6EACA3D4-40EC-4CC1-B786-8BED09428FC5): 3
LogDevObjectVersion:   Dev-AnimPhys (29E575DD-E0A3-4627-9D10-D276232CDCEA): 17
LogDevObjectVersion:   Dev-ReflectionCapture (6B266CEC-1EC7-4B8F-A30B-E4D90942FC07): 1
LogDevObjectVersion:   Dev-Automation (0DF73D61-A23F-47EA-B727-89E90C41499A): 1
LogDevObjectVersion:   FortniteMain (601D1886-AC64-4F84-AA16-D3DE0DEAC7D6): 12
LogDevObjectVersion:   Dev-Enterprise (9DFFBCD6-494F-0158-E221-12823C92A888): 1
LogStreaming: Display: Took  0.004s to delete old logs.
LogInit: Presizing for max 8388607 objects, including 0 objects not considered by GC, pre-allocating 0 bytes for permanent pool.
LogInit: Object subsystem initialized
[2018.11.09-17.35.18:518][  0]LogInit: Selected Device Profile: [Windows]
[2018.11.09-17.35.18:518][  0]LogInit: Applying CVar settings loaded from the selected device profile: [Windows]
[2018.11.09-17.35.18:539][  0]LogHAL: Display: Platform has ~ 12 GB [12811657216 / 17179869184 / 12], which maps to Larger [LargestMinGB=32, LargerMinGB=12, DefaultMinGB=8, SmallerMinGB=6, SmallestMinGB=0)
[2018.11.09-17.35.18:539][  0]LogInit: Setting Device Profile CVar: [[r.Vulkan.UseRealUBs:1]]
[2018.11.09-17.35.18:539][  0]LogInit: Going up to parent DeviceProfile []
[2018.11.09-17.35.18:540][  0]LogInit: Computer: GRMPSPC
[2018.11.09-17.35.18:540][  0]LogInit: User: hanspnd
[2018.11.09-17.35.18:540][  0]LogInit: CPU Page size=4096, Cores=2
[2018.11.09-17.35.18:540][  0]LogInit: High frequency timer resolution =2.338339 MHz
[2018.11.09-17.35.18:540][  0]LogMemory: Memory total: Physical=11.9GB (12GB approx)
[2018.11.09-17.35.18:540][  0]LogMemory: Platform Memory Stats for Windows
[2018.11.09-17.35.18:540][  0]LogMemory: Process Physical Memory: 100.20 MB used, 100.20 MB peak
[2018.11.09-17.35.18:540][  0]LogMemory: Process Virtual Memory: 84.22 MB used, 84.22 MB peak
[2018.11.09-17.35.18:540][  0]LogMemory: Physical Memory: 4368.53 MB used,  7849.62 MB free, 12218.15 MB total
[2018.11.09-17.35.18:540][  0]LogMemory: Virtual Memory: 4621.17 MB used,  7849.62 MB free, 134217728.00 MB total
[2018.11.09-17.35.18:579][  0]LogInit: Using OS detected language (en-US).
[2018.11.09-17.35.18:579][  0]LogInit: Using OS detected locale (en-US).
[2018.11.09-17.35.18:581][  0]LogTextLocalizationManager: No specific localization for 'en-US' exists, so the 'en' localization will be used.
[2018.11.09-17.35.19:248][  0]LogStreaming: Display: Took  0.669s to InitEngineTextLocalization.
[2018.11.09-17.35.19:249][  0]LogInit: Setting process to per monitor DPI aware
[2018.11.09-17.35.19:302][  0]LogSlate: New Slate User Created.  User Index 0, Is Virtual User: 0
[2018.11.09-17.35.19:302][  0]LogSlate: Slate User Registered.  User Index 0, Is Virtual User: 0
[2018.11.09-17.35.19:911][  0]LogHMD: Failed to initialize OpenVR with code 110
[2018.11.09-17.35.19:911][  0]LogD3D11RHI: D3D11 adapters:
[2018.11.09-17.35.19:923][  0]LogD3D11RHI:    0. 'Intel(R) HD Graphics Family' (Feature Level 11_0)
[2018.11.09-17.35.19:923][  0]LogD3D11RHI:       112/0/2048 MB DedicatedVideo/DedicatedSystem/SharedSystem, Outputs:1, VendorId:0x8086
[2018.11.09-17.35.19:927][  0]LogD3D11RHI:    1. 'Microsoft Basic Render Driver' (Feature Level 11_0)
[2018.11.09-17.35.19:927][  0]LogD3D11RHI:       0/0/6109 MB DedicatedVideo/DedicatedSystem/SharedSystem, Outputs:0, VendorId:0x1414
[2018.11.09-17.35.19:927][  0]LogD3D11RHI: Chosen D3D11 Adapter: 0
[2018.11.09-17.35.19:938][  0]LogD3D11RHI: Creating new Direct3DDevice
[2018.11.09-17.35.19:938][  0]LogD3D11RHI:     GPU DeviceId: 0xa16 (for the marketing name, search the web for "GPU Device Id")
[2018.11.09-17.35.19:938][  0]LogWindows: EnumDisplayDevices:
[2018.11.09-17.35.19:939][  0]LogWindows:    0. 'Intel(R) HD Graphics Family' (P:1 D:1)
[2018.11.09-17.35.19:940][  0]LogWindows:    1. 'Intel(R) HD Graphics Family' (P:0 D:0)
[2018.11.09-17.35.19:940][  0]LogWindows:    2. 'Intel(R) HD Graphics Family' (P:0 D:0)
[2018.11.09-17.35.19:941][  0]LogWindows: DebugString: FoundDriverCount:3 
[2018.11.09-17.35.19:941][  0]LogD3D11RHI:     Adapter Name: Intel(R) HD Graphics Family
[2018.11.09-17.35.19:941][  0]LogD3D11RHI:   Driver Version: 10.18.15.4279 (internal:10.18.15.4279, unified:10.18.15.4279)
[2018.11.09-17.35.19:941][  0]LogD3D11RHI:      Driver Date: 8-24-2015
[2018.11.09-17.35.19:941][  0]LogRHI: Texture pool is 795 MB (70% of 1136 MB)
[2018.11.09-17.35.19:950][  0]LogD3D11RHI: Async texture creation enabled
[2018.11.09-17.35.19:958][  0]LogD3D11RHI: GPU Timing Frequency: 12.500000 (Debug: 2 0)
[2018.11.09-17.35.19:959][  0]LogShaderCompilers: Guid format shader working directory is -17 characters bigger than the processId version (../../../../../../Users/hanspnd/Desktop/CodeCamp2018/CodeCamp2018/Intermediate/Shaders/WorkingDirectory/9180/).
[2018.11.09-17.35.19:959][  0]LogShaderCompilers: Cleaned the shader compiler working directory 'C:/Users/hanspnd/AppData/Local/Temp/UnrealShaderWorkingDir/C70801104022DFC1CAB531BC994B1AF7/'.
[2018.11.09-17.35.20:596][  0]LogTemp: Display: Loaded TP AllDesktopTargetPlatform
[2018.11.09-17.35.20:619][  0]LogTemp: Display: Loaded TP MacClientTargetPlatform
[2018.11.09-17.35.20:644][  0]LogTemp: Display: Loaded TP MacNoEditorTargetPlatform
[2018.11.09-17.35.20:669][  0]LogTemp: Display: Loaded TP MacServerTargetPlatform
[2018.11.09-17.35.20:696][  0]LogTemp: Display: Loaded TP MacTargetPlatform
[2018.11.09-17.35.20:720][  0]LogTemp: Display: Loaded TP WindowsClientTargetPlatform
[2018.11.09-17.35.20:743][  0]LogTemp: Display: Loaded TP WindowsNoEditorTargetPlatform
[2018.11.09-17.35.20:766][  0]LogTemp: Display: Loaded TP WindowsServerTargetPlatform
[2018.11.09-17.35.20:779][  0]LogTemp: Display: Loaded TP WindowsTargetPlatform
[2018.11.09-17.35.20:908][  0]LogTemp: Display: Loaded TP AndroidTargetPlatform
[2018.11.09-17.35.20:908][  0]LogTemp: Display: Loaded TP AndroidTargetPlatform
[2018.11.09-17.35.20:908][  0]LogTemp: Display: Loaded TP AndroidTargetPlatform
[2018.11.09-17.35.20:908][  0]LogTemp: Display: Loaded TP AndroidTargetPlatform
[2018.11.09-17.35.20:908][  0]LogTemp: Display: Loaded TP AndroidTargetPlatform
[2018.11.09-17.35.20:908][  0]LogTemp: Display: Loaded TP AndroidTargetPlatform
[2018.11.09-17.35.20:908][  0]LogTemp: Display: Loaded TP AndroidTargetPlatform
[2018.11.09-17.35.20:908][  0]LogTemp: Display: Loaded TP AndroidTargetPlatform
[2018.11.09-17.35.20:908][  0]LogTemp: Display: Loaded TP AndroidTargetPlatform
[2018.11.09-17.35.20:908][  0]LogTemp: Display: Loaded TP AndroidTargetPlatform
[2018.11.09-17.35.20:908][  0]LogTemp: Display: Loaded TP AndroidTargetPlatform
[2018.11.09-17.35.20:908][  0]LogTemp: Display: Loaded TP AndroidTargetPlatform
[2018.11.09-17.35.20:908][  0]LogTemp: Display: Loaded TP AndroidTargetPlatform
[2018.11.09-17.35.20:908][  0]LogTemp: Display: Loaded TP AndroidTargetPlatform
[2018.11.09-17.35.20:908][  0]LogTemp: Display: Loaded TP AndroidTargetPlatform
[2018.11.09-17.35.20:908][  0]LogTemp: Display: Loaded TP AndroidTargetPlatform
[2018.11.09-17.35.20:908][  0]LogTemp: Display: Loaded TP AndroidTargetPlatform
[2018.11.09-17.35.20:908][  0]LogTemp: Display: Loaded TP AndroidTargetPlatform
[2018.11.09-17.35.20:912][  0]LogTemp: Display: Loaded TP HTML5TargetPlatform
[2018.11.09-17.35.20:988][  0]LogTemp: Display: Loaded TP IOSTargetPlatform
[2018.11.09-17.35.20:988][  0]LogTemp: Display: Loaded TP IOSTargetPlatform
[2018.11.09-17.35.21:024][  0]LogTemp: Display: Loaded TP TVOSTargetPlatform
[2018.11.09-17.35.21:024][  0]LogTemp: Display: Loaded TP TVOSTargetPlatform
[2018.11.09-17.35.21:043][  0]LogTemp: Display: Loaded TP LinuxClientTargetPlatform
[2018.11.09-17.35.21:063][  0]LogTemp: Display: Loaded TP LinuxNoEditorTargetPlatform
[2018.11.09-17.35.21:081][  0]LogTemp: Display: Loaded TP LinuxServerTargetPlatform
[2018.11.09-17.35.21:103][  0]LogTemp: Display: Loaded TP LinuxTargetPlatform
[2018.11.09-17.35.21:118][  0]LogTemp: Display: Loaded TP LuminTargetPlatform
[2018.11.09-17.35.21:118][  0]LogTargetPlatformManager: Display: Building Assets For Windows
[2018.11.09-17.35.21:252][  0]LogXGEController: Cleaning working directory: C:/Users/hanspnd/AppData/Local/Temp/UnrealXGEWorkingDir/
[2018.11.09-17.35.21:252][  0]LogXGEController: Cannot use XGE Controller as Incredibuild is not installed on this machine.
[2018.11.09-17.35.21:252][  0]LogShaderCompilers: Cannot use XGE Shader Compiler as Incredibuild is not installed on this machine.
[2018.11.09-17.35.21:252][  0]LogShaderCompilers: Display: Using Local Shader Compiler.
[2018.11.09-17.35.22:668][  0]LogDerivedDataCache: Display: Max Cache Size: 512 MB
[2018.11.09-17.35.22:804][  0]LogDerivedDataCache: Loaded boot cache 0.14s 71MB C:/Users/hanspnd/AppData/Local/UnrealEngine/4.20/DerivedDataCache/Boot.ddc.
[2018.11.09-17.35.22:805][  0]LogDerivedDataCache: Display: Loaded Boot cache: C:/Users/hanspnd/AppData/Local/UnrealEngine/4.20/DerivedDataCache/Boot.ddc
[2018.11.09-17.35.22:806][  0]LogDerivedDataCache: FDerivedDataBackendGraph:  Pak pak cache file ../../../../../../Users/hanspnd/Desktop/CodeCamp2018/CodeCamp2018/DerivedDataCache/DDC.ddp not found, will not use a pak cache.
[2018.11.09-17.35.22:806][  0]LogDerivedDataCache: Unable to find inner node Pak for hierarchical cache Hierarchy.
[2018.11.09-17.35.22:806][  0]LogDerivedDataCache: FDerivedDataBackendGraph:  CompressedPak pak cache file ../../../../../../Users/hanspnd/Desktop/CodeCamp2018/CodeCamp2018/DerivedDataCache/Compressed.ddp not found, will not use a pak cache.
[2018.11.09-17.35.22:806][  0]LogDerivedDataCache: Unable to find inner node CompressedPak for hierarchical cache Hierarchy.
[2018.11.09-17.35.22:825][  0]LogDerivedDataCache: Display: Pak cache opened for reading ../../../Engine/DerivedDataCache/Compressed.ddp.
[2018.11.09-17.35.22:840][  0]LogDerivedDataCache: Using Local data cache path C:/Users/hanspnd/AppData/Local/UnrealEngine/Common/DerivedDataCache: Writable
[2018.11.09-17.35.22:840][  0]LogDerivedDataCache: Shared data cache path not found in *engine.ini, will not use an Shared cache.
[2018.11.09-17.35.22:840][  0]LogDerivedDataCache: Unable to find inner node Shared for hierarchical cache Hierarchy.
[2018.11.09-17.35.22:867][  0]LogMaterial: Verifying Global Shaders for PCD3D_SM5
[2018.11.09-17.35.22:869][  0]LogSlate: Using FreeType 2.6.0
[2018.11.09-17.35.22:870][  0]LogSlate: SlateFontServices - WITH_FREETYPE: 1, WITH_HARFBUZZ: 1
[2018.11.09-17.35.22:991][  0]LogAssetRegistry: FAssetRegistry took 0.0286 seconds to start up
[2018.11.09-17.35.23:554][  0]LogInit: Selected Device Profile: [Windows]
[2018.11.09-17.35.23:781][  0]LogSimplygon: Simplygon DLL not present - disabling.
[2018.11.09-17.35.23:791][  0]LogMeshReduction: Using SimplygonSwarm for distributed automatic mesh merging
[2018.11.09-17.35.23:791][  0]LogMeshReduction: Using ProxyLODMeshReduction for automatic mesh merging
[2018.11.09-17.35.23:791][  0]LogMeshReduction: Using QuadricMeshReduction for automatic static mesh reduction
[2018.11.09-17.35.23:791][  0]LogMeshReduction: No automatic skeletal mesh reduction module available
[2018.11.09-17.35.23:822][  0]LogNetVersion: CodeCamp2018 1.0.0, NetCL: 4212847, EngineNetVer: 5, GameNetVer: 0 (Checksum: 2502960016)
[2018.11.09-17.35.24:841][  0]LogPackageLocalizationCache: Processed 11 localized package path(s) for 2 prioritized culture(s) in 0.266800 seconds
[2018.11.09-17.35.24:852][  0]LogUObjectArray: 38425 objects as part of root set at end of initial load.
[2018.11.09-17.35.24:852][  0]LogUObjectAllocator: 6690872 out of 0 bytes used by permanent object pool.
[2018.11.09-17.35.24:852][  0]LogUObjectArray: CloseDisregardForGC: 0/0 objects in disregard for GC pool
[2018.11.09-17.35.26:295][  0]LogTcpMessaging: Initializing TcpMessaging bridge
[2018.11.09-17.35.26:310][  0]LogUdpMessaging: Initializing bridge on interface 0.0.0.0:0 to multicast group 230.0.0.1:6666.
[2018.11.09-17.35.26:516][  0]SourceControl: Source control is disabled
[2018.11.09-17.35.26:516][  0]SourceControl: Source control is disabled
[2018.11.09-17.35.26:519][  0]SourceControl: Source control is disabled
[2018.11.09-17.35.26:521][  0]SourceControl: Source control is disabled
[2018.11.09-17.35.26:762][  0]LogAndroidPermission: UAndroidPermissionCallbackProxy::GetInstance
[2018.11.09-17.35.26:883][  0]LogOcInput: OculusInput pre-init called
[2018.11.09-17.35.26:976][  0]LogEngine: Initializing Engine...
[2018.11.09-17.35.26:977][  0]LogHMD: Failed to initialize OpenVR with code 110
[2018.11.09-17.35.26:979][  0]LogStats: UGameplayTagsManager::ConstructGameplayTagTree: ImportINI prefixes -  0.000 s
[2018.11.09-17.35.26:979][  0]LogStats: UGameplayTagsManager::ConstructGameplayTagTree: Construct from data asset -  0.000 s
[2018.11.09-17.35.26:979][  0]LogStats: UGameplayTagsManager::ConstructGameplayTagTree: ImportINI -  0.000 s
[2018.11.09-17.35.26:979][  0]LogStats: UGameplayTagsManager::ConstructGameplayTagTree: GameplayTagTreeChangedEvent.Broadcast -  0.000 s
[2018.11.09-17.35.27:327][  0]LogInit: Initializing FReadOnlyCVARCache
[2018.11.09-17.35.27:373][  0]LogAIModule: Creating AISystem for world Untitled
[2018.11.09-17.35.27:400][  0]LogInit: XAudio2 using 'Speakers (2- Logitech G430 Gaming Headset)' : 2 channels at 48 kHz using 16 bits per sample (channel mask 0x3)
[2018.11.09-17.35.27:437][  0]LogInit: FAudioDevice initialized.
[2018.11.09-17.35.27:438][  0]LogNetVersion: Set ProjectVersion to 1.0.0.0. Version Checksum will be recalculated on next use.
[2018.11.09-17.35.27:728][  0]LogDerivedDataCache: Saved boot cache 0.29s 71MB C:/Users/hanspnd/AppData/Local/UnrealEngine/4.20/DerivedDataCache/Boot.ddc.
[2018.11.09-17.35.27:760][  0]LogInit: Texture streaming: Enabled
[2018.11.09-17.35.27:797][  0]LogEngineSessionManager: EngineSessionManager initialized
[2018.11.09-17.35.27:797][  0]LogEngineSessionManager: EngineSessionManager sent abnormal shutdown report. Type=AbnormalShutdown, SessionId={6A0C2739-481D-1929-1D65-6DA4FC810EBE}
[2018.11.09-17.35.27:824][  0]LogInit: Transaction tracking system initialized
[2018.11.09-17.35.27:874][  0]BlueprintLog: New page: Editor Load
[2018.11.09-17.35.28:037][  0]LocalizationService: Localization service is disabled
[2018.11.09-17.35.28:518][  0]LogCook: Display: Max memory allowance for cook 16384mb min free memory 0mb
[2018.11.09-17.35.28:519][  0]LogCook: Display: Mobile HDR setting 1
[2018.11.09-17.35.28:519][  0]LogGameplayTags: Display: UGameplayTagsManager::DoneAddingNativeTags. DelegateIsBound: 0
[2018.11.09-17.35.28:519][  0]LogStats: UGameplayTagsManager::ConstructGameplayTagTree: ImportINI prefixes -  0.000 s
[2018.11.09-17.35.28:519][  0]LogStats: UGameplayTagsManager::ConstructGameplayTagTree: Construct from data asset -  0.000 s
[2018.11.09-17.35.28:519][  0]LogStats: UGameplayTagsManager::ConstructGameplayTagTree: ImportINI -  0.000 s
[2018.11.09-17.35.28:519][  0]LogStats: UGameplayTagsManager::ConstructGameplayTagTree: GameplayTagTreeChangedEvent.Broadcast -  0.000 s
[2018.11.09-17.35.28:779][  0]LogFileCache: Scanning file cache for directory 'C:/Users/hanspnd/Desktop/CodeCamp2018/CodeCamp2018/Content/' took 0.03s
[2018.11.09-17.35.28:779][  0]SourceControl: Source control is disabled
[2018.11.09-17.35.28:780][  0]Cmd: MAP LOAD FILE="../../../../../../Users/hanspnd/Desktop/CodeCamp2018/CodeCamp2018/Content/ThirdPersonBP/Maps/ThirdPersonExampleMap.umap" TEMPLATE=0 SHOWPROGRESS=1 FEATURELEVEL=3
[2018.11.09-17.35.28:781][  0]LightingResults: New page: Lighting Build
[2018.11.09-17.35.28:788][  0]MapCheck: New page: Map Check
[2018.11.09-17.35.28:788][  0]LightingResults: New page: Lighting Build
[2018.11.09-17.35.29:612][  0]LogAIModule: Creating AISystem for world ThirdPersonExampleMap
[2018.11.09-17.35.29:633][  0]LogEditorServer: Finished looking for orphan Actors (0.000 secs)
[2018.11.09-17.35.29:701][  0]Cmd: MAP CHECKDEP NOCLEARLOG
[2018.11.09-17.35.29:934][  0]MapCheck: Map check complete: 0 Error(s), 0 Warning(s), took 232.22ms to complete.
[2018.11.09-17.35.29:934][  0]LogFileHelpers: Loading map 'ThirdPersonExampleMap' took 1.154
[2018.11.09-17.35.30:081][  0]LogSlate: Updating window title bar state: overlay mode, drag disabled, window buttons hidden, title bar hidden
[2018.11.09-17.35.30:093][  0]LogSlate: Updating window title bar state: overlay mode, drag disabled, window buttons hidden, title bar hidden
[2018.11.09-17.35.30:105][  0]LogSlate: Updating window title bar state: overlay mode, drag disabled, window buttons hidden, title bar hidden
[2018.11.09-17.35.30:121][  0]LogSlate: Updating window title bar state: overlay mode, drag disabled, window buttons hidden, title bar hidden
[2018.11.09-17.35.30:135][  0]LogCollectionManager: Loaded 0 collections in 0.004058 seconds
[2018.11.09-17.35.30:187][  0]LogFileCache: Scanning file cache for directory 'C:/Users/hanspnd/Desktop/CodeCamp2018/CodeCamp2018/Saved/Collections/' took 0.01s
[2018.11.09-17.35.30:187][  0]LogFileCache: Scanning file cache for directory 'C:/Users/hanspnd/Desktop/CodeCamp2018/CodeCamp2018/Content/Developers/hanspnd/Collections/' took 0.01s
[2018.11.09-17.35.30:188][  0]LogFileCache: Scanning file cache for directory 'C:/Users/hanspnd/Desktop/CodeCamp2018/CodeCamp2018/Content/Collections/' took 0.01s
[2018.11.09-17.35.30:188][  0]LogCollectionManager: Rebuilt the GUID cache for 0 collections in 0.000000 seconds
[2018.11.09-17.35.30:206][  0]LogContentBrowser: Native class hierarchy populated in 0.0183 seconds. Added 2572 classes and 603 folders.
[2018.11.09-17.35.30:221][  0]LogContentBrowser: Native class hierarchy updated for 'WidgetCarousel' in 0.0004 seconds. Added 0 classes and 0 folders.
[2018.11.09-17.35.30:334][  0]LogContentBrowser: Native class hierarchy updated for 'AddContentDialog' in 0.0004 seconds. Added 0 classes and 0 folders.
[2018.11.09-17.35.30:343][  0]LogContentBrowser: Native class hierarchy updated for 'SceneOutliner' in 0.0004 seconds. Added 1 classes and 2 folders.
[2018.11.09-17.35.30:368][  0]LogSlate: Took 0.000488 seconds to synchronously load lazily loaded font '../../../Engine/Content/Slate/Fonts/Roboto-Regular.ttf' (155K)
[2018.11.09-17.35.30:374][  0]LogSlate: Took 0.000603 seconds to synchronously load lazily loaded font '../../../Engine/Content/Slate/Fonts/Roboto-Bold.ttf' (160K)
[2018.11.09-17.35.30:388][  0]LogSlate: Took 0.000583 seconds to synchronously load lazily loaded font '../../../Engine/Content/Editor/Slate/Fonts/FontAwesome.ttf' (139K)
[2018.11.09-17.35.30:536][  0]LogRenderer: Reallocating scene render targets to support 792x372 Format 10 NumSamples 1 (Frame:1).
[2018.11.09-17.35.31:268][  0]LogContentBrowser: Native class hierarchy updated for 'HierarchicalLODOutliner' in 0.0005 seconds. Added 0 classes and 0 folders.
[2018.11.09-17.35.31:268][  0]LogLoad: (Engine Initialization) Total time: 15.87 seconds
[2018.11.09-17.35.31:268][  0]LogLoad: (Engine Initialization) Total Blueprint compile time: 0.00 seconds
[2018.11.09-17.35.31:287][  0]LogWindowsTextInputMethodSystem: Display: IME system now deactivated.
[2018.11.09-17.35.31:312][  0]LogContentStreaming: Texture pool size now 1000 MB
[2018.11.09-17.35.31:351][  0]LogSlate: Took 0.000408 seconds to synchronously load lazily loaded font '../../../Engine/Content/Slate/Fonts/Roboto-Light.ttf' (167K)
[2018.11.09-17.35.32:318][  3]LogAssetRegistry: Asset discovery search completed in 9.3488 seconds
[2018.11.09-17.35.32:322][  3]LogCollectionManager: Rebuilt the object cache for 0 collections in 0.000000 seconds (found 0 objects)
[2018.11.09-17.35.32:322][  3]LogCollectionManager: Fixed up redirectors for 0 collections in 0.000094 seconds (updated 0 objects)
[2018.11.09-17.35.41:183][525]LogSlate: FSceneViewport::OnFocusLost() reason 0
[2018.11.09-17.35.43:456][600]LogSlate: Took 0.000738 seconds to synchronously load lazily loaded font '../../../Engine/Content/Slate/Fonts/Roboto-Light.ttf' (167K)
[2018.11.09-17.35.43:479][600]LogAssetEditorManager: Opening Asset editor for Blueprint /Game/ThirdPersonBP/Blueprints/AI_Character.AI_Character
[2018.11.09-17.35.44:250][600]LogContentBrowser: Native class hierarchy updated for 'BlueprintGraph' in 0.0008 seconds. Added 116 classes and 0 folders.
[2018.11.09-17.35.45:423][600]LogSlate: Took 0.000374 seconds to synchronously load lazily loaded font '../../../Engine/Content/Slate/Fonts/Roboto-BoldCondensed.ttf' (158K)
[2018.11.09-17.35.45:614][601]LogSlate: Took 0.000628 seconds to synchronously load lazily loaded font '../../../Engine/Content/Slate/Fonts/Roboto-Italic.ttf' (157K)
[2018.11.09-17.36.03:298][602]LogRenderer: Reallocating scene render targets to support 792x500 Format 10 NumSamples 1 (Frame:1).
[2018.11.09-17.36.37:763][558]BlueprintLog: New page: Compile AI_Character
[2018.11.09-17.36.38:877][592]LogSavePackage: Moving '../../../../../../Users/hanspnd/Desktop/CodeCamp2018/CodeCamp2018/Saved/AI_Character5304F0DA4591B7F7A80194810C617AE7.tmp' to '../../../../../../Users/hanspnd/Desktop/CodeCamp2018/CodeCamp2018/Content/ThirdPersonBP/Blueprints/AI_Character.uasset'
[2018.11.09-17.36.40:033][659]LogSlate: Window 'AI_Character' being destroyed
[2018.11.09-17.36.40:041][659]LogSlate: Window 'AI_Character' being destroyed
[2018.11.09-17.36.41:596][746]LogTemp: Repeating last play command: Selected Viewport
[2018.11.09-17.36.41:617][746]LogBlueprintUserMessages: Early PlayInEditor Detection: Level '/Game/ThirdPersonBP/Maps/ThirdPersonExampleMap.ThirdPersonExampleMap:PersistentLevel' has LevelScriptBlueprint '/Game/ThirdPersonBP/Maps/ThirdPersonExampleMap.ThirdPersonExampleMap:PersistentLevel.ThirdPersonExampleMap' with GeneratedClass '/Game/ThirdPersonBP/Maps/ThirdPersonExampleMap.ThirdPersonExampleMap_C' with ClassGeneratedBy '/Game/ThirdPersonBP/Maps/ThirdPersonExampleMap.ThirdPersonExampleMap:PersistentLevel.ThirdPersonExampleMap'
[2018.11.09-17.36.41:617][746]LogPlayLevel: PlayLevel: No blueprints needed recompiling
[2018.11.09-17.36.41:631][746]PIE: New page: PIE session: ThirdPersonExampleMap (Nov 9, 2018, 3:36:41 AM)
[2018.11.09-17.36.41:631][746]LogPlayLevel: Creating play world package: /Game/ThirdPersonBP/Maps/UEDPIE_0_ThirdPersonExampleMap
[2018.11.09-17.36.41:667][746]LogPlayLevel: PIE: StaticDuplicateObject took: (0.036031s)
[2018.11.09-17.36.41:669][746]LogAIModule: Creating AISystem for world ThirdPersonExampleMap
[2018.11.09-17.36.41:669][746]LogPlayLevel: PIE: World Init took: (0.001812s)
[2018.11.09-17.36.41:669][746]LogPlayLevel: PIE: Created PIE world by copying editor world from /Game/ThirdPersonBP/Maps/ThirdPersonExampleMap.ThirdPersonExampleMap to /Game/ThirdPersonBP/Maps/UEDPIE_0_ThirdPersonExampleMap.ThirdPersonExampleMap (0.038144s)
[2018.11.09-17.36.41:721][746]LogInit: XAudio2 using 'Speakers (2- Logitech G430 Gaming Headset)' : 2 channels at 48 kHz using 16 bits per sample (channel mask 0x3)
[2018.11.09-17.36.41:738][746]LogInit: FAudioDevice initialized.
[2018.11.09-17.36.41:788][746]LogLoad: Game class is 'ThirdPersonGameMode_C'
[2018.11.09-17.36.41:792][746]LogWorld: Bringing World /Game/ThirdPersonBP/Maps/UEDPIE_0_ThirdPersonExampleMap.ThirdPersonExampleMap up for play (max tick rate 60) at 2018.11.09-10.36.41
[2018.11.09-17.36.41:793][746]LogWorld: Bringing up level for play took: 0.003692
[2018.11.09-17.36.41:822][746]LogContentBrowser: Native class hierarchy updated for 'MovieSceneCapture' in 0.0004 seconds. Added 10 classes and 0 folders.
[2018.11.09-17.36.41:823][746]PIE: Play in editor start time for /Game/ThirdPersonBP/Maps/UEDPIE_0_ThirdPersonExampleMap 0.939
[2018.11.09-17.36.41:823][746]LogBlueprintUserMessages: Late PlayInEditor Detection: Level '/Game/ThirdPersonBP/Maps/ThirdPersonExampleMap.ThirdPersonExampleMap:PersistentLevel' has LevelScriptBlueprint '/Game/ThirdPersonBP/Maps/ThirdPersonExampleMap.ThirdPersonExampleMap:PersistentLevel.ThirdPersonExampleMap' with GeneratedClass '/Game/ThirdPersonBP/Maps/ThirdPersonExampleMap.ThirdPersonExampleMap_C' with ClassGeneratedBy '/Game/ThirdPersonBP/Maps/ThirdPersonExampleMap.ThirdPersonExampleMap:PersistentLevel.ThirdPersonExampleMap'
[2018.11.09-17.37.02:693][410]LogBlueprintUserMessages: Early EndPlayMap Detection: Level '/Game/ThirdPersonBP/Maps/ThirdPersonExampleMap.ThirdPersonExampleMap:PersistentLevel' has LevelScriptBlueprint '/Game/ThirdPersonBP/Maps/ThirdPersonExampleMap.ThirdPersonExampleMap:PersistentLevel.ThirdPersonExampleMap' with GeneratedClass '/Game/ThirdPersonBP/Maps/ThirdPersonExampleMap.ThirdPersonExampleMap_C' with ClassGeneratedBy '/Game/ThirdPersonBP/Maps/ThirdPersonExampleMap.ThirdPersonExampleMap:PersistentLevel.ThirdPersonExampleMap'
[2018.11.09-17.37.02:694][410]LogSlate: Updating window title bar state: overlay mode, drag disabled, window buttons hidden, title bar hidden
[2018.11.09-17.37.02:764][410]LogPlayLevel: Display: Shutting down PIE online subsystems
[2018.11.09-17.37.02:764][410]LogBlueprintUserMessages: Late EndPlayMap Detection: Level '/Game/ThirdPersonBP/Maps/ThirdPersonExampleMap.ThirdPersonExampleMap:PersistentLevel' has LevelScriptBlueprint '/Game/ThirdPersonBP/Maps/ThirdPersonExampleMap.ThirdPersonExampleMap:PersistentLevel.ThirdPersonExampleMap' with GeneratedClass '/Game/ThirdPersonBP/Maps/ThirdPersonExampleMap.ThirdPersonExampleMap_C' with ClassGeneratedBy '/Game/ThirdPersonBP/Maps/ThirdPersonExampleMap.ThirdPersonExampleMap:PersistentLevel.ThirdPersonExampleMap'
[2018.11.09-17.37.02:805][410]LogSlate: Updating window title bar state: overlay mode, drag disabled, window buttons hidden, title bar hidden
[2018.11.09-17.37.02:835][411]LogPlayLevel: Display: Destroying online subsystem :Context_4
[2018.11.09-17.37.04:101][451]LogSlate: FSceneViewport::OnFocusLost() reason 0
[2018.11.09-17.37.04:378][454]LogAssetEditorManager: Opening Asset editor for Blueprint /Game/ThirdPersonBP/Blueprints/AI_Character.AI_Character
[2018.11.09-17.37.41:130][551]BlueprintLog: New page: Compile AI_Character
[2018.11.09-17.37.42:531][613]LogSlate: Window 'AI_Character*' being destroyed
[2018.11.09-17.37.42:540][613]LogSlate: Window 'AI_Character*' being destroyed
[2018.11.09-17.37.43:832][685]LogTemp: Repeating last play command: Selected Viewport
[2018.11.09-17.37.43:853][685]LogBlueprintUserMessages: Early PlayInEditor Detection: Level '/Game/ThirdPersonBP/Maps/ThirdPersonExampleMap.ThirdPersonExampleMap:PersistentLevel' has LevelScriptBlueprint '/Game/ThirdPersonBP/Maps/ThirdPersonExampleMap.ThirdPersonExampleMap:PersistentLevel.ThirdPersonExampleMap' with GeneratedClass '/Game/ThirdPersonBP/Maps/ThirdPersonExampleMap.ThirdPersonExampleMap_C' with ClassGeneratedBy '/Game/ThirdPersonBP/Maps/ThirdPersonExampleMap.ThirdPersonExampleMap:PersistentLevel.ThirdPersonExampleMap'
[2018.11.09-17.37.43:853][685]LogPlayLevel: PlayLevel: No blueprints needed recompiling
[2018.11.09-17.37.43:853][685]PIE: New page: PIE session: ThirdPersonExampleMap (Nov 9, 2018, 3:37:43 AM)
[2018.11.09-17.37.43:854][685]LogPlayLevel: Creating play world package: /Game/ThirdPersonBP/Maps/UEDPIE_0_ThirdPersonExampleMap
[2018.11.09-17.37.43:875][685]LogPlayLevel: PIE: StaticDuplicateObject took: (0.021759s)
[2018.11.09-17.37.43:876][685]LogAIModule: Creating AISystem for world ThirdPersonExampleMap
[2018.11.09-17.37.43:876][685]LogPlayLevel: PIE: World Init took: (0.000936s)
[2018.11.09-17.37.43:876][685]LogPlayLevel: PIE: Created PIE world by copying editor world from /Game/ThirdPersonBP/Maps/ThirdPersonExampleMap.ThirdPersonExampleMap to /Game/ThirdPersonBP/Maps/UEDPIE_0_ThirdPersonExampleMap.ThirdPersonExampleMap (0.022888s)
[2018.11.09-17.37.43:923][685]LogInit: XAudio2 using 'Speakers (2- Logitech G430 Gaming Headset)' : 2 channels at 48 kHz using 16 bits per sample (channel mask 0x3)
[2018.11.09-17.37.43:937][685]LogInit: FAudioDevice initialized.
[2018.11.09-17.37.43:972][685]LogLoad: Game class is 'ThirdPersonGameMode_C'
[2018.11.09-17.37.43:976][685]LogWorld: Bringing World /Game/ThirdPersonBP/Maps/UEDPIE_0_ThirdPersonExampleMap.ThirdPersonExampleMap up for play (max tick rate 60) at 2018.11.09-10.37.43
[2018.11.09-17.37.43:977][685]LogWorld: Bringing up level for play took: 0.004148
[2018.11.09-17.37.43:990][685]PIE: Play in editor start time for /Game/ThirdPersonBP/Maps/UEDPIE_0_ThirdPersonExampleMap 1.106
[2018.11.09-17.37.43:990][685]LogBlueprintUserMessages: Late PlayInEditor Detection: Level '/Game/ThirdPersonBP/Maps/ThirdPersonExampleMap.ThirdPersonExampleMap:PersistentLevel' has LevelScriptBlueprint '/Game/ThirdPersonBP/Maps/ThirdPersonExampleMap.ThirdPersonExampleMap:PersistentLevel.ThirdPersonExampleMap' with GeneratedClass '/Game/ThirdPersonBP/Maps/ThirdPersonExampleMap.ThirdPersonExampleMap_C' with ClassGeneratedBy '/Game/ThirdPersonBP/Maps/ThirdPersonExampleMap.ThirdPersonExampleMap:PersistentLevel.ThirdPersonExampleMap'
[2018.11.09-17.38.11:435][575]LogBlueprintUserMessages: Early EndPlayMap Detection: Level '/Game/ThirdPersonBP/Maps/ThirdPersonExampleMap.ThirdPersonExampleMap:PersistentLevel' has LevelScriptBlueprint '/Game/ThirdPersonBP/Maps/ThirdPersonExampleMap.ThirdPersonExampleMap:PersistentLevel.ThirdPersonExampleMap' with GeneratedClass '/Game/ThirdPersonBP/Maps/ThirdPersonExampleMap.ThirdPersonExampleMap_C' with ClassGeneratedBy '/Game/ThirdPersonBP/Maps/ThirdPersonExampleMap.ThirdPersonExampleMap:PersistentLevel.ThirdPersonExampleMap'
[2018.11.09-17.38.11:436][575]LogSlate: Updating window title bar state: overlay mode, drag disabled, window buttons hidden, title bar hidden
[2018.11.09-17.38.11:507][575]LogPlayLevel: Display: Shutting down PIE online subsystems
[2018.11.09-17.38.11:508][575]LogBlueprintUserMessages: Late EndPlayMap Detection: Level '/Game/ThirdPersonBP/Maps/ThirdPersonExampleMap.ThirdPersonExampleMap:PersistentLevel' has LevelScriptBlueprint '/Game/ThirdPersonBP/Maps/ThirdPersonExampleMap.ThirdPersonExampleMap:PersistentLevel.ThirdPersonExampleMap' with GeneratedClass '/Game/ThirdPersonBP/Maps/ThirdPersonExampleMap.ThirdPersonExampleMap_C' with ClassGeneratedBy '/Game/ThirdPersonBP/Maps/ThirdPersonExampleMap.ThirdPersonExampleMap:PersistentLevel.ThirdPersonExampleMap'
[2018.11.09-17.38.11:565][575]LogSlate: Updating window title bar state: overlay mode, drag disabled, window buttons hidden, title bar hidden
[2018.11.09-17.38.11:597][576]LogPlayLevel: Display: Destroying online subsystem :Context_6
[2018.11.09-17.38.14:068][670]LogSlate: FSceneViewport::OnFocusLost() reason 0
[2018.11.09-17.38.14:275][672]LogAssetEditorManager: Opening Asset editor for Blueprint /Game/ThirdPersonBP/Blueprints/AI_Character.AI_Character
[2018.11.09-17.39.41:041][728]BlueprintLog: New page: Compile AI_Character
[2018.11.09-17.39.43:022][815]LogSlate: Window 'AI_Character*' being destroyed
[2018.11.09-17.39.43:030][815]LogSlate: Window 'AI_Character*' being destroyed
[2018.11.09-17.39.43:892][861]LogTemp: Repeating last play command: Selected Viewport
[2018.11.09-17.39.43:914][861]LogBlueprintUserMessages: Early PlayInEditor Detection: Level '/Game/ThirdPersonBP/Maps/ThirdPersonExampleMap.ThirdPersonExampleMap:PersistentLevel' has LevelScriptBlueprint '/Game/ThirdPersonBP/Maps/ThirdPersonExampleMap.ThirdPersonExampleMap:PersistentLevel.ThirdPersonExampleMap' with GeneratedClass '/Game/ThirdPersonBP/Maps/ThirdPersonExampleMap.ThirdPersonExampleMap_C' with ClassGeneratedBy '/Game/ThirdPersonBP/Maps/ThirdPersonExampleMap.ThirdPersonExampleMap:PersistentLevel.ThirdPersonExampleMap'
[2018.11.09-17.39.43:914][861]LogPlayLevel: PlayLevel: No blueprints needed recompiling
[2018.11.09-17.39.43:915][861]PIE: New page: PIE session: ThirdPersonExampleMap (Nov 9, 2018, 3:39:43 AM)
[2018.11.09-17.39.43:915][861]LogPlayLevel: Creating play world package: /Game/ThirdPersonBP/Maps/UEDPIE_0_ThirdPersonExampleMap
[2018.11.09-17.39.43:935][861]LogPlayLevel: PIE: StaticDuplicateObject took: (0.020021s)
[2018.11.09-17.39.43:936][861]LogAIModule: Creating AISystem for world ThirdPersonExampleMap
[2018.11.09-17.39.43:937][861]LogPlayLevel: PIE: World Init took: (0.001905s)
[2018.11.09-17.39.43:937][861]LogPlayLevel: PIE: Created PIE world by copying editor world from /Game/ThirdPersonBP/Maps/ThirdPersonExampleMap.ThirdPersonExampleMap to /Game/ThirdPersonBP/Maps/UEDPIE_0_ThirdPersonExampleMap.ThirdPersonExampleMap (0.022157s)
[2018.11.09-17.39.43:983][861]LogInit: XAudio2 using 'Speakers (2- Logitech G430 Gaming Headset)' : 2 channels at 48 kHz using 16 bits per sample (channel mask 0x3)
[2018.11.09-17.39.44:001][861]LogInit: FAudioDevice initialized.
[2018.11.09-17.39.44:039][861]LogLoad: Game class is 'ThirdPersonGameMode_C'
[2018.11.09-17.39.44:044][861]LogWorld: Bringing World /Game/ThirdPersonBP/Maps/UEDPIE_0_ThirdPersonExampleMap.ThirdPersonExampleMap up for play (max tick rate 60) at 2018.11.09-10.39.44
[2018.11.09-17.39.44:045][861]LogWorld: Bringing up level for play took: 0.005583
[2018.11.09-17.39.44:059][861]PIE: Play in editor start time for /Game/ThirdPersonBP/Maps/UEDPIE_0_ThirdPersonExampleMap -0.825
[2018.11.09-17.39.44:059][861]LogBlueprintUserMessages: Late PlayInEditor Detection: Level '/Game/ThirdPersonBP/Maps/ThirdPersonExampleMap.ThirdPersonExampleMap:PersistentLevel' has LevelScriptBlueprint '/Game/ThirdPersonBP/Maps/ThirdPersonExampleMap.ThirdPersonExampleMap:PersistentLevel.ThirdPersonExampleMap' with GeneratedClass '/Game/ThirdPersonBP/Maps/ThirdPersonExampleMap.ThirdPersonExampleMap_C' with ClassGeneratedBy '/Game/ThirdPersonBP/Maps/ThirdPersonExampleMap.ThirdPersonExampleMap:PersistentLevel.ThirdPersonExampleMap'
[2018.11.09-17.39.53:056][145]LogBlueprintUserMessages: Early EndPlayMap Detection: Level '/Game/ThirdPersonBP/Maps/ThirdPersonExampleMap.ThirdPersonExampleMap:PersistentLevel' has LevelScriptBlueprint '/Game/ThirdPersonBP/Maps/ThirdPersonExampleMap.ThirdPersonExampleMap:PersistentLevel.ThirdPersonExampleMap' with GeneratedClass '/Game/ThirdPersonBP/Maps/ThirdPersonExampleMap.ThirdPersonExampleMap_C' with ClassGeneratedBy '/Game/ThirdPersonBP/Maps/ThirdPersonExampleMap.ThirdPersonExampleMap:PersistentLevel.ThirdPersonExampleMap'
[2018.11.09-17.39.53:057][145]LogSlate: Updating window title bar state: overlay mode, drag disabled, window buttons hidden, title bar hidden
[2018.11.09-17.39.53:137][145]LogPlayLevel: Display: Shutting down PIE online subsystems
[2018.11.09-17.39.53:138][145]LogBlueprintUserMessages: Late EndPlayMap Detection: Level '/Game/ThirdPersonBP/Maps/ThirdPersonExampleMap.ThirdPersonExampleMap:PersistentLevel' has LevelScriptBlueprint '/Game/ThirdPersonBP/Maps/ThirdPersonExampleMap.ThirdPersonExampleMap:PersistentLevel.ThirdPersonExampleMap' with GeneratedClass '/Game/ThirdPersonBP/Maps/ThirdPersonExampleMap.ThirdPersonExampleMap_C' with ClassGeneratedBy '/Game/ThirdPersonBP/Maps/ThirdPersonExampleMap.ThirdPersonExampleMap:PersistentLevel.ThirdPersonExampleMap'
[2018.11.09-17.39.53:198][145]LogSlate: Updating window title bar state: overlay mode, drag disabled, window buttons hidden, title bar hidden
[2018.11.09-17.39.53:226][146]LogPlayLevel: Display: Destroying online subsystem :Context_8
[2018.11.09-17.39.56:086][282]LogSlate: FSceneViewport::OnFocusLost() reason 0
[2018.11.09-17.39.56:309][284]LogAssetEditorManager: Opening Asset editor for Blueprint /Game/ThirdPersonBP/Blueprints/AI_Character.AI_Character
[2018.11.09-17.40.31:992][311]BlueprintLog: New page: Compile AI_Character
[2018.11.09-17.40.32:742][325]LogSavePackage: Moving '../../../../../../Users/hanspnd/Desktop/CodeCamp2018/CodeCamp2018/Saved/AI_Character49C0F39547888A4CEF021AB7FDD5DA3F.tmp' to '../../../../../../Users/hanspnd/Desktop/CodeCamp2018/CodeCamp2018/Content/ThirdPersonBP/Blueprints/AI_Character.uasset'
[2018.11.09-17.40.33:719][381]LogSlate: Window 'AI_Character' being destroyed
[2018.11.09-17.40.33:726][381]LogSlate: Window 'AI_Character' being destroyed
[2018.11.09-17.40.34:599][426]LogTemp: Repeating last play command: Selected Viewport
[2018.11.09-17.40.34:619][426]LogBlueprintUserMessages: Early PlayInEditor Detection: Level '/Game/ThirdPersonBP/Maps/ThirdPersonExampleMap.ThirdPersonExampleMap:PersistentLevel' has LevelScriptBlueprint '/Game/ThirdPersonBP/Maps/ThirdPersonExampleMap.ThirdPersonExampleMap:PersistentLevel.ThirdPersonExampleMap' with GeneratedClass '/Game/ThirdPersonBP/Maps/ThirdPersonExampleMap.ThirdPersonExampleMap_C' with ClassGeneratedBy '/Game/ThirdPersonBP/Maps/ThirdPersonExampleMap.ThirdPersonExampleMap:PersistentLevel.ThirdPersonExampleMap'
[2018.11.09-17.40.34:619][426]LogPlayLevel: PlayLevel: No blueprints needed recompiling
[2018.11.09-17.40.34:620][426]PIE: New page: PIE session: ThirdPersonExampleMap (Nov 9, 2018, 3:40:34 AM)
[2018.11.09-17.40.34:620][426]LogPlayLevel: Creating play world package: /Game/ThirdPersonBP/Maps/UEDPIE_0_ThirdPersonExampleMap
[2018.11.09-17.40.34:636][426]LogPlayLevel: PIE: StaticDuplicateObject took: (0.015926s)
[2018.11.09-17.40.34:637][426]LogAIModule: Creating AISystem for world ThirdPersonExampleMap
[2018.11.09-17.40.34:637][426]LogPlayLevel: PIE: World Init took: (0.001170s)
[2018.11.09-17.40.34:637][426]LogPlayLevel: PIE: Created PIE world by copying editor world from /Game/ThirdPersonBP/Maps/ThirdPersonExampleMap.ThirdPersonExampleMap to /Game/ThirdPersonBP/Maps/UEDPIE_0_ThirdPersonExampleMap.ThirdPersonExampleMap (0.017315s)
[2018.11.09-17.40.34:683][426]LogInit: XAudio2 using 'Speakers (2- Logitech G430 Gaming Headset)' : 2 channels at 48 kHz using 16 bits per sample (channel mask 0x3)
[2018.11.09-17.40.34:697][426]LogInit: FAudioDevice initialized.
[2018.11.09-17.40.34:730][426]LogLoad: Game class is 'ThirdPersonGameMode_C'
[2018.11.09-17.40.34:734][426]LogWorld: Bringing World /Game/ThirdPersonBP/Maps/UEDPIE_0_ThirdPersonExampleMap.ThirdPersonExampleMap up for play (max tick rate 60) at 2018.11.09-10.40.34
[2018.11.09-17.40.34:734][426]LogWorld: Bringing up level for play took: 0.003213
[2018.11.09-17.40.34:749][426]PIE: Play in editor start time for /Game/ThirdPersonBP/Maps/UEDPIE_0_ThirdPersonExampleMap -0.135
[2018.11.09-17.40.34:749][426]LogBlueprintUserMessages: Late PlayInEditor Detection: Level '/Game/ThirdPersonBP/Maps/ThirdPersonExampleMap.ThirdPersonExampleMap:PersistentLevel' has LevelScriptBlueprint '/Game/ThirdPersonBP/Maps/ThirdPersonExampleMap.ThirdPersonExampleMap:PersistentLevel.ThirdPersonExampleMap' with GeneratedClass '/Game/ThirdPersonBP/Maps/ThirdPersonExampleMap.ThirdPersonExampleMap_C' with ClassGeneratedBy '/Game/ThirdPersonBP/Maps/ThirdPersonExampleMap.ThirdPersonExampleMap:PersistentLevel.ThirdPersonExampleMap'
[2018.11.09-17.40.44:037][720]LogBlueprintUserMessages: Early EndPlayMap Detection: Level '/Game/ThirdPersonBP/Maps/ThirdPersonExampleMap.ThirdPersonExampleMap:PersistentLevel' has LevelScriptBlueprint '/Game/ThirdPersonBP/Maps/ThirdPersonExampleMap.ThirdPersonExampleMap:PersistentLevel.ThirdPersonExampleMap' with GeneratedClass '/Game/ThirdPersonBP/Maps/ThirdPersonExampleMap.ThirdPersonExampleMap_C' with ClassGeneratedBy '/Game/ThirdPersonBP/Maps/ThirdPersonExampleMap.ThirdPersonExampleMap:PersistentLevel.ThirdPersonExampleMap'
[2018.11.09-17.40.44:037][720]LogSlate: Updating window title bar state: overlay mode, drag disabled, window buttons hidden, title bar hidden
[2018.11.09-17.40.44:107][720]LogPlayLevel: Display: Shutting down PIE online subsystems
[2018.11.09-17.40.44:107][720]LogBlueprintUserMessages: Late EndPlayMap Detection: Level '/Game/ThirdPersonBP/Maps/ThirdPersonExampleMap.ThirdPersonExampleMap:PersistentLevel' has LevelScriptBlueprint '/Game/ThirdPersonBP/Maps/ThirdPersonExampleMap.ThirdPersonExampleMap:PersistentLevel.ThirdPersonExampleMap' with GeneratedClass '/Game/ThirdPersonBP/Maps/ThirdPersonExampleMap.ThirdPersonExampleMap_C' with ClassGeneratedBy '/Game/ThirdPersonBP/Maps/ThirdPersonExampleMap.ThirdPersonExampleMap:PersistentLevel.ThirdPersonExampleMap'
[2018.11.09-17.40.44:148][720]LogSlate: Updating window title bar state: overlay mode, drag disabled, window buttons hidden, title bar hidden
[2018.11.09-17.40.44:173][721]LogPlayLevel: Display: Destroying online subsystem :Context_10
[2018.11.09-17.40.46:237][807]LogSlate: FSceneViewport::OnFocusLost() reason 0
[2018.11.09-17.40.46:454][809]LogAssetEditorManager: Opening Asset editor for Blueprint /Game/ThirdPersonBP/Blueprints/AI_Character.AI_Character
