Log file open, 11/09/18 09:26:44
LogWindows: Failed to load 'aqProf.dll' (GetLastError=126)
LogWindows: File 'aqProf.dll' does not exist
LogWindows: Failed to load 'VSPerf140.dll' (GetLastError=126)
LogWindows: File 'VSPerf140.dll' does not exist
LogWindows: Failed to load 'VtuneApi.dll' (GetLastError=126)
LogWindows: File 'VtuneApi.dll' does not exist
LogWindows: Failed to load 'VtuneApi32e.dll' (GetLastError=126)
LogWindows: File 'VtuneApi32e.dll' does not exist
LogInit: Display: Running engine for game: CodeCamp2018
LogPlatformFile: Not using cached read wrapper
LogTaskGraph: Started task graph with 5 named threads and 11 total threads with 3 sets of task threads.
LogStats: Stats thread started at 0.222915
LogD3D11RHI: Loaded GFSDK_Aftermath_Lib.x64.dll
LogICUInternationalization: Display: ICU TimeZone Detection - Raw Offset: -7:00, Platform Override: ''
LogPluginManager: Mounting plugin Paper2D
LogPluginManager: Mounting plugin AISupport
LogPluginManager: Mounting plugin LightPropagationVolume
LogPluginManager: Mounting plugin CLionSourceCodeAccess
LogPluginManager: Mounting plugin CodeLiteSourceCodeAccess
LogPluginManager: Mounting plugin GitSourceControl
LogPluginManager: Mounting plugin KDevelopSourceCodeAccess
LogPluginManager: Mounting plugin NullSourceCodeAccess
LogPluginManager: Mounting plugin PerforceSourceControl
LogPluginManager: Mounting plugin SubversionSourceControl
LogPluginManager: Mounting plugin UObjectPlugin
LogPluginManager: Mounting plugin VisualStudioCodeSourceCodeAccess
LogPluginManager: Mounting plugin VisualStudioSourceCodeAccess
LogPluginManager: Mounting plugin XCodeSourceCodeAccess
LogPluginManager: Mounting plugin AssetManagerEditor
LogPluginManager: Mounting plugin CryptoKeys
LogPluginManager: Mounting plugin DataValidation
LogPluginManager: Mounting plugin FacialAnimation
LogPluginManager: Mounting plugin GameplayTagsEditor
LogPluginManager: Mounting plugin MacGraphicsSwitching
LogPluginManager: Mounting plugin MeshEditor
LogPluginManager: Mounting plugin MobileLauncherProfileWizard
LogPluginManager: Mounting plugin PluginBrowser
LogPluginManager: Mounting plugin SpeedTreeImporter
LogPluginManager: Mounting plugin DatasmithContent
LogPluginManager: Mounting plugin AlembicImporter
LogPluginManager: Mounting plugin AppleImageUtils
LogPluginManager: Mounting plugin AppleVision
LogPluginManager: Mounting plugin BackChannel
LogPluginManager: Mounting plugin CharacterAI
LogPluginManager: Mounting plugin GeometryCache
LogPluginManager: Mounting plugin HTML5Networking
LogPluginManager: Mounting plugin ProxyLODPlugin
LogPluginManager: Mounting plugin MagicLeap
LogPluginManager: Mounting plugin MagicLeapEmulator
LogPluginManager: Mounting plugin MagicLeapMedia
LogPluginManager: Mounting plugin AndroidMedia
LogPluginManager: Mounting plugin AvfMedia
LogPluginManager: Mounting plugin ImgMedia
LogPluginManager: Mounting plugin LinearTimecode
LogPluginManager: Mounting plugin MediaCompositing
LogPluginManager: Mounting plugin MediaPlayerEditor
LogPluginManager: Mounting plugin WmfMedia
LogPluginManager: Mounting plugin TcpMessaging
LogPluginManager: Mounting plugin UdpMessaging
LogPluginManager: Mounting plugin ActorSequence
LogPluginManager: Mounting plugin LevelSequenceEditor
LogPluginManager: Mounting plugin MatineeToLevelSequence
LogPluginManager: Mounting plugin NetcodeUnitTest
LogPluginManager: Mounting plugin NUTUnrealEngine4
LogPluginManager: Mounting plugin OnlineSubsystemGooglePlay
LogPluginManager: Mounting plugin OnlineSubsystemIOS
LogPluginManager: Mounting plugin OnlineSubsystem
LogPluginManager: Mounting plugin OnlineSubsystemNull
LogPluginManager: Mounting plugin OnlineSubsystemUtils
LogPluginManager: Mounting plugin LauncherChunkInstaller
LogPluginManager: Mounting plugin AndroidDeviceProfileSelector
LogPluginManager: Mounting plugin AndroidMoviePlayer
LogPluginManager: Mounting plugin AndroidPermission
LogPluginManager: Mounting plugin AppleMoviePlayer
LogPluginManager: Mounting plugin ArchVisCharacter
LogPluginManager: Mounting plugin AudioCapture
LogPluginManager: Mounting plugin CableComponent
LogPluginManager: Mounting plugin CustomMeshComponent
LogPluginManager: Mounting plugin EditableMesh
LogPluginManager: Mounting plugin ExampleDeviceProfileSelector
LogPluginManager: Mounting plugin GoogleCloudMessaging
LogPluginManager: Mounting plugin ImmediatePhysics
LogPluginManager: Mounting plugin IOSDeviceProfileSelector
LogPluginManager: Mounting plugin LinuxDeviceProfileSelector
LogPluginManager: Mounting plugin LocationServicesBPLibrary
LogPluginManager: Mounting plugin MobilePatchingUtils
LogPluginManager: Mounting plugin OculusVR
LogPluginManager: Plugin shader directory ../../../Engine/Plugins/Runtime/Oculus/OculusVR/Shaders found
LogPluginManager: Mapping shader source directory ../../../Engine/Plugins/Runtime/Oculus/OculusVR/Shaders to virtual directory /Plugin/OculusVR
LogPluginManager: Mounting plugin PhysXVehicles
LogPluginManager: Mounting plugin ProceduralMeshComponent
LogPluginManager: Mounting plugin RuntimePhysXCooking
LogPluginManager: Mounting plugin SteamVR
LogPluginManager: Mounting plugin WindowsMoviePlayer
LogStreaming: Display: Took  0.337s to configure plugins.
LogInit: Using libcurl 7.55.1-DEV
LogInit:  - built for x86_64-pc-win32
LogInit:  - supports SSL with OpenSSL/1.0.2h
LogInit:  - supports HTTP deflate (compression) using libz 1.2.8
LogInit:  - other features:
LogInit:      CURL_VERSION_SSL
LogInit:      CURL_VERSION_LIBZ
LogInit:      CURL_VERSION_IPV6
LogInit:      CURL_VERSION_ASYNCHDNS
LogInit:      CURL_VERSION_LARGEFILE
LogInit:      CURL_VERSION_IDN
LogInit:  CurlRequestOptions (configurable via config and command line):
LogInit:  - bVerifyPeer = false  - Libcurl will NOT verify peer certificate
LogInit:  - bUseHttpProxy = false  - Libcurl will NOT use HTTP proxy
LogInit:  - bDontReuseConnections = false  - Libcurl will reuse connections
LogInit:  - CertBundlePath = nullptr  - Libcurl will use whatever was configured at build time.
LogInit:  - MaxHostConnections = 16  - Libcurl will limit the number of connections to a host
LogInit:  - LocalHostAddr = Default
LogInit:  - BufferSize = 65536
LogInit: WinSock: version 1.1 (2.2), MaxSocks=32767, MaxUdp=65467
LogInit: Build: ++UE4+Release-4.20-CL-4369336
LogInit: Engine Version: 4.20.3-4369336+++UE4+Release-4.20
LogInit: Compatible Engine Version: 4.20.0-4212847+++UE4+Release-4.20
LogInit: Net CL: 4212847
LogInit: OS: Windows 10 (), CPU: Intel(R) Core(TM) i5-4210U CPU @ 1.70GHz, GPU: Intel(R) HD Graphics Family
LogInit: Compiled (64-bit): Sep 17 2018 12:26:19
LogInit: Compiled with Visual C++: 19.13.26129.00
LogInit: Build Configuration: Development
LogInit: Branch Name: ++UE4+Release-4.20
LogInit: Command Line: 
LogInit: Base Directory: C:/Program Files/Epic Games/UE_4.20/Engine/Binaries/Win64/
LogInit: Installed Engine Build: 1
LogDevObjectVersion: Number of dev versions registered: 20
LogDevObjectVersion:   Dev-Blueprints (B0D832E4-1F89-4F0D-ACCF-7EB736FD4AA2): 10
LogDevObjectVersion:   Dev-Build (E1C64328-A22C-4D53-A36C-8E866417BD8C): 0
LogDevObjectVersion:   Dev-Core (375EC13C-06E4-48FB-B500-84F0262A717E): 2
LogDevObjectVersion:   Dev-Editor (E4B068ED-F494-42E9-A231-DA0B2E46BB41): 24
LogDevObjectVersion:   Dev-Framework (CFFC743F-43B0-4480-9391-14DF171D2073): 34
LogDevObjectVersion:   Dev-Mobile (B02B49B5-BB20-44E9-A304-32B752E40360): 2
LogDevObjectVersion:   Dev-Networking (A4E4105C-59A1-49B5-A7C5-40C4547EDFEE): 0
LogDevObjectVersion:   Dev-Online (39C831C9-5AE6-47DC-9A44-9C173E1C8E7C): 0
LogDevObjectVersion:   Dev-Physics (78F01B33-EBEA-4F98-B9B4-84EACCB95AA2): 0
LogDevObjectVersion:   Dev-Platform (6631380F-2D4D-43E0-8009-CF276956A95A): 0
LogDevObjectVersion:   Dev-Rendering (12F88B9F-8875-4AFC-A67C-D90C383ABD29): 26
LogDevObjectVersion:   Dev-Sequencer (7B5AE74C-D270-4C10-A958-57980B212A5A): 9
LogDevObjectVersion:   Dev-VR (D7296918-1DD6-4BDD-9DE2-64A83CC13884): 2
LogDevObjectVersion:   Dev-LoadTimes (C2A15278-BFE7-4AFE-6C17-90FF531DF755): 1
LogDevObjectVersion:   Private-Geometry (6EACA3D4-40EC-4CC1-B786-8BED09428FC5): 3
LogDevObjectVersion:   Dev-AnimPhys (29E575DD-E0A3-4627-9D10-D276232CDCEA): 17
LogDevObjectVersion:   Dev-ReflectionCapture (6B266CEC-1EC7-4B8F-A30B-E4D90942FC07): 1
LogDevObjectVersion:   Dev-Automation (0DF73D61-A23F-47EA-B727-89E90C41499A): 1
LogDevObjectVersion:   FortniteMain (601D1886-AC64-4F84-AA16-D3DE0DEAC7D6): 12
LogDevObjectVersion:   Dev-Enterprise (9DFFBCD6-494F-0158-E221-12823C92A888): 1
LogStreaming: Display: Took  0.001s to delete old logs.
LogInit: Presizing for max 8388607 objects, including 0 objects not considered by GC, pre-allocating 0 bytes for permanent pool.
LogInit: Object subsystem initialized
[2018.11.09-16.26.45:157][  0]LogInit: Selected Device Profile: [Windows]
[2018.11.09-16.26.45:157][  0]LogInit: Applying CVar settings loaded from the selected device profile: [Windows]
[2018.11.09-16.26.45:183][  0]LogHAL: Display: Platform has ~ 12 GB [12811657216 / 17179869184 / 12], which maps to Larger [LargestMinGB=32, LargerMinGB=12, DefaultMinGB=8, SmallerMinGB=6, SmallestMinGB=0)
[2018.11.09-16.26.45:183][  0]LogInit: Setting Device Profile CVar: [[r.Vulkan.UseRealUBs:1]]
[2018.11.09-16.26.45:183][  0]LogInit: Going up to parent DeviceProfile []
[2018.11.09-16.26.45:184][  0]LogInit: Computer: GRMPSPC
[2018.11.09-16.26.45:184][  0]LogInit: User: hanspnd
[2018.11.09-16.26.45:184][  0]LogInit: CPU Page size=4096, Cores=2
[2018.11.09-16.26.45:184][  0]LogInit: High frequency timer resolution =2.338339 MHz
[2018.11.09-16.26.45:184][  0]LogMemory: Memory total: Physical=11.9GB (12GB approx)
[2018.11.09-16.26.45:184][  0]LogMemory: Platform Memory Stats for Windows
[2018.11.09-16.26.45:184][  0]LogMemory: Process Physical Memory: 99.96 MB used, 99.96 MB peak
[2018.11.09-16.26.45:184][  0]LogMemory: Process Virtual Memory: 84.32 MB used, 84.32 MB peak
[2018.11.09-16.26.45:184][  0]LogMemory: Physical Memory: 4371.12 MB used,  7847.03 MB free, 12218.15 MB total
[2018.11.09-16.26.45:184][  0]LogMemory: Virtual Memory: 4621.17 MB used,  7847.03 MB free, 134217728.00 MB total
[2018.11.09-16.26.45:229][  0]LogInit: Using OS detected language (en-US).
[2018.11.09-16.26.45:229][  0]LogInit: Using OS detected locale (en-US).
[2018.11.09-16.26.45:231][  0]LogTextLocalizationManager: No specific localization for 'en-US' exists, so the 'en' localization will be used.
[2018.11.09-16.26.45:916][  0]LogStreaming: Display: Took  0.688s to InitEngineTextLocalization.
[2018.11.09-16.26.45:917][  0]LogInit: Setting process to per monitor DPI aware
[2018.11.09-16.26.45:972][  0]LogSlate: New Slate User Created.  User Index 0, Is Virtual User: 0
[2018.11.09-16.26.45:972][  0]LogSlate: Slate User Registered.  User Index 0, Is Virtual User: 0
[2018.11.09-16.26.46:506][  0]LogHMD: Failed to initialize OpenVR with code 110
[2018.11.09-16.26.46:506][  0]LogD3D11RHI: D3D11 adapters:
[2018.11.09-16.26.46:518][  0]LogD3D11RHI:    0. 'Intel(R) HD Graphics Family' (Feature Level 11_0)
[2018.11.09-16.26.46:518][  0]LogD3D11RHI:       112/0/2048 MB DedicatedVideo/DedicatedSystem/SharedSystem, Outputs:1, VendorId:0x8086
[2018.11.09-16.26.46:523][  0]LogD3D11RHI:    1. 'Microsoft Basic Render Driver' (Feature Level 11_0)
[2018.11.09-16.26.46:523][  0]LogD3D11RHI:       0/0/6109 MB DedicatedVideo/DedicatedSystem/SharedSystem, Outputs:0, VendorId:0x1414
[2018.11.09-16.26.46:523][  0]LogD3D11RHI: Chosen D3D11 Adapter: 0
[2018.11.09-16.26.46:535][  0]LogD3D11RHI: Creating new Direct3DDevice
[2018.11.09-16.26.46:535][  0]LogD3D11RHI:     GPU DeviceId: 0xa16 (for the marketing name, search the web for "GPU Device Id")
[2018.11.09-16.26.46:536][  0]LogWindows: EnumDisplayDevices:
[2018.11.09-16.26.46:536][  0]LogWindows:    0. 'Intel(R) HD Graphics Family' (P:1 D:1)
[2018.11.09-16.26.46:537][  0]LogWindows:    1. 'Intel(R) HD Graphics Family' (P:0 D:0)
[2018.11.09-16.26.46:538][  0]LogWindows:    2. 'Intel(R) HD Graphics Family' (P:0 D:0)
[2018.11.09-16.26.46:538][  0]LogWindows: DebugString: FoundDriverCount:3 
[2018.11.09-16.26.46:538][  0]LogD3D11RHI:     Adapter Name: Intel(R) HD Graphics Family
[2018.11.09-16.26.46:538][  0]LogD3D11RHI:   Driver Version: 10.18.15.4279 (internal:10.18.15.4279, unified:10.18.15.4279)
[2018.11.09-16.26.46:538][  0]LogD3D11RHI:      Driver Date: 8-24-2015
[2018.11.09-16.26.46:538][  0]LogRHI: Texture pool is 795 MB (70% of 1136 MB)
[2018.11.09-16.26.46:547][  0]LogD3D11RHI: Async texture creation enabled
[2018.11.09-16.26.46:557][  0]LogD3D11RHI: GPU Timing Frequency: 12.500000 (Debug: 2 0)
[2018.11.09-16.26.46:558][  0]LogShaderCompilers: Guid format shader working directory is -18 characters bigger than the processId version (../../../../../../Users/hanspnd/Desktop/CodeCamp2018/CodeCamp2018/Intermediate/Shaders/WorkingDirectory/14224/).
[2018.11.09-16.26.46:558][  0]LogShaderCompilers: Cleaned the shader compiler working directory 'C:/Users/hanspnd/AppData/Local/Temp/UnrealShaderWorkingDir/7B0BFFBA4C2B1B153D067C856FB3E66D/'.
[2018.11.09-16.26.47:210][  0]LogTemp: Display: Loaded TP AllDesktopTargetPlatform
[2018.11.09-16.26.47:234][  0]LogTemp: Display: Loaded TP MacClientTargetPlatform
[2018.11.09-16.26.47:259][  0]LogTemp: Display: Loaded TP MacNoEditorTargetPlatform
[2018.11.09-16.26.47:281][  0]LogTemp: Display: Loaded TP MacServerTargetPlatform
[2018.11.09-16.26.47:309][  0]LogTemp: Display: Loaded TP MacTargetPlatform
[2018.11.09-16.26.47:344][  0]LogTemp: Display: Loaded TP WindowsClientTargetPlatform
[2018.11.09-16.26.47:367][  0]LogTemp: Display: Loaded TP WindowsNoEditorTargetPlatform
[2018.11.09-16.26.47:390][  0]LogTemp: Display: Loaded TP WindowsServerTargetPlatform
[2018.11.09-16.26.47:404][  0]LogTemp: Display: Loaded TP WindowsTargetPlatform
[2018.11.09-16.26.47:528][  0]LogTemp: Display: Loaded TP AndroidTargetPlatform
[2018.11.09-16.26.47:528][  0]LogTemp: Display: Loaded TP AndroidTargetPlatform
[2018.11.09-16.26.47:528][  0]LogTemp: Display: Loaded TP AndroidTargetPlatform
[2018.11.09-16.26.47:528][  0]LogTemp: Display: Loaded TP AndroidTargetPlatform
[2018.11.09-16.26.47:528][  0]LogTemp: Display: Loaded TP AndroidTargetPlatform
[2018.11.09-16.26.47:528][  0]LogTemp: Display: Loaded TP AndroidTargetPlatform
[2018.11.09-16.26.47:528][  0]LogTemp: Display: Loaded TP AndroidTargetPlatform
[2018.11.09-16.26.47:528][  0]LogTemp: Display: Loaded TP AndroidTargetPlatform
[2018.11.09-16.26.47:528][  0]LogTemp: Display: Loaded TP AndroidTargetPlatform
[2018.11.09-16.26.47:528][  0]LogTemp: Display: Loaded TP AndroidTargetPlatform
[2018.11.09-16.26.47:528][  0]LogTemp: Display: Loaded TP AndroidTargetPlatform
[2018.11.09-16.26.47:528][  0]LogTemp: Display: Loaded TP AndroidTargetPlatform
[2018.11.09-16.26.47:528][  0]LogTemp: Display: Loaded TP AndroidTargetPlatform
[2018.11.09-16.26.47:528][  0]LogTemp: Display: Loaded TP AndroidTargetPlatform
[2018.11.09-16.26.47:528][  0]LogTemp: Display: Loaded TP AndroidTargetPlatform
[2018.11.09-16.26.47:528][  0]LogTemp: Display: Loaded TP AndroidTargetPlatform
[2018.11.09-16.26.47:528][  0]LogTemp: Display: Loaded TP AndroidTargetPlatform
[2018.11.09-16.26.47:528][  0]LogTemp: Display: Loaded TP AndroidTargetPlatform
[2018.11.09-16.26.47:532][  0]LogTemp: Display: Loaded TP HTML5TargetPlatform
[2018.11.09-16.26.47:614][  0]LogTemp: Display: Loaded TP IOSTargetPlatform
[2018.11.09-16.26.47:614][  0]LogTemp: Display: Loaded TP IOSTargetPlatform
[2018.11.09-16.26.47:653][  0]LogTemp: Display: Loaded TP TVOSTargetPlatform
[2018.11.09-16.26.47:653][  0]LogTemp: Display: Loaded TP TVOSTargetPlatform
[2018.11.09-16.26.47:673][  0]LogTemp: Display: Loaded TP LinuxClientTargetPlatform
[2018.11.09-16.26.47:694][  0]LogTemp: Display: Loaded TP LinuxNoEditorTargetPlatform
[2018.11.09-16.26.47:712][  0]LogTemp: Display: Loaded TP LinuxServerTargetPlatform
[2018.11.09-16.26.47:735][  0]LogTemp: Display: Loaded TP LinuxTargetPlatform
[2018.11.09-16.26.47:750][  0]LogTemp: Display: Loaded TP LuminTargetPlatform
[2018.11.09-16.26.47:750][  0]LogTargetPlatformManager: Display: Building Assets For Windows
[2018.11.09-16.26.47:873][  0]LogXGEController: Cleaning working directory: C:/Users/hanspnd/AppData/Local/Temp/UnrealXGEWorkingDir/
[2018.11.09-16.26.47:873][  0]LogXGEController: Cannot use XGE Controller as Incredibuild is not installed on this machine.
[2018.11.09-16.26.47:873][  0]LogShaderCompilers: Cannot use XGE Shader Compiler as Incredibuild is not installed on this machine.
[2018.11.09-16.26.47:873][  0]LogShaderCompilers: Display: Using Local Shader Compiler.
[2018.11.09-16.26.49:145][  0]LogDerivedDataCache: Display: Max Cache Size: 512 MB
[2018.11.09-16.26.49:278][  0]LogDerivedDataCache: Loaded boot cache 0.13s 71MB C:/Users/hanspnd/AppData/Local/UnrealEngine/4.20/DerivedDataCache/Boot.ddc.
[2018.11.09-16.26.49:280][  0]LogDerivedDataCache: Display: Loaded Boot cache: C:/Users/hanspnd/AppData/Local/UnrealEngine/4.20/DerivedDataCache/Boot.ddc
[2018.11.09-16.26.49:280][  0]LogDerivedDataCache: FDerivedDataBackendGraph:  Pak pak cache file ../../../../../../Users/hanspnd/Desktop/CodeCamp2018/CodeCamp2018/DerivedDataCache/DDC.ddp not found, will not use a pak cache.
[2018.11.09-16.26.49:280][  0]LogDerivedDataCache: Unable to find inner node Pak for hierarchical cache Hierarchy.
[2018.11.09-16.26.49:280][  0]LogDerivedDataCache: FDerivedDataBackendGraph:  CompressedPak pak cache file ../../../../../../Users/hanspnd/Desktop/CodeCamp2018/CodeCamp2018/DerivedDataCache/Compressed.ddp not found, will not use a pak cache.
[2018.11.09-16.26.49:281][  0]LogDerivedDataCache: Unable to find inner node CompressedPak for hierarchical cache Hierarchy.
[2018.11.09-16.26.49:298][  0]LogDerivedDataCache: Display: Pak cache opened for reading ../../../Engine/DerivedDataCache/Compressed.ddp.
[2018.11.09-16.26.49:311][  0]LogDerivedDataCache: Using Local data cache path C:/Users/hanspnd/AppData/Local/UnrealEngine/Common/DerivedDataCache: Writable
[2018.11.09-16.26.49:311][  0]LogDerivedDataCache: Shared data cache path not found in *engine.ini, will not use an Shared cache.
[2018.11.09-16.26.49:311][  0]LogDerivedDataCache: Unable to find inner node Shared for hierarchical cache Hierarchy.
[2018.11.09-16.26.49:339][  0]LogMaterial: Verifying Global Shaders for PCD3D_SM5
[2018.11.09-16.26.49:341][  0]LogSlate: Using FreeType 2.6.0
[2018.11.09-16.26.49:343][  0]LogSlate: SlateFontServices - WITH_FREETYPE: 1, WITH_HARFBUZZ: 1
[2018.11.09-16.26.49:468][  0]LogAssetRegistry: FAssetRegistry took 0.0281 seconds to start up
[2018.11.09-16.26.49:998][  0]LogInit: Selected Device Profile: [Windows]
[2018.11.09-16.26.50:100][  0]LogSimplygon: Simplygon DLL not present - disabling.
[2018.11.09-16.26.50:108][  0]LogMeshReduction: Using SimplygonSwarm for distributed automatic mesh merging
[2018.11.09-16.26.50:108][  0]LogMeshReduction: Using ProxyLODMeshReduction for automatic mesh merging
[2018.11.09-16.26.50:108][  0]LogMeshReduction: Using QuadricMeshReduction for automatic static mesh reduction
[2018.11.09-16.26.50:108][  0]LogMeshReduction: No automatic skeletal mesh reduction module available
[2018.11.09-16.26.50:238][  0]LogNetVersion: CodeCamp2018 1.0.0, NetCL: 4212847, EngineNetVer: 5, GameNetVer: 0 (Checksum: 2502960016)
[2018.11.09-16.26.51:225][  0]LogPackageLocalizationCache: Processed 11 localized package path(s) for 2 prioritized culture(s) in 0.254603 seconds
[2018.11.09-16.26.51:241][  0]LogUObjectArray: 38425 objects as part of root set at end of initial load.
[2018.11.09-16.26.51:241][  0]LogUObjectAllocator: 6690864 out of 0 bytes used by permanent object pool.
[2018.11.09-16.26.51:241][  0]LogUObjectArray: CloseDisregardForGC: 0/0 objects in disregard for GC pool
[2018.11.09-16.26.52:634][  0]LogTcpMessaging: Initializing TcpMessaging bridge
[2018.11.09-16.26.52:650][  0]LogUdpMessaging: Initializing bridge on interface 0.0.0.0:0 to multicast group 230.0.0.1:6666.
[2018.11.09-16.26.52:853][  0]SourceControl: Source control is disabled
[2018.11.09-16.26.52:853][  0]SourceControl: Source control is disabled
[2018.11.09-16.26.52:856][  0]SourceControl: Source control is disabled
[2018.11.09-16.26.52:858][  0]SourceControl: Source control is disabled
[2018.11.09-16.26.53:093][  0]LogAndroidPermission: UAndroidPermissionCallbackProxy::GetInstance
[2018.11.09-16.26.53:210][  0]LogOcInput: OculusInput pre-init called
[2018.11.09-16.26.53:300][  0]LogEngine: Initializing Engine...
[2018.11.09-16.26.53:302][  0]LogHMD: Failed to initialize OpenVR with code 110
[2018.11.09-16.26.53:304][  0]LogStats: UGameplayTagsManager::ConstructGameplayTagTree: ImportINI prefixes -  0.000 s
[2018.11.09-16.26.53:304][  0]LogStats: UGameplayTagsManager::ConstructGameplayTagTree: Construct from data asset -  0.000 s
[2018.11.09-16.26.53:304][  0]LogStats: UGameplayTagsManager::ConstructGameplayTagTree: ImportINI -  0.000 s
[2018.11.09-16.26.53:304][  0]LogStats: UGameplayTagsManager::ConstructGameplayTagTree: GameplayTagTreeChangedEvent.Broadcast -  0.000 s
[2018.11.09-16.26.53:676][  0]LogInit: Initializing FReadOnlyCVARCache
[2018.11.09-16.26.53:723][  0]LogAIModule: Creating AISystem for world Untitled
[2018.11.09-16.26.53:751][  0]LogInit: XAudio2 using 'Speakers (2- Logitech G430 Gaming Headset)' : 2 channels at 48 kHz using 16 bits per sample (channel mask 0x3)
[2018.11.09-16.26.53:814][  0]LogInit: FAudioDevice initialized.
[2018.11.09-16.26.53:815][  0]LogNetVersion: Set ProjectVersion to 1.0.0.0. Version Checksum will be recalculated on next use.
[2018.11.09-16.26.54:149][  0]LogDerivedDataCache: Saved boot cache 0.33s 71MB C:/Users/hanspnd/AppData/Local/UnrealEngine/4.20/DerivedDataCache/Boot.ddc.
[2018.11.09-16.26.54:248][  0]LogInit: Texture streaming: Enabled
[2018.11.09-16.26.54:291][  0]LogEngineSessionManager: EngineSessionManager initialized
[2018.11.09-16.26.54:292][  0]LogEngineSessionManager: EngineSessionManager sent abnormal shutdown report. Type=AbnormalShutdown, SessionId={861EC12C-4F48-CEF8-A75A-73BEB6EB40F3}
[2018.11.09-16.26.54:322][  0]LogInit: Transaction tracking system initialized
[2018.11.09-16.26.54:383][  0]BlueprintLog: New page: Editor Load
[2018.11.09-16.26.54:561][  0]LocalizationService: Localization service is disabled
[2018.11.09-16.26.55:042][  0]LogCook: Display: Max memory allowance for cook 16384mb min free memory 0mb
[2018.11.09-16.26.55:043][  0]LogCook: Display: Mobile HDR setting 1
[2018.11.09-16.26.55:043][  0]LogGameplayTags: Display: UGameplayTagsManager::DoneAddingNativeTags. DelegateIsBound: 0
[2018.11.09-16.26.55:043][  0]LogStats: UGameplayTagsManager::ConstructGameplayTagTree: ImportINI prefixes -  0.000 s
[2018.11.09-16.26.55:043][  0]LogStats: UGameplayTagsManager::ConstructGameplayTagTree: Construct from data asset -  0.000 s
[2018.11.09-16.26.55:043][  0]LogStats: UGameplayTagsManager::ConstructGameplayTagTree: ImportINI -  0.000 s
[2018.11.09-16.26.55:043][  0]LogStats: UGameplayTagsManager::ConstructGameplayTagTree: GameplayTagTreeChangedEvent.Broadcast -  0.000 s
[2018.11.09-16.26.55:303][  0]LogFileCache: Scanning file cache for directory 'C:/Users/hanspnd/Desktop/CodeCamp2018/CodeCamp2018/Content/' took 0.02s
[2018.11.09-16.26.55:303][  0]SourceControl: Source control is disabled
[2018.11.09-16.26.55:303][  0]Cmd: MAP LOAD FILE="../../../../../../Users/hanspnd/Desktop/CodeCamp2018/CodeCamp2018/Content/ThirdPersonBP/Maps/ThirdPersonExampleMap.umap" TEMPLATE=0 SHOWPROGRESS=1 FEATURELEVEL=3
[2018.11.09-16.26.55:304][  0]LightingResults: New page: Lighting Build
[2018.11.09-16.26.55:310][  0]MapCheck: New page: Map Check
[2018.11.09-16.26.55:310][  0]LightingResults: New page: Lighting Build
[2018.11.09-16.26.56:068][  0]LogAIModule: Creating AISystem for world ThirdPersonExampleMap
[2018.11.09-16.26.56:085][  0]LogEditorServer: Finished looking for orphan Actors (0.000 secs)
[2018.11.09-16.26.56:155][  0]Cmd: MAP CHECKDEP NOCLEARLOG
[2018.11.09-16.26.56:350][  0]MapCheck: Map check complete: 0 Error(s), 0 Warning(s), took 195.945ms to complete.
[2018.11.09-16.26.56:350][  0]LogFileHelpers: Loading map 'ThirdPersonExampleMap' took 1.048
[2018.11.09-16.26.56:495][  0]LogSlate: Updating window title bar state: overlay mode, drag disabled, window buttons hidden, title bar hidden
[2018.11.09-16.26.56:507][  0]LogSlate: Updating window title bar state: overlay mode, drag disabled, window buttons hidden, title bar hidden
[2018.11.09-16.26.56:518][  0]LogSlate: Updating window title bar state: overlay mode, drag disabled, window buttons hidden, title bar hidden
[2018.11.09-16.26.56:529][  0]LogSlate: Updating window title bar state: overlay mode, drag disabled, window buttons hidden, title bar hidden
[2018.11.09-16.26.56:543][  0]LogCollectionManager: Loaded 0 collections in 0.004104 seconds
[2018.11.09-16.26.56:595][  0]LogFileCache: Scanning file cache for directory 'C:/Users/hanspnd/Desktop/CodeCamp2018/CodeCamp2018/Saved/Collections/' took 0.01s
[2018.11.09-16.26.56:595][  0]LogFileCache: Scanning file cache for directory 'C:/Users/hanspnd/Desktop/CodeCamp2018/CodeCamp2018/Content/Developers/hanspnd/Collections/' took 0.01s
[2018.11.09-16.26.56:595][  0]LogFileCache: Scanning file cache for directory 'C:/Users/hanspnd/Desktop/CodeCamp2018/CodeCamp2018/Content/Collections/' took 0.01s
[2018.11.09-16.26.56:595][  0]LogCollectionManager: Rebuilt the GUID cache for 0 collections in 0.000000 seconds
[2018.11.09-16.26.56:609][  0]LogContentBrowser: Native class hierarchy populated in 0.0134 seconds. Added 2572 classes and 603 folders.
[2018.11.09-16.26.56:622][  0]LogContentBrowser: Native class hierarchy updated for 'WidgetCarousel' in 0.0004 seconds. Added 0 classes and 0 folders.
[2018.11.09-16.26.56:724][  0]LogContentBrowser: Native class hierarchy updated for 'AddContentDialog' in 0.0004 seconds. Added 0 classes and 0 folders.
[2018.11.09-16.26.56:734][  0]LogContentBrowser: Native class hierarchy updated for 'SceneOutliner' in 0.0005 seconds. Added 1 classes and 2 folders.
[2018.11.09-16.26.56:757][  0]LogSlate: Took 0.000457 seconds to synchronously load lazily loaded font '../../../Engine/Content/Slate/Fonts/Roboto-Regular.ttf' (155K)
[2018.11.09-16.26.56:763][  0]LogSlate: Took 0.000496 seconds to synchronously load lazily loaded font '../../../Engine/Content/Slate/Fonts/Roboto-Bold.ttf' (160K)
[2018.11.09-16.26.56:775][  0]LogSlate: Took 0.000505 seconds to synchronously load lazily loaded font '../../../Engine/Content/Editor/Slate/Fonts/FontAwesome.ttf' (139K)
[2018.11.09-16.26.56:918][  0]LogRenderer: Reallocating scene render targets to support 792x372 Format 10 NumSamples 1 (Frame:1).
[2018.11.09-16.26.57:552][  0]LogContentBrowser: Native class hierarchy updated for 'HierarchicalLODOutliner' in 0.0004 seconds. Added 0 classes and 0 folders.
[2018.11.09-16.26.57:552][  0]LogLoad: (Engine Initialization) Total time: 15.44 seconds
[2018.11.09-16.26.57:552][  0]LogLoad: (Engine Initialization) Total Blueprint compile time: 0.00 seconds
[2018.11.09-16.26.57:572][  0]LogWindowsTextInputMethodSystem: Display: IME system now deactivated.
[2018.11.09-16.26.57:598][  0]LogContentStreaming: Texture pool size now 1000 MB
[2018.11.09-16.26.57:617][  0]LogSlate: Took 0.000383 seconds to synchronously load lazily loaded font '../../../Engine/Content/Slate/Fonts/Roboto-Light.ttf' (167K)
[2018.11.09-16.26.58:225][  2]LogAssetRegistry: Asset discovery search completed in 8.7791 seconds
[2018.11.09-16.26.58:229][  2]LogCollectionManager: Rebuilt the object cache for 0 collections in 0.000000 seconds (found 0 objects)
[2018.11.09-16.26.58:229][  2]LogCollectionManager: Fixed up redirectors for 0 collections in 0.000098 seconds (updated 0 objects)
[2018.11.09-16.27.11:056][420]LogSlate: FSceneViewport::OnFocusLost() reason 0
[2018.11.09-16.27.24:129][865]LogSlate: FSceneViewport::OnFocusLost() reason 0
[2018.11.09-16.27.50:419][759]LogSlate: FSceneViewport::OnFocusLost() reason 0
[2018.11.09-16.27.57:457][ 33]LogSlate: FSceneViewport::OnFocusLost() reason 0
[2018.11.09-16.28.05:552][341]LogSlate: FSceneViewport::OnFocusLost() reason 0
[2018.11.09-16.28.47:780][122]LogSlate: Took 0.000606 seconds to synchronously load lazily loaded font '../../../Engine/Content/Slate/Fonts/Roboto-Light.ttf' (167K)
[2018.11.09-16.28.47:793][122]LogAssetEditorManager: Opening Asset editor for Blueprint /Game/ThirdPersonBP/AICharacter.AICharacter
[2018.11.09-16.28.48:523][122]LogContentBrowser: Native class hierarchy updated for 'BlueprintGraph' in 0.0011 seconds. Added 116 classes and 0 folders.
[2018.11.09-16.29.04:737][596]LogSlate: Window 'AICharacter*' being destroyed
[2018.11.09-16.29.04:806][596]LogAssetEditorManager: Opening Asset editor for Blueprint /Game/ThirdPersonBP/AICharacter.AICharacter
[2018.11.09-16.29.05:318][596]LogSlate: Took 0.000738 seconds to synchronously load lazily loaded font '../../../Engine/Content/Slate/Fonts/Roboto-BoldCondensed.ttf' (158K)
[2018.11.09-16.29.37:655][509]LogSlate: Window 'AICharacter*' being destroyed
[2018.11.09-16.29.37:668][509]LogSlate: Window 'AICharacter*' being destroyed
[2018.11.09-16.29.40:490][601]LogAssetEditorManager: Opening Asset editor for Blueprint /Game/ThirdPersonBP/ThirdPersonOverview.ThirdPersonOverview
[2018.11.09-16.29.43:842][686]LogSlate: Window 'ThirdPersonOverview' being destroyed
[2018.11.09-16.29.43:936][686]LogAssetEditorManager: Opening Asset editor for Blueprint /Game/ThirdPersonBP/ThirdPersonOverview.ThirdPersonOverview
[2018.11.09-16.29.48:187][793]LogSlate: Took 0.000494 seconds to synchronously load lazily loaded font '../../../Engine/Content/Slate/Fonts/Roboto-Italic.ttf' (157K)
[2018.11.09-16.30.08:502][491]LogSlate: Window 'ThirdPersonOverview' being destroyed
[2018.11.09-16.30.08:515][491]LogSlate: Window 'ThirdPersonOverview' being destroyed
[2018.11.09-16.30.14:785][774]LogAssetEditorManager: Opening Asset editor for Blueprint /Game/ThirdPersonBP/AICharacter.AICharacter
[2018.11.09-16.30.53:130][741]LogTemp: Repeating last play command: Selected Viewport
[2018.11.09-16.30.53:187][741]LogBlueprintUserMessages: Early PlayInEditor Detection: Level '/Game/ThirdPersonBP/Maps/ThirdPersonExampleMap.ThirdPersonExampleMap:PersistentLevel' has LevelScriptBlueprint '/Game/ThirdPersonBP/Maps/ThirdPersonExampleMap.ThirdPersonExampleMap:PersistentLevel.ThirdPersonExampleMap' with GeneratedClass '/Game/ThirdPersonBP/Maps/ThirdPersonExampleMap.ThirdPersonExampleMap_C' with ClassGeneratedBy '/Game/ThirdPersonBP/Maps/ThirdPersonExampleMap.ThirdPersonExampleMap:PersistentLevel.ThirdPersonExampleMap'
[2018.11.09-16.30.53:188][741]LogPlayLevel: PlayLevel: No blueprints needed recompiling
[2018.11.09-16.30.53:202][741]PIE: New page: PIE session: ThirdPersonExampleMap (Nov 9, 2018, 2:30:53 AM)
[2018.11.09-16.30.53:202][741]LogPlayLevel: Creating play world package: /Game/ThirdPersonBP/Maps/UEDPIE_0_ThirdPersonExampleMap
[2018.11.09-16.30.53:249][741]LogPlayLevel: PIE: StaticDuplicateObject took: (0.046386s)
[2018.11.09-16.30.53:250][741]LogAIModule: Creating AISystem for world ThirdPersonExampleMap
[2018.11.09-16.30.53:250][741]LogPlayLevel: PIE: World Init took: (0.001245s)
[2018.11.09-16.30.53:250][741]LogPlayLevel: PIE: Created PIE world by copying editor world from /Game/ThirdPersonBP/Maps/ThirdPersonExampleMap.ThirdPersonExampleMap to /Game/ThirdPersonBP/Maps/UEDPIE_0_ThirdPersonExampleMap.ThirdPersonExampleMap (0.047884s)
[2018.11.09-16.30.53:312][741]LogInit: XAudio2 using 'Speakers (2- Logitech G430 Gaming Headset)' : 2 channels at 48 kHz using 16 bits per sample (channel mask 0x3)
[2018.11.09-16.30.53:327][741]LogInit: FAudioDevice initialized.
[2018.11.09-16.30.53:383][741]LogLoad: Game class is 'ThirdPersonGameMode_C'
[2018.11.09-16.30.53:387][741]LogWorld: Bringing World /Game/ThirdPersonBP/Maps/UEDPIE_0_ThirdPersonExampleMap.ThirdPersonExampleMap up for play (max tick rate 60) at 2018.11.09-09.30.53
[2018.11.09-16.30.53:387][741]LogWorld: Bringing up level for play took: 0.002746
[2018.11.09-16.30.53:411][741]LogContentBrowser: Native class hierarchy updated for 'MovieSceneCapture' in 0.0004 seconds. Added 10 classes and 0 folders.
[2018.11.09-16.30.53:412][741]PIE: Play in editor start time for /Game/ThirdPersonBP/Maps/UEDPIE_0_ThirdPersonExampleMap 0.528
[2018.11.09-16.30.53:412][741]LogBlueprintUserMessages: Late PlayInEditor Detection: Level '/Game/ThirdPersonBP/Maps/ThirdPersonExampleMap.ThirdPersonExampleMap:PersistentLevel' has LevelScriptBlueprint '/Game/ThirdPersonBP/Maps/ThirdPersonExampleMap.ThirdPersonExampleMap:PersistentLevel.ThirdPersonExampleMap' with GeneratedClass '/Game/ThirdPersonBP/Maps/ThirdPersonExampleMap.ThirdPersonExampleMap_C' with ClassGeneratedBy '/Game/ThirdPersonBP/Maps/ThirdPersonExampleMap.ThirdPersonExampleMap:PersistentLevel.ThirdPersonExampleMap'
[2018.11.09-16.30.57:026][891]LogBlueprintUserMessages: Early EndPlayMap Detection: Level '/Game/ThirdPersonBP/Maps/ThirdPersonExampleMap.ThirdPersonExampleMap:PersistentLevel' has LevelScriptBlueprint '/Game/ThirdPersonBP/Maps/ThirdPersonExampleMap.ThirdPersonExampleMap:PersistentLevel.ThirdPersonExampleMap' with GeneratedClass '/Game/ThirdPersonBP/Maps/ThirdPersonExampleMap.ThirdPersonExampleMap_C' with ClassGeneratedBy '/Game/ThirdPersonBP/Maps/ThirdPersonExampleMap.ThirdPersonExampleMap:PersistentLevel.ThirdPersonExampleMap'
[2018.11.09-16.30.57:027][891]LogSlate: Updating window title bar state: overlay mode, drag disabled, window buttons hidden, title bar hidden
[2018.11.09-16.30.57:097][891]LogPlayLevel: Display: Shutting down PIE online subsystems
[2018.11.09-16.30.57:097][891]LogBlueprintUserMessages: Late EndPlayMap Detection: Level '/Game/ThirdPersonBP/Maps/ThirdPersonExampleMap.ThirdPersonExampleMap:PersistentLevel' has LevelScriptBlueprint '/Game/ThirdPersonBP/Maps/ThirdPersonExampleMap.ThirdPersonExampleMap:PersistentLevel.ThirdPersonExampleMap' with GeneratedClass '/Game/ThirdPersonBP/Maps/ThirdPersonExampleMap.ThirdPersonExampleMap_C' with ClassGeneratedBy '/Game/ThirdPersonBP/Maps/ThirdPersonExampleMap.ThirdPersonExampleMap:PersistentLevel.ThirdPersonExampleMap'
[2018.11.09-16.30.57:145][891]LogSlate: Updating window title bar state: overlay mode, drag disabled, window buttons hidden, title bar hidden
[2018.11.09-16.30.57:176][892]LogPlayLevel: Display: Destroying online subsystem :Context_6
[2018.11.09-16.31.06:750][166]LogSlate: Window 'AICharacter*' being destroyed
[2018.11.09-16.31.06:763][166]LogSlate: Window 'AICharacter*' being destroyed
[2018.11.09-16.31.11:051][258]LogAssetEditorManager: Opening Asset editor for Blueprint /Game/ThirdPersonBP/Blueprints/ThirdPersonCharacter.ThirdPersonCharacter
[2018.11.09-16.31.13:949][315]LogSlate: Window 'ThirdPersonCharacter' being destroyed
[2018.11.09-16.31.13:960][315]LogSlate: Window 'ThirdPersonCharacter' being destroyed
[2018.11.09-16.31.41:614][ 11]LogAssetEditorManager: Opening Asset editor for Blueprint /Game/ThirdPersonBP/Blueprints/ThirdPersonCharacter.ThirdPersonCharacter
[2018.11.09-16.31.43:809][ 57]LogSlate: Window 'ThirdPersonCharacter' being destroyed
[2018.11.09-16.31.43:822][ 57]LogSlate: Window 'ThirdPersonCharacter' being destroyed
[2018.11.09-16.32.00:752][404]LogAssetEditorManager: Opening Asset editor for Blueprint /Game/ThirdPersonBP/Blueprints/AI_Character.AI_Character
[2018.11.09-16.32.14:123][675]LogRenderer: Reallocating scene render targets to support 792x500 Format 10 NumSamples 1 (Frame:1).
[2018.11.09-16.32.18:136][729]LogSlate: FSceneViewport::OnFocusLost() reason 0
[2018.11.09-16.32.40:189][903]LogSlate: FSceneViewport::OnFocusLost() reason 0
[2018.11.09-16.33.04:847][ 68]LogSlate: FSceneViewport::OnFocusLost() reason 2
[2018.11.09-16.33.46:912][603]LogSlate: FSceneViewport::OnFocusLost() reason 0
[2018.11.09-16.33.47:036][605]BlueprintLog: New page: Compile AI_Character
[2018.11.09-16.35.12:833][ 45]LogSlate: FSceneViewport::OnFocusLost() reason 0
[2018.11.09-16.35.18:031][142]LogSlate: FSceneViewport::OnFocusLost() reason 0
[2018.11.09-16.35.24:066][276]LogSlate: FSceneViewport::OnFocusLost() reason 0
[2018.11.09-16.36.17:821][636]LogSlate: FSceneViewport::OnFocusLost() reason 0
[2018.11.09-16.36.39:403][230]LogSavePackage: Moving '../../../../../../Users/hanspnd/Desktop/CodeCamp2018/CodeCamp2018/Saved/AI_Character154EB105419D00ED56E1F2BB6AAE42CD.tmp' to '../../../../../../Users/hanspnd/Desktop/CodeCamp2018/CodeCamp2018/Content/ThirdPersonBP/Blueprints/AI_Character.uasset'
[2018.11.09-16.36.44:056][293]LogSavePackage: Moving '../../../../../../Users/hanspnd/Desktop/CodeCamp2018/CodeCamp2018/Saved/ThirdPersonExampleMapC68B0E9A4D0DC72C4262F9B273341780.tmp' to '../../../../../../Users/hanspnd/Desktop/CodeCamp2018/CodeCamp2018/Content/ThirdPersonBP/Maps/ThirdPersonExampleMap.umap'
[2018.11.09-16.36.44:638][293]LogSavePackage: Moving '../../../../../../Users/hanspnd/Desktop/CodeCamp2018/CodeCamp2018/Saved/ThirdPersonExampleMap_BuiltData9548E5DF4A231CD1CC1AAABCCFB8A1E6.tmp' to '../../../../../../Users/hanspnd/Desktop/CodeCamp2018/CodeCamp2018/Content/ThirdPersonBP/Maps/ThirdPersonExampleMap_BuiltData.uasset'
[2018.11.09-16.37.03:864][907]LogEditorTransaction: Undo Delete current selection
[2018.11.09-16.41.48:956][503]LogSavePackage: Moving '../../../../../../Users/hanspnd/Desktop/CodeCamp2018/CodeCamp2018/Saved/AI_Character3DF8F3FC4BD52A2B14EC4C8AF94A1A73.tmp' to '../../../../../../Users/hanspnd/Desktop/CodeCamp2018/CodeCamp2018/Content/ThirdPersonBP/Blueprints/AI_Character.uasset'
[2018.11.09-16.47.09:691][946]LogFileHelpers: Editor autosave (incl. sublevels) for '/Game/ThirdPersonBP/Maps/ThirdPersonExampleMap' took 0.041
[2018.11.09-16.47.09:718][946]OBJ SavePackage: Generating thumbnails for [0] asset(s) in package [/Game/ThirdPersonBP/AICharacter] ([1] browsable assets)...
[2018.11.09-16.47.09:718][946]OBJ SavePackage: Finished generating thumbnails for package [/Game/ThirdPersonBP/AICharacter]
[2018.11.09-16.47.09:747][946]LogSavePackage: Moving '../../../../../../Users/hanspnd/Desktop/CodeCamp2018/CodeCamp2018/Saved/AICharacter_Auto1040DF28A45A316944987FAB408863F54.tmp' to '../../../../../../Users/hanspnd/Desktop/CodeCamp2018/CodeCamp2018/Saved/Autosaves/Game/ThirdPersonBP/AICharacter_Auto1.uasset'
[2018.11.09-16.47.09:754][946]OBJ SavePackage: Generating thumbnails for [1] asset(s) in package [/Game/ThirdPersonBP/Blueprints/AI_Character] ([1] browsable assets)...
[2018.11.09-16.47.09:816][946]OBJ SavePackage:     Rendered thumbnail for [Blueprint /Game/ThirdPersonBP/Blueprints/AI_Character.AI_Character]
[2018.11.09-16.47.09:816][946]OBJ SavePackage: Finished generating thumbnails for package [/Game/ThirdPersonBP/Blueprints/AI_Character]
[2018.11.09-16.47.09:894][946]LogSavePackage: Moving '../../../../../../Users/hanspnd/Desktop/CodeCamp2018/CodeCamp2018/Saved/AI_Character_Auto19467451147B06C85AE9C82839F72364D.tmp' to '../../../../../../Users/hanspnd/Desktop/CodeCamp2018/CodeCamp2018/Saved/Autosaves/Game/ThirdPersonBP/Blueprints/AI_Character_Auto1.uasset'
[2018.11.09-16.47.09:900][946]LogFileHelpers: Auto-saving content packages took 0.208
[2018.11.09-16.50.58:650][419]BlueprintLog: New page: Compile AI_Character
[2018.11.09-16.51.01:781][497]LogSlate: Window 'AI_Character*' being destroyed
[2018.11.09-16.51.01:789][497]LogSlate: Window 'AI_Character*' being destroyed
[2018.11.09-16.51.08:094][664]LogSlate: FSceneViewport::OnFocusLost() reason 0
[2018.11.09-16.51.12:626][784]LogSlate: FSceneViewport::OnFocusLost() reason 0
[2018.11.09-16.51.16:542][893]LogSlate: FSceneViewport::OnFocusLost() reason 0
[2018.11.09-16.51.16:633][896]LogTemp: Repeating last play command: Selected Viewport
[2018.11.09-16.51.16:656][896]LogBlueprintUserMessages: Early PlayInEditor Detection: Level '/Game/ThirdPersonBP/Maps/ThirdPersonExampleMap.ThirdPersonExampleMap:PersistentLevel' has LevelScriptBlueprint '/Game/ThirdPersonBP/Maps/ThirdPersonExampleMap.ThirdPersonExampleMap:PersistentLevel.ThirdPersonExampleMap' with GeneratedClass '/Game/ThirdPersonBP/Maps/ThirdPersonExampleMap.ThirdPersonExampleMap_C' with ClassGeneratedBy '/Game/ThirdPersonBP/Maps/ThirdPersonExampleMap.ThirdPersonExampleMap:PersistentLevel.ThirdPersonExampleMap'
[2018.11.09-16.51.16:656][896]LogPlayLevel: PlayLevel: No blueprints needed recompiling
[2018.11.09-16.51.16:657][896]PIE: New page: PIE session: ThirdPersonExampleMap (Nov 9, 2018, 2:51:16 AM)
[2018.11.09-16.51.16:657][896]LogPlayLevel: Creating play world package: /Game/ThirdPersonBP/Maps/UEDPIE_0_ThirdPersonExampleMap
[2018.11.09-16.51.16:675][896]LogPlayLevel: PIE: StaticDuplicateObject took: (0.018277s)
[2018.11.09-16.51.16:676][896]LogAIModule: Creating AISystem for world ThirdPersonExampleMap
[2018.11.09-16.51.16:676][896]LogPlayLevel: PIE: World Init took: (0.001202s)
[2018.11.09-16.51.16:676][896]LogPlayLevel: PIE: Created PIE world by copying editor world from /Game/ThirdPersonBP/Maps/ThirdPersonExampleMap.ThirdPersonExampleMap to /Game/ThirdPersonBP/Maps/UEDPIE_0_ThirdPersonExampleMap.ThirdPersonExampleMap (0.019672s)
[2018.11.09-16.51.16:722][896]LogInit: XAudio2 using 'Speakers (2- Logitech G430 Gaming Headset)' : 2 channels at 48 kHz using 16 bits per sample (channel mask 0x3)
[2018.11.09-16.51.16:737][896]LogInit: FAudioDevice initialized.
[2018.11.09-16.51.16:771][896]LogLoad: Game class is 'ThirdPersonGameMode_C'
[2018.11.09-16.51.16:775][896]LogWorld: Bringing World /Game/ThirdPersonBP/Maps/UEDPIE_0_ThirdPersonExampleMap.ThirdPersonExampleMap up for play (max tick rate 60) at 2018.11.09-09.51.16
[2018.11.09-16.51.16:775][896]LogWorld: Bringing up level for play took: 0.003680
[2018.11.09-16.51.16:790][896]PIE: Play in editor start time for /Game/ThirdPersonBP/Maps/UEDPIE_0_ThirdPersonExampleMap -0.094
[2018.11.09-16.51.16:790][896]LogBlueprintUserMessages: Late PlayInEditor Detection: Level '/Game/ThirdPersonBP/Maps/ThirdPersonExampleMap.ThirdPersonExampleMap:PersistentLevel' has LevelScriptBlueprint '/Game/ThirdPersonBP/Maps/ThirdPersonExampleMap.ThirdPersonExampleMap:PersistentLevel.ThirdPersonExampleMap' with GeneratedClass '/Game/ThirdPersonBP/Maps/ThirdPersonExampleMap.ThirdPersonExampleMap_C' with ClassGeneratedBy '/Game/ThirdPersonBP/Maps/ThirdPersonExampleMap.ThirdPersonExampleMap:PersistentLevel.ThirdPersonExampleMap'
[2018.11.09-16.52.03:134][387]LogBlueprintUserMessages: Early EndPlayMap Detection: Level '/Game/ThirdPersonBP/Maps/ThirdPersonExampleMap.ThirdPersonExampleMap:PersistentLevel' has LevelScriptBlueprint '/Game/ThirdPersonBP/Maps/ThirdPersonExampleMap.ThirdPersonExampleMap:PersistentLevel.ThirdPersonExampleMap' with GeneratedClass '/Game/ThirdPersonBP/Maps/ThirdPersonExampleMap.ThirdPersonExampleMap_C' with ClassGeneratedBy '/Game/ThirdPersonBP/Maps/ThirdPersonExampleMap.ThirdPersonExampleMap:PersistentLevel.ThirdPersonExampleMap'
[2018.11.09-16.52.03:136][387]LogSlate: Updating window title bar state: overlay mode, drag disabled, window buttons hidden, title bar hidden
[2018.11.09-16.52.03:210][387]LogPlayLevel: Display: Shutting down PIE online subsystems
[2018.11.09-16.52.03:211][387]LogBlueprintUserMessages: Late EndPlayMap Detection: Level '/Game/ThirdPersonBP/Maps/ThirdPersonExampleMap.ThirdPersonExampleMap:PersistentLevel' has LevelScriptBlueprint '/Game/ThirdPersonBP/Maps/ThirdPersonExampleMap.ThirdPersonExampleMap:PersistentLevel.ThirdPersonExampleMap' with GeneratedClass '/Game/ThirdPersonBP/Maps/ThirdPersonExampleMap.ThirdPersonExampleMap_C' with ClassGeneratedBy '/Game/ThirdPersonBP/Maps/ThirdPersonExampleMap.ThirdPersonExampleMap:PersistentLevel.ThirdPersonExampleMap'
[2018.11.09-16.52.03:268][387]LogSlate: Updating window title bar state: overlay mode, drag disabled, window buttons hidden, title bar hidden
[2018.11.09-16.52.03:302][388]LogPlayLevel: Display: Destroying online subsystem :Context_13
[2018.11.09-16.52.05:408][433]LogSlate: FSceneViewport::OnFocusLost() reason 0
[2018.11.09-16.52.05:605][434]LogAssetEditorManager: Opening Asset editor for Blueprint /Game/ThirdPersonBP/Blueprints/AI_Character.AI_Character
[2018.11.09-16.52.23:616][783]LogAssetEditorManager: Opening Asset editor for Blueprint /Game/ThirdPersonBP/Blueprints/ThirdPersonCharacter.ThirdPersonCharacter
[2018.11.09-16.55.16:646][ 97]LogTemp: Repeating last play command: Selected Viewport
[2018.11.09-16.55.16:712][ 97]LogBlueprintUserMessages: Early PlayInEditor Detection: Level '/Game/ThirdPersonBP/Maps/ThirdPersonExampleMap.ThirdPersonExampleMap:PersistentLevel' has LevelScriptBlueprint '/Game/ThirdPersonBP/Maps/ThirdPersonExampleMap.ThirdPersonExampleMap:PersistentLevel.ThirdPersonExampleMap' with GeneratedClass '/Game/ThirdPersonBP/Maps/ThirdPersonExampleMap.ThirdPersonExampleMap_C' with ClassGeneratedBy '/Game/ThirdPersonBP/Maps/ThirdPersonExampleMap.ThirdPersonExampleMap:PersistentLevel.ThirdPersonExampleMap'
[2018.11.09-16.55.16:712][ 97]LogPlayLevel: PlayLevel: No blueprints needed recompiling
[2018.11.09-16.55.16:713][ 97]PIE: New page: PIE session: ThirdPersonExampleMap (Nov 9, 2018, 2:55:16 AM)
[2018.11.09-16.55.16:713][ 97]LogPlayLevel: Creating play world package: /Game/ThirdPersonBP/Maps/UEDPIE_0_ThirdPersonExampleMap
[2018.11.09-16.55.16:746][ 97]LogPlayLevel: PIE: StaticDuplicateObject took: (0.033200s)
[2018.11.09-16.55.16:749][ 97]LogAIModule: Creating AISystem for world ThirdPersonExampleMap
[2018.11.09-16.55.16:749][ 97]LogPlayLevel: PIE: World Init took: (0.002946s)
[2018.11.09-16.55.16:750][ 97]LogPlayLevel: PIE: Created PIE world by copying editor world from /Game/ThirdPersonBP/Maps/ThirdPersonExampleMap.ThirdPersonExampleMap to /Game/ThirdPersonBP/Maps/UEDPIE_0_ThirdPersonExampleMap.ThirdPersonExampleMap (0.036521s)
[2018.11.09-16.55.16:812][ 97]LogInit: XAudio2 using 'Speakers (2- Logitech G430 Gaming Headset)' : 2 channels at 48 kHz using 16 bits per sample (channel mask 0x3)
[2018.11.09-16.55.16:829][ 97]LogInit: FAudioDevice initialized.
[2018.11.09-16.55.16:862][ 97]LogLoad: Game class is 'ThirdPersonGameMode_C'
[2018.11.09-16.55.16:866][ 97]LogWorld: Bringing World /Game/ThirdPersonBP/Maps/UEDPIE_0_ThirdPersonExampleMap.ThirdPersonExampleMap up for play (max tick rate 60) at 2018.11.09-09.55.16
[2018.11.09-16.55.16:866][ 97]LogWorld: Bringing up level for play took: 0.004087
[2018.11.09-16.55.16:881][ 97]PIE: Play in editor start time for /Game/ThirdPersonBP/Maps/UEDPIE_0_ThirdPersonExampleMap -0.003
[2018.11.09-16.55.16:881][ 97]LogBlueprintUserMessages: Late PlayInEditor Detection: Level '/Game/ThirdPersonBP/Maps/ThirdPersonExampleMap.ThirdPersonExampleMap:PersistentLevel' has LevelScriptBlueprint '/Game/ThirdPersonBP/Maps/ThirdPersonExampleMap.ThirdPersonExampleMap:PersistentLevel.ThirdPersonExampleMap' with GeneratedClass '/Game/ThirdPersonBP/Maps/ThirdPersonExampleMap.ThirdPersonExampleMap_C' with ClassGeneratedBy '/Game/ThirdPersonBP/Maps/ThirdPersonExampleMap.ThirdPersonExampleMap:PersistentLevel.ThirdPersonExampleMap'
[2018.11.09-16.57.47:990][950]LogSlate: FSceneViewport::OnFocusLost() reason 0
[2018.11.09-16.58.19:999][950]LogSlate: Window 'Save Content' being destroyed
[2018.11.09-16.58.20:014][950]Cmd: OBJ SAVEPACKAGE PACKAGE="/Game/ThirdPersonBP/AICharacter" FILE="../../../../../../Users/hanspnd/Desktop/CodeCamp2018/CodeCamp2018/Content/ThirdPersonBP/AICharacter.uasset" SILENT=true
[2018.11.09-16.58.20:050][950]LogSavePackage: Moving '../../../../../../Users/hanspnd/Desktop/CodeCamp2018/CodeCamp2018/Saved/AICharacter703F2AF54252C6C4D0094BB337C14790.tmp' to '../../../../../../Users/hanspnd/Desktop/CodeCamp2018/CodeCamp2018/Content/ThirdPersonBP/AICharacter.uasset'
[2018.11.09-16.58.20:209][950]LogSavePackage: Moving '../../../../../../Users/hanspnd/Desktop/CodeCamp2018/CodeCamp2018/Saved/AI_Character3C9426DB425D50A13ACB27AA92A53151.tmp' to '../../../../../../Users/hanspnd/Desktop/CodeCamp2018/CodeCamp2018/Content/ThirdPersonBP/Blueprints/AI_Character.uasset'
[2018.11.09-16.58.20:778][950]LogSavePackage: Moving '../../../../../../Users/hanspnd/Desktop/CodeCamp2018/CodeCamp2018/Saved/ThirdPersonExampleMap6237B4594A96FC85DCEF07B42FC350A8.tmp' to '../../../../../../Users/hanspnd/Desktop/CodeCamp2018/CodeCamp2018/Content/ThirdPersonBP/Maps/ThirdPersonExampleMap.umap'
[2018.11.09-16.58.20:826][950]LogFileHelpers: Saving map 'ThirdPersonExampleMap' took 0.605
[2018.11.09-16.58.21:002][950]LogSlate: Window 'ThirdPersonCharacter' being destroyed
[2018.11.09-16.58.21:015][950]LogActorComponent: UnregisterComponent: (/Engine/Transient.EditorFloorComp) Not registered. Aborting.
[2018.11.09-16.58.21:098][950]LogSlate: Window 'CodeCamp2018 - Unreal Editor' being destroyed
[2018.11.09-16.58.21:222][950]LogBlueprintUserMessages: Early EndPlayMap Detection: Level '/Game/ThirdPersonBP/Maps/ThirdPersonExampleMap.ThirdPersonExampleMap:PersistentLevel' has LevelScriptBlueprint '/Game/ThirdPersonBP/Maps/ThirdPersonExampleMap.ThirdPersonExampleMap:PersistentLevel.ThirdPersonExampleMap' with GeneratedClass '/Game/ThirdPersonBP/Maps/ThirdPersonExampleMap.ThirdPersonExampleMap_C' with ClassGeneratedBy '/Game/ThirdPersonBP/Maps/ThirdPersonExampleMap.ThirdPersonExampleMap:PersistentLevel.ThirdPersonExampleMap'
[2018.11.09-16.58.21:222][950]LogSlate: Updating window title bar state: overlay mode, drag disabled, window buttons hidden, title bar hidden
[2018.11.09-16.58.21:267][950]LogPlayLevel: Display: Shutting down PIE online subsystems
[2018.11.09-16.58.21:267][950]LogBlueprintUserMessages: Late EndPlayMap Detection: Level '/Game/ThirdPersonBP/Maps/ThirdPersonExampleMap.ThirdPersonExampleMap:PersistentLevel' has LevelScriptBlueprint '/Game/ThirdPersonBP/Maps/ThirdPersonExampleMap.ThirdPersonExampleMap:PersistentLevel.ThirdPersonExampleMap' with GeneratedClass '/Game/ThirdPersonBP/Maps/ThirdPersonExampleMap.ThirdPersonExampleMap_C' with ClassGeneratedBy '/Game/ThirdPersonBP/Maps/ThirdPersonExampleMap.ThirdPersonExampleMap:PersistentLevel.ThirdPersonExampleMap'
[2018.11.09-16.58.21:367][950]LogSlate: Updating window title bar state: overlay mode, drag disabled, window buttons hidden, title bar hidden
[2018.11.09-16.58.21:583][951]Cmd: QUIT_EDITOR
[2018.11.09-16.58.22:501][951]LogWindowsTextInputMethodSystem: Display: IME system now deactivated.
[2018.11.09-16.58.22:528][951]LogExit: Preparing to exit.
[2018.11.09-16.58.22:815][951]LogExit: Editor shut down
[2018.11.09-16.58.22:816][951]LogExit: Transaction tracking system shut down
[2018.11.09-16.58.23:704][951]LogExit: Object subsystem successfully closed.
[2018.11.09-16.58.23:732][951]LogShaderCompilers: Display: Shaders left to compile 0
[2018.11.09-16.58.23:741][951]LogD3D11RHI: Shutdown
[2018.11.09-16.58.23:741][951]LogD3D11RHI: CleanupD3DDevice
[2018.11.09-16.58.23:792][951]LogD3D11RHI: ~FD3D11DynamicRHI
[2018.11.09-16.58.23:859][951]LogModuleManager: Shutting down and abandoning module MovieSceneCapture (616)
[2018.11.09-16.58.23:859][951]LogModuleManager: Shutting down and abandoning module Voice (614)
[2018.11.09-16.58.23:859][951]LogModuleManager: Shutting down and abandoning module BlueprintGraph (612)
[2018.11.09-16.58.23:859][951]LogModuleManager: Shutting down and abandoning module HierarchicalLODOutliner (610)
[2018.11.09-16.58.23:859][951]LogModuleManager: Shutting down and abandoning module SceneOutliner (608)
[2018.11.09-16.58.23:859][951]LogModuleManager: Shutting down and abandoning module AddContentDialog (606)
[2018.11.09-16.58.23:863][951]LogModuleManager: Shutting down and abandoning module WidgetCarousel (605)
[2018.11.09-16.58.23:863][951]LogModuleManager: Shutting down and abandoning module EditorWidgets (602)
[2018.11.09-16.58.23:863][951]LogModuleManager: Shutting down and abandoning module CollectionManager (600)
[2018.11.09-16.58.23:864][951]LogModuleManager: Shutting down and abandoning module StatsViewer (598)
[2018.11.09-16.58.23:864][951]LogModuleManager: Shutting down and abandoning module FoliageEdit (596)
[2018.11.09-16.58.23:864][951]LogModuleManager: Shutting down and abandoning module LandscapeEditor (594)
[2018.11.09-16.58.23:864][951]LogModuleManager: Shutting down and abandoning module MeshPaintMode (592)
[2018.11.09-16.58.23:864][951]LogModuleManager: Shutting down and abandoning module SceneDepthPickerMode (590)
[2018.11.09-16.58.23:864][951]LogModuleManager: Shutting down and abandoning module ActorPickerMode (588)
[2018.11.09-16.58.23:864][951]LogModuleManager: Shutting down and abandoning module GeometryMode (586)
[2018.11.09-16.58.23:864][951]LogModuleManager: Shutting down and abandoning module TextureAlignMode (584)
[2018.11.09-16.58.23:864][951]LogModuleManager: Shutting down and abandoning module BspMode (582)
[2018.11.09-16.58.23:864][951]LogModuleManager: Shutting down and abandoning module PIEPreviewDeviceProfileSelector (580)
[2018.11.09-16.58.23:864][951]LogModuleManager: Shutting down and abandoning module SequenceRecorderSections (578)
[2018.11.09-16.58.23:865][951]LogModuleManager: Shutting down and abandoning module AutomationWorker (576)
[2018.11.09-16.58.23:865][951]LogModuleManager: Shutting down and abandoning module AudioCaptureEditor (574)
[2018.11.09-16.58.23:865][951]LogModuleManager: Shutting down and abandoning module SequenceRecorder (573)
[2018.11.09-16.58.23:865][951]LogModuleManager: Shutting down and abandoning module MatineeToLevelSequence (570)
[2018.11.09-16.58.23:865][951]LogModuleManager: Shutting down and abandoning module LevelSequenceEditor (568)
[2018.11.09-16.58.23:865][951]LogModuleManager: Shutting down and abandoning module PlacementMode (567)
[2018.11.09-16.58.23:865][951]LogModuleManager: Shutting down and abandoning module MaterialEditor (566)
[2018.11.09-16.58.23:865][951]LogModuleManager: Shutting down and abandoning module WmfMediaFactory (562)
[2018.11.09-16.58.23:865][951]LogModuleManager: Shutting down and abandoning module WmfMediaEditor (560)
[2018.11.09-16.58.23:865][951]LogModuleManager: Shutting down and abandoning module MediaPlayerEditor (558)
[2018.11.09-16.58.23:865][951]LogModuleManager: Shutting down and abandoning module OpenExrWrapper (556)
[2018.11.09-16.58.23:865][951]LogModuleManager: Shutting down and abandoning module ImgMediaFactory (554)
[2018.11.09-16.58.23:865][951]LogModuleManager: Shutting down and abandoning module ImgMediaEditor (552)
[2018.11.09-16.58.23:865][951]LogModuleManager: Shutting down and abandoning module AvfMediaFactory (550)
[2018.11.09-16.58.23:865][951]LogModuleManager: Shutting down and abandoning module AvfMediaEditor (548)
[2018.11.09-16.58.23:865][951]LogModuleManager: Shutting down and abandoning module AndroidMediaFactory (546)
[2018.11.09-16.58.23:865][951]LogModuleManager: Shutting down and abandoning module AndroidMediaEditor (544)
[2018.11.09-16.58.23:865][951]LogModuleManager: Shutting down and abandoning module MagicLeapCameraPreviewFactory (542)
[2018.11.09-16.58.23:865][951]LogModuleManager: Shutting down and abandoning module MagicLeapMediaFactory (540)
[2018.11.09-16.58.23:865][951]LogModuleManager: Shutting down and abandoning module MagicLeapMediaEditor (538)
[2018.11.09-16.58.23:865][951]LogModuleManager: Shutting down and abandoning module CharacterAI (536)
[2018.11.09-16.58.23:865][951]LogModuleManager: Shutting down and abandoning module SmartSnapping (534)
[2018.11.09-16.58.23:865][951]LogModuleManager: Shutting down and abandoning module SessionServices (532)
[2018.11.09-16.58.23:865][951]LogModuleManager: Shutting down and abandoning module ViewportSnapping (530)
[2018.11.09-16.58.23:865][951]LogModuleManager: Shutting down and abandoning module ViewportInteraction (528)
[2018.11.09-16.58.23:865][951]LogModuleManager: Shutting down and abandoning module ClothPainter (526)
[2018.11.09-16.58.23:866][951]LogModuleManager: Shutting down and abandoning module SkeletalMeshEditor (525)
[2018.11.09-16.58.23:866][951]LogModuleManager: Shutting down and abandoning module LogVisualizer (522)
[2018.11.09-16.58.23:866][951]LogModuleManager: Shutting down and abandoning module IntroTutorials (520)
[2018.11.09-16.58.23:866][951]LogModuleManager: Shutting down and abandoning module GameProjectGeneration (519)
[2018.11.09-16.58.23:866][951]LogModuleManager: Shutting down and abandoning module LuminPlatformEditor (516)
[2018.11.09-16.58.23:866][951]LogModuleManager: Shutting down and abandoning module IOSPlatformEditor (514)
[2018.11.09-16.58.23:866][951]LogModuleManager: Shutting down and abandoning module HTML5PlatformEditor (512)
[2018.11.09-16.58.23:866][951]LogModuleManager: Shutting down and abandoning module AndroidPlatformEditor (510)
[2018.11.09-16.58.23:866][951]LogModuleManager: Shutting down and abandoning module AndroidDeviceDetection (509)
[2018.11.09-16.58.24:642][951]LogModuleManager: Shutting down and abandoning module WindowsPlatformEditor (506)
[2018.11.09-16.58.24:642][951]LogModuleManager: Shutting down and abandoning module LuminRuntimeSettings (504)
[2018.11.09-16.58.24:643][951]LogModuleManager: Shutting down and abandoning module IOSRuntimeSettings (502)
[2018.11.09-16.58.24:643][951]LogModuleManager: Shutting down and abandoning module AndroidRuntimeSettings (500)
[2018.11.09-16.58.24:643][951]LogModuleManager: Shutting down and abandoning module InputBindingEditor (498)
[2018.11.09-16.58.24:643][951]LogModuleManager: Shutting down and abandoning module MergeActors (496)
[2018.11.09-16.58.24:643][951]LogModuleManager: Shutting down and abandoning module LocalizationDashboard (494)
[2018.11.09-16.58.24:643][951]LogModuleManager: Shutting down and abandoning module LocalizationService (493)
[2018.11.09-16.58.24:643][951]LogModuleManager: Shutting down and abandoning module HardwareTargeting (490)
[2018.11.09-16.58.24:643][951]LogModuleManager: Shutting down and abandoning module DeviceProfileEditor (488)
[2018.11.09-16.58.24:643][951]LogModuleManager: Shutting down and abandoning module UndoHistory (486)
[2018.11.09-16.58.24:643][951]LogModuleManager: Shutting down and abandoning module XmlParser (484)
[2018.11.09-16.58.24:643][951]LogModuleManager: Shutting down and abandoning module Blutility (482)
[2018.11.09-16.58.24:643][951]LogModuleManager: Shutting down and abandoning module ProjectSettingsViewer (480)
[2018.11.09-16.58.24:644][951]LogModuleManager: Shutting down and abandoning module ProjectTargetPlatformEditor (479)
[2018.11.09-16.58.24:644][951]LogModuleManager: Shutting down and abandoning module EditorSettingsViewer (476)
[2018.11.09-16.58.24:644][951]LogModuleManager: Shutting down and abandoning module SettingsEditor (474)
[2018.11.09-16.58.24:644][951]LogModuleManager: Shutting down and abandoning module ProjectLauncher (472)
[2018.11.09-16.58.24:644][951]LogModuleManager: Shutting down and abandoning module SessionFrontend (470)
[2018.11.09-16.58.24:644][951]LogModuleManager: Shutting down and abandoning module ProfilerClient (468)
[2018.11.09-16.58.24:645][951]LogModuleManager: Shutting down and abandoning module DeviceManager (466)
[2018.11.09-16.58.24:645][951]LogModuleManager: Shutting down and abandoning module TargetDeviceServices (465)
[2018.11.09-16.58.24:700][951]LogModuleManager: Shutting down and abandoning module AutomationController (462)
[2018.11.09-16.58.24:700][951]LogModuleManager: Shutting down and abandoning module AutomationWindow (460)
[2018.11.09-16.58.24:700][951]LogModuleManager: Shutting down and abandoning module Layers (458)
[2018.11.09-16.58.24:700][951]LogModuleManager: Shutting down and abandoning module ComponentVisualizers (456)
[2018.11.09-16.58.24:700][951]LogModuleManager: Shutting down and abandoning module DetailCustomizations (454)
[2018.11.09-16.58.24:700][951]LogModuleManager: Shutting down and abandoning module PackagesDialog (452)
[2018.11.09-16.58.24:700][951]LogModuleManager: Shutting down and abandoning module Persona (450)
[2018.11.09-16.58.24:701][951]LogModuleManager: Shutting down and abandoning module AdvancedPreviewScene (449)
[2018.11.09-16.58.24:701][951]LogModuleManager: Shutting down and abandoning module AnimGraph (447)
[2018.11.09-16.58.24:701][951]LogModuleManager: Shutting down and abandoning module Kismet (444)
[2018.11.09-16.58.24:708][951]LogModuleManager: Shutting down and abandoning module GraphEditor (442)
[2018.11.09-16.58.24:708][951]LogModuleManager: Shutting down and abandoning module ClassViewer (440)
[2018.11.09-16.58.24:709][951]LogModuleManager: Shutting down and abandoning module Toolbox (438)
[2018.11.09-16.58.24:709][951]LogModuleManager: Shutting down and abandoning module ModuleUI (436)
[2018.11.09-16.58.24:709][951]LogModuleManager: Shutting down and abandoning module MovieSceneTools (434)
[2018.11.09-16.58.24:709][951]LogModuleManager: Shutting down and abandoning module OutputLog (432)
[2018.11.09-16.58.24:709][951]LogModuleManager: Shutting down and abandoning module GammaUI (430)
[2018.11.09-16.58.24:709][951]LogModuleManager: Shutting down and abandoning module Documentation (428)
[2018.11.09-16.58.24:709][951]LogModuleManager: Shutting down and abandoning module MovieSceneTracks (426)
[2018.11.09-16.58.24:709][951]LogModuleManager: Shutting down and abandoning module MovieScene (424)
[2018.11.09-16.58.24:709][951]LogModuleManager: Shutting down and abandoning module StreamingPauseRendering (422)
[2018.11.09-16.58.24:709][951]LogModuleManager: Shutting down and abandoning module LauncherPlatform (420)
[2018.11.09-16.58.24:709][951]LogModuleManager: Shutting down and abandoning module AnalyticsET (418)
[2018.11.09-16.58.24:709][951]LogModuleManager: Shutting down and abandoning module PortalServices (416)
[2018.11.09-16.58.24:709][951]LogModuleManager: Shutting down and abandoning module PortalRpc (414)
[2018.11.09-16.58.24:709][951]LogModuleManager: Shutting down and abandoning module MessagingRpc (412)
[2018.11.09-16.58.24:709][951]LogModuleManager: Shutting down and abandoning module AIModule (410)
[2018.11.09-16.58.24:710][951]LogModuleManager: Shutting down and abandoning module GameplayDebugger (409)
[2018.11.09-16.58.24:710][951]LogModuleManager: Shutting down and abandoning module AITestSuite (407)
[2018.11.09-16.58.24:710][951]LogModuleManager: Shutting down and abandoning module NavigationSystem (405)
[2018.11.09-16.58.24:710][951]LogModuleManager: Shutting down and abandoning module DesktopPlatform (402)
[2018.11.09-16.58.24:710][951]LogModuleManager: Shutting down and abandoning module ProfilerService (400)
[2018.11.09-16.58.24:926][951]LogModuleManager: Shutting down and abandoning module TaskGraph (398)
[2018.11.09-16.58.24:927][951]LogModuleManager: Shutting down and abandoning module SteamVRController (396)
[2018.11.09-16.58.24:927][951]LogModuleManager: Shutting down and abandoning module ProceduralMeshComponentEditor (394)
[2018.11.09-16.58.24:927][951]LogModuleManager: Shutting down and abandoning module ProceduralMeshComponent (392)
[2018.11.09-16.58.24:927][951]LogModuleManager: Shutting down and abandoning module OculusInput (390)
[2018.11.09-16.58.24:927][951]LogModuleManager: Shutting down and abandoning module MobilePatchingUtils (388)
[2018.11.09-16.58.24:927][951]LogModuleManager: Shutting down and abandoning module EditableMesh (386)
[2018.11.09-16.58.24:927][951]LogModuleManager: Shutting down and abandoning module CustomMeshComponent (384)
[2018.11.09-16.58.24:927][951]LogModuleManager: Shutting down and abandoning module CableComponent (382)
[2018.11.09-16.58.24:927][951]LogModuleManager: Shutting down and abandoning module AudioCapture (380)
[2018.11.09-16.58.24:927][951]LogModuleManager: Shutting down and abandoning module ArchVisCharacter (378)
[2018.11.09-16.58.24:927][951]LogModuleManager: Shutting down and abandoning module AndroidPermission (376)
[2018.11.09-16.58.24:927][951]LogModuleManager: Shutting down and abandoning module NUTUnrealEngine4 (374)
[2018.11.09-16.58.24:927][951]LogModuleManager: Shutting down and abandoning module NetcodeUnitTest (372)
[2018.11.09-16.58.24:928][951]LogModuleManager: Shutting down and abandoning module MediaCompositingEditor (370)
[2018.11.09-16.58.24:928][951]LogModuleManager: Shutting down and abandoning module MediaCompositing (368)
[2018.11.09-16.58.24:928][951]LogModuleManager: Shutting down and abandoning module LinearTimecode (366)
[2018.11.09-16.58.24:928][951]LogModuleManager: Shutting down and abandoning module ImgMedia (364)
[2018.11.09-16.58.24:939][951]LogModuleManager: Shutting down and abandoning module HTML5Networking (362)
[2018.11.09-16.58.24:940][951]LogModuleManager: Shutting down and abandoning module GeometryCacheTracks (360)
[2018.11.09-16.58.24:940][951]LogModuleManager: Shutting down and abandoning module GeometryCacheSequencer (358)
[2018.11.09-16.58.24:940][951]LogModuleManager: Shutting down and abandoning module BackChannel (356)
[2018.11.09-16.58.24:940][951]LogModuleManager: Shutting down and abandoning module AppleVision (354)
[2018.11.09-16.58.24:940][951]LogModuleManager: Shutting down and abandoning module AppleImageUtils (352)
[2018.11.09-16.58.24:940][951]LogModuleManager: Shutting down and abandoning module AlembicImporter (350)
[2018.11.09-16.58.24:940][951]LogModuleManager: Shutting down and abandoning module AlembicLibrary (349)
[2018.11.09-16.58.24:940][951]LogModuleManager: Shutting down and abandoning module GeometryCache (348)
[2018.11.09-16.58.24:940][951]LogModuleManager: Shutting down and abandoning module GeometryCacheEd (347)
[2018.11.09-16.58.24:940][951]LogModuleManager: Shutting down and abandoning module DatasmithContentEditor (342)
[2018.11.09-16.58.24:940][951]LogModuleManager: Shutting down and abandoning module DatasmithContent (340)
[2018.11.09-16.58.24:944][951]LogModuleManager: Shutting down and abandoning module SpeedTreeImporter (338)
[2018.11.09-16.58.24:944][951]LogModuleManager: Shutting down and abandoning module PluginBrowser (336)
[2018.11.09-16.58.24:944][951]LogModuleManager: Shutting down and abandoning module MobileLauncherProfileWizard (334)
[2018.11.09-16.58.24:944][951]LogModuleManager: Shutting down and abandoning module PolygonModeling (332)
[2018.11.09-16.58.24:944][951]LogModuleManager: Shutting down and abandoning module MeshEditor (330)
[2018.11.09-16.58.24:944][951]LogModuleManager: Shutting down and abandoning module CryptoKeysOpenSSL (328)
[2018.11.09-16.58.24:944][951]LogModuleManager: Shutting down and abandoning module CryptoKeys (326)
[2018.11.09-16.58.24:945][951]LogModuleManager: Shutting down and abandoning module VisualStudioSourceCodeAccess (324)
[2018.11.09-16.58.24:945][951]LogModuleManager: Shutting down and abandoning module VisualStudioCodeSourceCodeAccess (322)
[2018.11.09-16.58.24:945][951]LogModuleManager: Shutting down and abandoning module UObjectPlugin (320)
[2018.11.09-16.58.24:945][951]LogModuleManager: Shutting down and abandoning module SubversionSourceControl (318)
[2018.11.09-16.58.24:945][951]LogModuleManager: Shutting down and abandoning module PerforceSourceControl (316)
[2018.11.09-16.58.24:945][951]LogModuleManager: Shutting down and abandoning module GitSourceControl (314)
[2018.11.09-16.58.24:945][951]LogModuleManager: Shutting down and abandoning module SourceControl (313)
[2018.11.09-16.58.24:946][951]LogModuleManager: Shutting down and abandoning module CLionSourceCodeAccess (310)
[2018.11.09-16.58.24:946][951]LogModuleManager: Shutting down and abandoning module LightPropagationVolumeEditor (308)
[2018.11.09-16.58.24:946][951]LogModuleManager: Shutting down and abandoning module PaperTiledImporter (306)
[2018.11.09-16.58.24:946][951]LogModuleManager: Shutting down and abandoning module PaperSpriteSheetImporter (304)
[2018.11.09-16.58.24:946][951]LogModuleManager: Shutting down and abandoning module Paper2DEditor (302)
[2018.11.09-16.58.24:946][951]LogModuleManager: Shutting down and abandoning module MeshPaint (301)
[2018.11.09-16.58.24:946][951]LogModuleManager: Shutting down and abandoning module RuntimePhysXCooking (298)
[2018.11.09-16.58.24:946][951]LogModuleManager: Shutting down and abandoning module PhysXVehiclesEditor (296)
[2018.11.09-16.58.24:947][951]LogModuleManager: Shutting down and abandoning module PhysXVehicles (294)
[2018.11.09-16.58.24:947][951]LogModuleManager: Shutting down and abandoning module OculusEditor (292)
[2018.11.09-16.58.24:947][951]LogModuleManager: Shutting down and abandoning module LocationServicesBPLibrary (290)
[2018.11.09-16.58.24:947][951]LogModuleManager: Shutting down and abandoning module ImmediatePhysicsEditor (288)
[2018.11.09-16.58.24:947][951]LogModuleManager: Shutting down and abandoning module ImmediatePhysics (286)
[2018.11.09-16.58.24:947][951]LogModuleManager: Shutting down and abandoning module ActorSequence (284)
[2018.11.09-16.58.24:947][951]LogModuleManager: Shutting down and abandoning module UdpMessaging (282)
[2018.11.09-16.58.25:047][951]LogModuleManager: Shutting down and abandoning module TcpMessaging (280)
[2018.11.09-16.58.25:149][951]LogModuleManager: Shutting down and abandoning module MagicLeapAudio (278)
[2018.11.09-16.58.25:149][951]LogModuleManager: Shutting down and abandoning module GameplayTagsEditor (276)
[2018.11.09-16.58.25:149][951]LogModuleManager: Shutting down and abandoning module FacialAnimationEditor (274)
[2018.11.09-16.58.25:150][951]LogModuleManager: Shutting down and abandoning module FacialAnimation (272)
[2018.11.09-16.58.25:150][951]LogModuleManager: Shutting down and abandoning module DataValidation (270)
[2018.11.09-16.58.25:150][951]LogModuleManager: Shutting down and abandoning module AssetManagerEditor (268)
[2018.11.09-16.58.25:151][951]LogModuleManager: Shutting down and abandoning module LevelEditor (267)
[2018.11.09-16.58.25:155][951]LogModuleManager: Shutting down and abandoning module PixelInspectorModule (266)
[2018.11.09-16.58.25:155][951]LogModuleManager: Shutting down and abandoning module CommonMenuExtensions (264)
[2018.11.09-16.58.25:157][951]LogModuleManager: Shutting down and abandoning module MainFrame (262)
[2018.11.09-16.58.25:157][951]LogModuleManager: Shutting down and abandoning module HotReload (261)
[2018.11.09-16.58.25:160][951]LogModuleManager: Shutting down and abandoning module ContentBrowser (257)
[2018.11.09-16.58.25:174][951]LogModuleManager: Shutting down and abandoning module TreeMap (255)
[2018.11.09-16.58.25:175][951]LogModuleManager: Shutting down and abandoning module LightPropagationVolumeRuntime (252)
[2018.11.09-16.58.25:175][951]LogModuleManager: Shutting down and abandoning module AISupportModule (250)
[2018.11.09-16.58.25:175][951]LogModuleManager: Shutting down and abandoning module Paper2D (248)
[2018.11.09-16.58.25:175][951]LogModuleManager: Shutting down and abandoning module WindowsMoviePlayer (246)
[2018.11.09-16.58.25:175][951]LogModuleManager: Shutting down and abandoning module WmfMedia (244)
[2018.11.09-16.58.25:182][951]LogModuleManager: Shutting down and abandoning module Media (243)
[2018.11.09-16.58.25:190][951]LogModuleManager: Shutting down and abandoning module PacketHandler (240)
[2018.11.09-16.58.25:190][951]LogModuleManager: Shutting down and abandoning module ClothingSystemEditor (238)
[2018.11.09-16.58.25:190][951]LogModuleManager: Shutting down and abandoning module ClothingSystemRuntime (236)
[2018.11.09-16.58.25:190][951]LogModuleManager: Shutting down and abandoning module MediaAssets (234)
[2018.11.09-16.58.25:190][951]LogModuleManager: Shutting down and abandoning module Overlay (232)
[2018.11.09-16.58.25:190][951]LogModuleManager: Shutting down and abandoning module OverlayEditor (231)
[2018.11.09-16.58.25:190][951]LogModuleManager: Shutting down and abandoning module VREditor (228)
[2018.11.09-16.58.25:190][951]LogModuleManager: Shutting down and abandoning module StringTableEditor (226)
[2018.11.09-16.58.25:190][951]LogModuleManager: Shutting down and abandoning module GameplayTasksEditor (224)
[2018.11.09-16.58.25:190][951]LogModuleManager: Shutting down and abandoning module BehaviorTreeEditor (222)
[2018.11.09-16.58.25:190][951]LogModuleManager: Shutting down and abandoning module FunctionalTesting (220)
[2018.11.09-16.58.25:190][951]LogModuleManager: Shutting down and abandoning module CollisionAnalyzer (218)
[2018.11.09-16.58.25:190][951]LogModuleManager: Shutting down and abandoning module WorkspaceMenuStructure (217)
[2018.11.09-16.58.25:190][951]LogModuleManager: Shutting down and abandoning module UMG (214)
[2018.11.09-16.58.25:190][951]LogModuleManager: Shutting down and abandoning module UMGEditor (213)
[2018.11.09-16.58.25:191][951]LogModuleManager: Shutting down and abandoning module Sequencer (212)
[2018.11.09-16.58.25:191][951]LogModuleManager: Shutting down and abandoning module MessageLog (209)
[2018.11.09-16.58.25:191][951]LogModuleManager: Shutting down and abandoning module SlateReflector (204)
[2018.11.09-16.58.25:191][951]LogModuleManager: Shutting down and abandoning module Slate (202)
[2018.11.09-16.58.25:191][951]LogModuleManager: Shutting down and abandoning module EditorStyle (200)
[2018.11.09-16.58.25:197][951]LogModuleManager: Shutting down and abandoning module MRMesh (198)
[2018.11.09-16.58.25:197][951]LogModuleManager: Shutting down and abandoning module SourceCodeAccess (196)
[2018.11.09-16.58.25:197][951]LogModuleManager: Shutting down and abandoning module HeadMountedDisplay (194)
[2018.11.09-16.58.25:197][951]LogModuleManager: Shutting down and abandoning module XAudio2 (192)
[2018.11.09-16.58.25:197][951]LogModuleManager: Shutting down and abandoning module Networking (190)
[2018.11.09-16.58.25:197][951]LogModuleManager: Shutting down and abandoning module Core (188)
[2018.11.09-16.58.25:197][951]LogModuleManager: Shutting down and abandoning module LevelSequence (186)
[2018.11.09-16.58.25:197][951]LogModuleManager: Shutting down and abandoning module KismetCompiler (184)
[2018.11.09-16.58.25:197][951]LogModuleManager: Shutting down and abandoning module MeshUtilities (182)
[2018.11.09-16.58.25:197][951]LogModuleManager: Shutting down and abandoning module MeshMergeUtilities (181)
[2018.11.09-16.58.25:197][951]LogModuleManager: Shutting down and abandoning module MeshReductionInterface (180)
[2018.11.09-16.58.25:197][951]LogModuleManager: Shutting down and abandoning module SimplygonSwarm (179)
[2018.11.09-16.58.25:197][951]LogModuleManager: Shutting down and abandoning module ProxyLODMeshReduction (177)
[2018.11.09-16.58.25:197][951]LogModuleManager: Shutting down and abandoning module SimplygonMeshReduction (175)
[2018.11.09-16.58.25:197][951]LogModuleManager: Shutting down and abandoning module QuadricMeshReduction (173)
[2018.11.09-16.58.25:197][951]LogModuleManager: Shutting down and abandoning module MaterialBaking (169)
[2018.11.09-16.58.25:198][951]LogModuleManager: Shutting down and abandoning module DirectoryWatcher (165)
[2018.11.09-16.58.25:199][951]LogModuleManager: Shutting down and abandoning module DerivedDataCache (162)
[2018.11.09-16.58.25:266][951]LogDerivedDataCache: Shutdown
[2018.11.09-16.58.25:266][951]LogModuleManager: Shutting down and abandoning module XGEController (160)
[2018.11.09-16.58.25:266][951]LogXGEController: Cleaning working directory: C:/Users/hanspnd/AppData/Local/Temp/UnrealXGEWorkingDir/
[2018.11.09-16.58.25:267][951]LogModuleManager: Shutting down and abandoning module TargetPlatform (158)
[2018.11.09-16.58.25:267][951]LogModuleManager: Shutting down and abandoning module VulkanShaderFormat (157)
[2018.11.09-16.58.25:267][951]LogModuleManager: Shutting down and abandoning module ShaderFormatVectorVM (155)
[2018.11.09-16.58.25:267][951]LogModuleManager: Shutting down and abandoning module ShaderFormatOpenGL (153)
[2018.11.09-16.58.25:267][951]LogModuleManager: Shutting down and abandoning module ShaderFormatD3D (151)
[2018.11.09-16.58.25:267][951]LogModuleManager: Shutting down and abandoning module MetalShaderFormat (149)
[2018.11.09-16.58.25:267][951]LogModuleManager: Shutting down and abandoning module TextureFormatUncompressed (147)
[2018.11.09-16.58.25:267][951]LogModuleManager: Shutting down and abandoning module TextureFormatPVR (145)
[2018.11.09-16.58.25:267][951]LogModuleManager: Shutting down and abandoning module TextureFormatDXT (143)
[2018.11.09-16.58.25:267][951]LogModuleManager: Shutting down and abandoning module TextureFormatIntelISPCTexComp (141)
[2018.11.09-16.58.25:267][951]LogModuleManager: Shutting down and abandoning module TextureFormatASTC (139)
[2018.11.09-16.58.25:267][951]LogModuleManager: Shutting down and abandoning module ImageWrapper (138)
[2018.11.09-16.58.25:268][951]LogModuleManager: Shutting down and abandoning module TextureFormatAndroid (135)
[2018.11.09-16.58.25:268][951]LogModuleManager: Shutting down and abandoning module AudioFormatOpus (133)
[2018.11.09-16.58.25:268][951]LogModuleManager: Shutting down and abandoning module AudioFormatOgg (131)
[2018.11.09-16.58.25:268][951]LogModuleManager: Shutting down and abandoning module AudioFormatADPCM (129)
[2018.11.09-16.58.25:268][951]LogModuleManager: Shutting down and abandoning module LuminTargetPlatform (127)
[2018.11.09-16.58.25:268][951]LogModuleManager: Shutting down and abandoning module LinuxTargetPlatform (125)
[2018.11.09-16.58.25:268][951]LogModuleManager: Shutting down and abandoning module LinuxServerTargetPlatform (123)
[2018.11.09-16.58.25:268][951]LogModuleManager: Shutting down and abandoning module LinuxNoEditorTargetPlatform (121)
[2018.11.09-16.58.25:268][951]LogModuleManager: Shutting down and abandoning module LinuxClientTargetPlatform (119)
[2018.11.09-16.58.25:268][951]LogModuleManager: Shutting down and abandoning module TVOSTargetPlatform (117)
[2018.11.09-16.58.25:287][951]LogModuleManager: Shutting down and abandoning module Messaging (115)
[2018.11.09-16.58.25:287][951]LogModuleManager: Shutting down and abandoning module IOSTargetPlatform (113)
[2018.11.09-16.58.25:301][951]LogModuleManager: Shutting down and abandoning module HTML5TargetPlatform (111)
[2018.11.09-16.58.25:301][951]LogModuleManager: Shutting down and abandoning module AndroidTargetPlatform (109)
[2018.11.09-16.58.25:390][951]LogModuleManager: Shutting down and abandoning module WindowsTargetPlatform (107)
[2018.11.09-16.58.25:390][951]LogModuleManager: Shutting down and abandoning module WindowsServerTargetPlatform (105)
[2018.11.09-16.58.25:390][951]LogModuleManager: Shutting down and abandoning module WindowsNoEditorTargetPlatform (103)
[2018.11.09-16.58.25:390][951]LogModuleManager: Shutting down and abandoning module WindowsClientTargetPlatform (101)
[2018.11.09-16.58.25:390][951]LogModuleManager: Shutting down and abandoning module MacTargetPlatform (99)
[2018.11.09-16.58.25:390][951]LogModuleManager: Shutting down and abandoning module MacServerTargetPlatform (97)
[2018.11.09-16.58.25:390][951]LogModuleManager: Shutting down and abandoning module MacNoEditorTargetPlatform (95)
[2018.11.09-16.58.25:390][951]LogModuleManager: Shutting down and abandoning module MacClientTargetPlatform (93)
[2018.11.09-16.58.25:390][951]LogModuleManager: Shutting down and abandoning module AllDesktopTargetPlatform (91)
[2018.11.09-16.58.25:390][951]LogModuleManager: Shutting down and abandoning module InputCore (88)
[2018.11.09-16.58.25:390][951]LogModuleManager: Shutting down and abandoning module Settings (86)
[2018.11.09-16.58.25:391][951]LogModuleManager: Shutting down and abandoning module PhysXCooking (84)
[2018.11.09-16.58.25:391][951]LogModuleManager: Shutting down and abandoning module SteamVR (82)
[2018.11.09-16.58.25:391][951]LogModuleManager: Shutting down and abandoning module OculusHMD (80)
[2018.11.09-16.58.25:391][951]LogModuleManager: Shutting down and abandoning module ExampleDeviceProfileSelector (78)
[2018.11.09-16.58.25:391][951]LogModuleManager: Shutting down and abandoning module LauncherChunkInstaller (76)
[2018.11.09-16.58.25:391][951]LogModuleManager: Shutting down and abandoning module OnlineBlueprintSupport (74)
[2018.11.09-16.58.25:391][951]LogModuleManager: Shutting down and abandoning module OnlineSubsystem (70)
[2018.11.09-16.58.25:392][951]LogModuleManager: Shutting down and abandoning module XMPP (65)
[2018.11.09-16.58.25:392][951]LogModuleManager: Shutting down and abandoning module WebSockets (64)
[2018.11.09-16.58.25:413][951]LogModuleManager: Shutting down and abandoning module HTTP (61)
[2018.11.09-16.58.25:413][951]LogHttp: Display: Http module shutting down, but needs to wait on 1 outstanding Http requests:
[2018.11.09-16.58.25:413][951]LogHttp: Display: 	verb=[POST] url=[https://datarouter.ol.epicgames.com/datarouter/api/v1/public/data?SessionID=%7B26334DD8-4A32-2380-01B9-13BA7FC674C2%7D&AppID=UEEditor.Rocket.Release&AppVersion=4.20.3-4369336%2B%2B%2BUE4%2BRelease-4.20&UserID=6720248d46a966d2412ef0bcf7c8fa52%7Ce5c336156b984d629e178c72344af434%7Cb793a506-7fba-4c10-95fe-506478d6e49a&AppEnvironment=datacollector-binary&UploadType=eteventstream] status=Processing
[2018.11.09-16.58.25:418][951]LogModuleManager: Shutting down and abandoning module SSL (60)
[2018.11.09-16.58.25:419][951]LogModuleManager: Shutting down and abandoning module MagicLeapEmulator (56)
[2018.11.09-16.58.25:420][951]LogModuleManager: Shutting down and abandoning module MagicLeapPrivileges (54)
[2018.11.09-16.58.25:420][951]LogModuleManager: Shutting down and abandoning module MagicLeapIdentity (52)
[2018.11.09-16.58.25:420][951]LogModuleManager: Shutting down and abandoning module MagicLeapHelperVulkan (50)
[2018.11.09-16.58.25:420][951]LogModuleManager: Shutting down and abandoning module MagicLeapHelperOpenGL (48)
[2018.11.09-16.58.25:420][951]LogModuleManager: Shutting down and abandoning module MagicLeapSecureStorage (46)
[2018.11.09-16.58.25:420][951]LogModuleManager: Shutting down and abandoning module MagicLeapGestures (44)
[2018.11.09-16.58.25:420][951]LogModuleManager: Shutting down and abandoning module MagicLeapEyeTracker (42)
[2018.11.09-16.58.25:420][951]LogModuleManager: Shutting down and abandoning module MagicLeapController (40)
[2018.11.09-16.58.25:421][951]LogSlate: Slate User Destroyed.  User Index 0, Is Virtual User: 0
[2018.11.09-16.58.25:422][951]LogModuleManager: Shutting down and abandoning module MagicLeap (38)
[2018.11.09-16.58.25:422][951]LogModuleManager: Shutting down and abandoning module AnimationModifiers (36)
[2018.11.09-16.58.25:422][951]LogModuleManager: Shutting down and abandoning module PropertyEditor (35)
[2018.11.09-16.58.25:422][951]LogModuleManager: Shutting down and abandoning module AudioEditor (32)
[2018.11.09-16.58.25:422][951]LogModuleManager: Shutting down and abandoning module TextureCompressor (30)
[2018.11.09-16.58.25:422][951]LogModuleManager: Shutting down and abandoning module ShaderCore (28)
[2018.11.09-16.58.25:422][951]LogModuleManager: Shutting down and abandoning module Landscape (26)
[2018.11.09-16.58.25:422][951]LogModuleManager: Shutting down and abandoning module SlateRHIRenderer (24)
[2018.11.09-16.58.25:424][951]LogModuleManager: Shutting down and abandoning module OpenGLDrv (22)
[2018.11.09-16.58.25:424][951]LogModuleManager: Shutting down and abandoning module D3D11RHI (20)
[2018.11.09-16.58.25:424][951]LogModuleManager: Shutting down and abandoning module AnimGraphRuntime (18)
[2018.11.09-16.58.25:424][951]LogModuleManager: Shutting down and abandoning module Renderer (16)
[2018.11.09-16.58.25:424][951]LogModuleManager: Shutting down and abandoning module Engine (14)
[2018.11.09-16.58.25:424][951]LogModuleManager: Shutting down and abandoning module CoreUObject (12)
[2018.11.09-16.58.25:424][951]LogModuleManager: Shutting down and abandoning module NetworkFile (10)
[2018.11.09-16.58.25:424][951]LogModuleManager: Shutting down and abandoning module CookedIterativeFile (8)
[2018.11.09-16.58.25:424][951]LogModuleManager: Shutting down and abandoning module StreamingFile (6)
[2018.11.09-16.58.25:424][951]LogModuleManager: Shutting down and abandoning module SandboxFile (4)
[2018.11.09-16.58.25:424][951]LogModuleManager: Shutting down and abandoning module PakFile (2)
[2018.11.09-16.58.25:429][951]LogExit: Exiting.
[2018.11.09-16.58.25:463][951]Log file closed, 11/09/18 09:58:25
