Log file open, 11/09/18 09:58:34
LogWindows: Failed to load 'aqProf.dll' (GetLastError=126)
LogWindows: File 'aqProf.dll' does not exist
LogWindows: Failed to load 'VSPerf140.dll' (GetLastError=126)
LogWindows: File 'VSPerf140.dll' does not exist
LogWindows: Failed to load 'VtuneApi.dll' (GetLastError=126)
LogWindows: File 'VtuneApi.dll' does not exist
LogWindows: Failed to load 'VtuneApi32e.dll' (GetLastError=126)
LogWindows: File 'VtuneApi32e.dll' does not exist
LogInit: Display: Running engine for game: CodeCamp2018
LogPlatformFile: Not using cached read wrapper
LogTaskGraph: Started task graph with 5 named threads and 11 total threads with 3 sets of task threads.
LogStats: Stats thread started at 0.225947
LogD3D11RHI: Loaded GFSDK_Aftermath_Lib.x64.dll
LogICUInternationalization: Display: ICU TimeZone Detection - Raw Offset: -7:00, Platform Override: ''
LogPluginManager: Mounting plugin Paper2D
LogPluginManager: Mounting plugin AISupport
LogPluginManager: Mounting plugin LightPropagationVolume
LogPluginManager: Mounting plugin CLionSourceCodeAccess
LogPluginManager: Mounting plugin CodeLiteSourceCodeAccess
LogPluginManager: Mounting plugin GitSourceControl
LogPluginManager: Mounting plugin KDevelopSourceCodeAccess
LogPluginManager: Mounting plugin NullSourceCodeAccess
LogPluginManager: Mounting plugin PerforceSourceControl
LogPluginManager: Mounting plugin SubversionSourceControl
LogPluginManager: Mounting plugin UObjectPlugin
LogPluginManager: Mounting plugin VisualStudioCodeSourceCodeAccess
LogPluginManager: Mounting plugin VisualStudioSourceCodeAccess
LogPluginManager: Mounting plugin XCodeSourceCodeAccess
LogPluginManager: Mounting plugin AssetManagerEditor
LogPluginManager: Mounting plugin CryptoKeys
LogPluginManager: Mounting plugin DataValidation
LogPluginManager: Mounting plugin FacialAnimation
LogPluginManager: Mounting plugin GameplayTagsEditor
LogPluginManager: Mounting plugin MacGraphicsSwitching
LogPluginManager: Mounting plugin MeshEditor
LogPluginManager: Mounting plugin MobileLauncherProfileWizard
LogPluginManager: Mounting plugin PluginBrowser
LogPluginManager: Mounting plugin SpeedTreeImporter
LogPluginManager: Mounting plugin DatasmithContent
LogPluginManager: Mounting plugin AlembicImporter
LogPluginManager: Mounting plugin AppleImageUtils
LogPluginManager: Mounting plugin AppleVision
LogPluginManager: Mounting plugin BackChannel
LogPluginManager: Mounting plugin CharacterAI
LogPluginManager: Mounting plugin GeometryCache
LogPluginManager: Mounting plugin HTML5Networking
LogPluginManager: Mounting plugin ProxyLODPlugin
LogPluginManager: Mounting plugin MagicLeap
LogPluginManager: Mounting plugin MagicLeapEmulator
LogPluginManager: Mounting plugin MagicLeapMedia
LogPluginManager: Mounting plugin AndroidMedia
LogPluginManager: Mounting plugin AvfMedia
LogPluginManager: Mounting plugin ImgMedia
LogPluginManager: Mounting plugin LinearTimecode
LogPluginManager: Mounting plugin MediaCompositing
LogPluginManager: Mounting plugin MediaPlayerEditor
LogPluginManager: Mounting plugin WmfMedia
LogPluginManager: Mounting plugin TcpMessaging
LogPluginManager: Mounting plugin UdpMessaging
LogPluginManager: Mounting plugin ActorSequence
LogPluginManager: Mounting plugin LevelSequenceEditor
LogPluginManager: Mounting plugin MatineeToLevelSequence
LogPluginManager: Mounting plugin NetcodeUnitTest
LogPluginManager: Mounting plugin NUTUnrealEngine4
LogPluginManager: Mounting plugin OnlineSubsystemGooglePlay
LogPluginManager: Mounting plugin OnlineSubsystemIOS
LogPluginManager: Mounting plugin OnlineSubsystem
LogPluginManager: Mounting plugin OnlineSubsystemNull
LogPluginManager: Mounting plugin OnlineSubsystemUtils
LogPluginManager: Mounting plugin LauncherChunkInstaller
LogPluginManager: Mounting plugin AndroidDeviceProfileSelector
LogPluginManager: Mounting plugin AndroidMoviePlayer
LogPluginManager: Mounting plugin AndroidPermission
LogPluginManager: Mounting plugin AppleMoviePlayer
LogPluginManager: Mounting plugin ArchVisCharacter
LogPluginManager: Mounting plugin AudioCapture
LogPluginManager: Mounting plugin CableComponent
LogPluginManager: Mounting plugin CustomMeshComponent
LogPluginManager: Mounting plugin EditableMesh
LogPluginManager: Mounting plugin ExampleDeviceProfileSelector
LogPluginManager: Mounting plugin GoogleCloudMessaging
LogPluginManager: Mounting plugin ImmediatePhysics
LogPluginManager: Mounting plugin IOSDeviceProfileSelector
LogPluginManager: Mounting plugin LinuxDeviceProfileSelector
LogPluginManager: Mounting plugin LocationServicesBPLibrary
LogPluginManager: Mounting plugin MobilePatchingUtils
LogPluginManager: Mounting plugin OculusVR
LogPluginManager: Plugin shader directory ../../../Engine/Plugins/Runtime/Oculus/OculusVR/Shaders found
LogPluginManager: Mapping shader source directory ../../../Engine/Plugins/Runtime/Oculus/OculusVR/Shaders to virtual directory /Plugin/OculusVR
LogPluginManager: Mounting plugin PhysXVehicles
LogPluginManager: Mounting plugin ProceduralMeshComponent
LogPluginManager: Mounting plugin RuntimePhysXCooking
LogPluginManager: Mounting plugin SteamVR
LogPluginManager: Mounting plugin WindowsMoviePlayer
LogStreaming: Display: Took  0.335s to configure plugins.
LogInit: Using libcurl 7.55.1-DEV
LogInit:  - built for x86_64-pc-win32
LogInit:  - supports SSL with OpenSSL/1.0.2h
LogInit:  - supports HTTP deflate (compression) using libz 1.2.8
LogInit:  - other features:
LogInit:      CURL_VERSION_SSL
LogInit:      CURL_VERSION_LIBZ
LogInit:      CURL_VERSION_IPV6
LogInit:      CURL_VERSION_ASYNCHDNS
LogInit:      CURL_VERSION_LARGEFILE
LogInit:      CURL_VERSION_IDN
LogInit:  CurlRequestOptions (configurable via config and command line):
LogInit:  - bVerifyPeer = false  - Libcurl will NOT verify peer certificate
LogInit:  - bUseHttpProxy = false  - Libcurl will NOT use HTTP proxy
LogInit:  - bDontReuseConnections = false  - Libcurl will reuse connections
LogInit:  - CertBundlePath = nullptr  - Libcurl will use whatever was configured at build time.
LogInit:  - MaxHostConnections = 16  - Libcurl will limit the number of connections to a host
LogInit:  - LocalHostAddr = Default
LogInit:  - BufferSize = 65536
LogInit: WinSock: version 1.1 (2.2), MaxSocks=32767, MaxUdp=65467
LogInit: Build: ++UE4+Release-4.20-CL-4369336
LogInit: Engine Version: 4.20.3-4369336+++UE4+Release-4.20
LogInit: Compatible Engine Version: 4.20.0-4212847+++UE4+Release-4.20
LogInit: Net CL: 4212847
LogInit: OS: Windows 10 (), CPU: Intel(R) Core(TM) i5-4210U CPU @ 1.70GHz, GPU: Intel(R) HD Graphics Family
LogInit: Compiled (64-bit): Sep 17 2018 12:26:19
LogInit: Compiled with Visual C++: 19.13.26129.00
LogInit: Build Configuration: Development
LogInit: Branch Name: ++UE4+Release-4.20
LogInit: Command Line: 
LogInit: Base Directory: C:/Program Files/Epic Games/UE_4.20/Engine/Binaries/Win64/
LogInit: Installed Engine Build: 1
LogDevObjectVersion: Number of dev versions registered: 20
LogDevObjectVersion:   Dev-Blueprints (B0D832E4-1F89-4F0D-ACCF-7EB736FD4AA2): 10
LogDevObjectVersion:   Dev-Build (E1C64328-A22C-4D53-A36C-8E866417BD8C): 0
LogDevObjectVersion:   Dev-Core (375EC13C-06E4-48FB-B500-84F0262A717E): 2
LogDevObjectVersion:   Dev-Editor (E4B068ED-F494-42E9-A231-DA0B2E46BB41): 24
LogDevObjectVersion:   Dev-Framework (CFFC743F-43B0-4480-9391-14DF171D2073): 34
LogDevObjectVersion:   Dev-Mobile (B02B49B5-BB20-44E9-A304-32B752E40360): 2
LogDevObjectVersion:   Dev-Networking (A4E4105C-59A1-49B5-A7C5-40C4547EDFEE): 0
LogDevObjectVersion:   Dev-Online (39C831C9-5AE6-47DC-9A44-9C173E1C8E7C): 0
LogDevObjectVersion:   Dev-Physics (78F01B33-EBEA-4F98-B9B4-84EACCB95AA2): 0
LogDevObjectVersion:   Dev-Platform (6631380F-2D4D-43E0-8009-CF276956A95A): 0
LogDevObjectVersion:   Dev-Rendering (12F88B9F-8875-4AFC-A67C-D90C383ABD29): 26
LogDevObjectVersion:   Dev-Sequencer (7B5AE74C-D270-4C10-A958-57980B212A5A): 9
LogDevObjectVersion:   Dev-VR (D7296918-1DD6-4BDD-9DE2-64A83CC13884): 2
LogDevObjectVersion:   Dev-LoadTimes (C2A15278-BFE7-4AFE-6C17-90FF531DF755): 1
LogDevObjectVersion:   Private-Geometry (6EACA3D4-40EC-4CC1-B786-8BED09428FC5): 3
LogDevObjectVersion:   Dev-AnimPhys (29E575DD-E0A3-4627-9D10-D276232CDCEA): 17
LogDevObjectVersion:   Dev-ReflectionCapture (6B266CEC-1EC7-4B8F-A30B-E4D90942FC07): 1
LogDevObjectVersion:   Dev-Automation (0DF73D61-A23F-47EA-B727-89E90C41499A): 1
LogDevObjectVersion:   FortniteMain (601D1886-AC64-4F84-AA16-D3DE0DEAC7D6): 12
LogDevObjectVersion:   Dev-Enterprise (9DFFBCD6-494F-0158-E221-12823C92A888): 1
LogStreaming: Display: Took  0.002s to delete old logs.
LogInit: Presizing for max 8388607 objects, including 0 objects not considered by GC, pre-allocating 0 bytes for permanent pool.
LogInit: Object subsystem initialized
[2018.11.09-16.58.34:690][  0]LogInit: Selected Device Profile: [Windows]
[2018.11.09-16.58.34:691][  0]LogInit: Applying CVar settings loaded from the selected device profile: [Windows]
[2018.11.09-16.58.34:717][  0]LogHAL: Display: Platform has ~ 12 GB [12811657216 / 17179869184 / 12], which maps to Larger [LargestMinGB=32, LargerMinGB=12, DefaultMinGB=8, SmallerMinGB=6, SmallestMinGB=0)
[2018.11.09-16.58.34:717][  0]LogInit: Setting Device Profile CVar: [[r.Vulkan.UseRealUBs:1]]
[2018.11.09-16.58.34:717][  0]LogInit: Going up to parent DeviceProfile []
[2018.11.09-16.58.34:718][  0]LogInit: Computer: GRMPSPC
[2018.11.09-16.58.34:718][  0]LogInit: User: hanspnd
[2018.11.09-16.58.34:718][  0]LogInit: CPU Page size=4096, Cores=2
[2018.11.09-16.58.34:718][  0]LogInit: High frequency timer resolution =2.338339 MHz
[2018.11.09-16.58.34:718][  0]LogMemory: Memory total: Physical=11.9GB (12GB approx)
[2018.11.09-16.58.34:718][  0]LogMemory: Platform Memory Stats for Windows
[2018.11.09-16.58.34:718][  0]LogMemory: Process Physical Memory: 100.13 MB used, 100.13 MB peak
[2018.11.09-16.58.34:718][  0]LogMemory: Process Virtual Memory: 84.16 MB used, 84.16 MB peak
[2018.11.09-16.58.34:718][  0]LogMemory: Physical Memory: 3973.49 MB used,  8244.66 MB free, 12218.15 MB total
[2018.11.09-16.58.34:718][  0]LogMemory: Virtual Memory: 4621.17 MB used,  8244.66 MB free, 134217728.00 MB total
[2018.11.09-16.58.34:762][  0]LogInit: Using OS detected language (en-US).
[2018.11.09-16.58.34:762][  0]LogInit: Using OS detected locale (en-US).
[2018.11.09-16.58.34:764][  0]LogTextLocalizationManager: No specific localization for 'en-US' exists, so the 'en' localization will be used.
[2018.11.09-16.58.35:518][  0]LogStreaming: Display: Took  0.757s to InitEngineTextLocalization.
[2018.11.09-16.58.35:519][  0]LogInit: Setting process to per monitor DPI aware
[2018.11.09-16.58.35:618][  0]LogSlate: New Slate User Created.  User Index 0, Is Virtual User: 0
[2018.11.09-16.58.35:618][  0]LogSlate: Slate User Registered.  User Index 0, Is Virtual User: 0
[2018.11.09-16.58.36:038][  0]LogHMD: Failed to initialize OpenVR with code 110
[2018.11.09-16.58.36:038][  0]LogD3D11RHI: D3D11 adapters:
[2018.11.09-16.58.36:051][  0]LogD3D11RHI:    0. 'Intel(R) HD Graphics Family' (Feature Level 11_0)
[2018.11.09-16.58.36:051][  0]LogD3D11RHI:       112/0/2048 MB DedicatedVideo/DedicatedSystem/SharedSystem, Outputs:1, VendorId:0x8086
[2018.11.09-16.58.36:054][  0]LogD3D11RHI:    1. 'Microsoft Basic Render Driver' (Feature Level 11_0)
[2018.11.09-16.58.36:054][  0]LogD3D11RHI:       0/0/6109 MB DedicatedVideo/DedicatedSystem/SharedSystem, Outputs:0, VendorId:0x1414
[2018.11.09-16.58.36:054][  0]LogD3D11RHI: Chosen D3D11 Adapter: 0
[2018.11.09-16.58.36:069][  0]LogD3D11RHI: Creating new Direct3DDevice
[2018.11.09-16.58.36:069][  0]LogD3D11RHI:     GPU DeviceId: 0xa16 (for the marketing name, search the web for "GPU Device Id")
[2018.11.09-16.58.36:069][  0]LogWindows: EnumDisplayDevices:
[2018.11.09-16.58.36:070][  0]LogWindows:    0. 'Intel(R) HD Graphics Family' (P:1 D:1)
[2018.11.09-16.58.36:071][  0]LogWindows:    1. 'Intel(R) HD Graphics Family' (P:0 D:0)
[2018.11.09-16.58.36:071][  0]LogWindows:    2. 'Intel(R) HD Graphics Family' (P:0 D:0)
[2018.11.09-16.58.36:072][  0]LogWindows: DebugString: FoundDriverCount:3 
[2018.11.09-16.58.36:072][  0]LogD3D11RHI:     Adapter Name: Intel(R) HD Graphics Family
[2018.11.09-16.58.36:072][  0]LogD3D11RHI:   Driver Version: 10.18.15.4279 (internal:10.18.15.4279, unified:10.18.15.4279)
[2018.11.09-16.58.36:072][  0]LogD3D11RHI:      Driver Date: 8-24-2015
[2018.11.09-16.58.36:072][  0]LogRHI: Texture pool is 795 MB (70% of 1136 MB)
[2018.11.09-16.58.36:081][  0]LogD3D11RHI: Async texture creation enabled
[2018.11.09-16.58.36:090][  0]LogD3D11RHI: GPU Timing Frequency: 12.500000 (Debug: 2 0)
[2018.11.09-16.58.36:091][  0]LogShaderCompilers: Guid format shader working directory is -18 characters bigger than the processId version (../../../../../../Users/hanspnd/Desktop/CodeCamp2018/CodeCamp2018/Intermediate/Shaders/WorkingDirectory/15200/).
[2018.11.09-16.58.36:091][  0]LogShaderCompilers: Cleaned the shader compiler working directory 'C:/Users/hanspnd/AppData/Local/Temp/UnrealShaderWorkingDir/BB6CF82E4D89CED6FF713F88DD3982D3/'.
[2018.11.09-16.58.36:779][  0]LogTemp: Display: Loaded TP AllDesktopTargetPlatform
[2018.11.09-16.58.36:802][  0]LogTemp: Display: Loaded TP MacClientTargetPlatform
[2018.11.09-16.58.36:823][  0]LogTemp: Display: Loaded TP MacNoEditorTargetPlatform
[2018.11.09-16.58.36:843][  0]LogTemp: Display: Loaded TP MacServerTargetPlatform
[2018.11.09-16.58.36:864][  0]LogTemp: Display: Loaded TP MacTargetPlatform
[2018.11.09-16.58.36:886][  0]LogTemp: Display: Loaded TP WindowsClientTargetPlatform
[2018.11.09-16.58.36:911][  0]LogTemp: Display: Loaded TP WindowsNoEditorTargetPlatform
[2018.11.09-16.58.36:932][  0]LogTemp: Display: Loaded TP WindowsServerTargetPlatform
[2018.11.09-16.58.36:942][  0]LogTemp: Display: Loaded TP WindowsTargetPlatform
[2018.11.09-16.58.37:055][  0]LogTemp: Display: Loaded TP AndroidTargetPlatform
[2018.11.09-16.58.37:055][  0]LogTemp: Display: Loaded TP AndroidTargetPlatform
[2018.11.09-16.58.37:055][  0]LogTemp: Display: Loaded TP AndroidTargetPlatform
[2018.11.09-16.58.37:055][  0]LogTemp: Display: Loaded TP AndroidTargetPlatform
[2018.11.09-16.58.37:055][  0]LogTemp: Display: Loaded TP AndroidTargetPlatform
[2018.11.09-16.58.37:055][  0]LogTemp: Display: Loaded TP AndroidTargetPlatform
[2018.11.09-16.58.37:055][  0]LogTemp: Display: Loaded TP AndroidTargetPlatform
[2018.11.09-16.58.37:055][  0]LogTemp: Display: Loaded TP AndroidTargetPlatform
[2018.11.09-16.58.37:055][  0]LogTemp: Display: Loaded TP AndroidTargetPlatform
[2018.11.09-16.58.37:055][  0]LogTemp: Display: Loaded TP AndroidTargetPlatform
[2018.11.09-16.58.37:055][  0]LogTemp: Display: Loaded TP AndroidTargetPlatform
[2018.11.09-16.58.37:055][  0]LogTemp: Display: Loaded TP AndroidTargetPlatform
[2018.11.09-16.58.37:055][  0]LogTemp: Display: Loaded TP AndroidTargetPlatform
[2018.11.09-16.58.37:056][  0]LogTemp: Display: Loaded TP AndroidTargetPlatform
[2018.11.09-16.58.37:056][  0]LogTemp: Display: Loaded TP AndroidTargetPlatform
[2018.11.09-16.58.37:056][  0]LogTemp: Display: Loaded TP AndroidTargetPlatform
[2018.11.09-16.58.37:056][  0]LogTemp: Display: Loaded TP AndroidTargetPlatform
[2018.11.09-16.58.37:056][  0]LogTemp: Display: Loaded TP AndroidTargetPlatform
[2018.11.09-16.58.37:059][  0]LogTemp: Display: Loaded TP HTML5TargetPlatform
[2018.11.09-16.58.37:134][  0]LogTemp: Display: Loaded TP IOSTargetPlatform
[2018.11.09-16.58.37:134][  0]LogTemp: Display: Loaded TP IOSTargetPlatform
[2018.11.09-16.58.37:169][  0]LogTemp: Display: Loaded TP TVOSTargetPlatform
[2018.11.09-16.58.37:169][  0]LogTemp: Display: Loaded TP TVOSTargetPlatform
[2018.11.09-16.58.37:188][  0]LogTemp: Display: Loaded TP LinuxClientTargetPlatform
[2018.11.09-16.58.37:206][  0]LogTemp: Display: Loaded TP LinuxNoEditorTargetPlatform
[2018.11.09-16.58.37:225][  0]LogTemp: Display: Loaded TP LinuxServerTargetPlatform
[2018.11.09-16.58.37:245][  0]LogTemp: Display: Loaded TP LinuxTargetPlatform
[2018.11.09-16.58.37:259][  0]LogTemp: Display: Loaded TP LuminTargetPlatform
[2018.11.09-16.58.37:260][  0]LogTargetPlatformManager: Display: Building Assets For Windows
[2018.11.09-16.58.37:394][  0]LogXGEController: Cleaning working directory: C:/Users/hanspnd/AppData/Local/Temp/UnrealXGEWorkingDir/
[2018.11.09-16.58.37:394][  0]LogXGEController: Cannot use XGE Controller as Incredibuild is not installed on this machine.
[2018.11.09-16.58.37:394][  0]LogShaderCompilers: Cannot use XGE Shader Compiler as Incredibuild is not installed on this machine.
[2018.11.09-16.58.37:394][  0]LogShaderCompilers: Display: Using Local Shader Compiler.
[2018.11.09-16.58.38:685][  0]LogDerivedDataCache: Display: Max Cache Size: 512 MB
[2018.11.09-16.58.38:809][  0]LogDerivedDataCache: Loaded boot cache 0.12s 71MB C:/Users/hanspnd/AppData/Local/UnrealEngine/4.20/DerivedDataCache/Boot.ddc.
[2018.11.09-16.58.38:811][  0]LogDerivedDataCache: Display: Loaded Boot cache: C:/Users/hanspnd/AppData/Local/UnrealEngine/4.20/DerivedDataCache/Boot.ddc
[2018.11.09-16.58.38:811][  0]LogDerivedDataCache: FDerivedDataBackendGraph:  Pak pak cache file ../../../../../../Users/hanspnd/Desktop/CodeCamp2018/CodeCamp2018/DerivedDataCache/DDC.ddp not found, will not use a pak cache.
[2018.11.09-16.58.38:811][  0]LogDerivedDataCache: Unable to find inner node Pak for hierarchical cache Hierarchy.
[2018.11.09-16.58.38:811][  0]LogDerivedDataCache: FDerivedDataBackendGraph:  CompressedPak pak cache file ../../../../../../Users/hanspnd/Desktop/CodeCamp2018/CodeCamp2018/DerivedDataCache/Compressed.ddp not found, will not use a pak cache.
[2018.11.09-16.58.38:811][  0]LogDerivedDataCache: Unable to find inner node CompressedPak for hierarchical cache Hierarchy.
[2018.11.09-16.58.38:829][  0]LogDerivedDataCache: Display: Pak cache opened for reading ../../../Engine/DerivedDataCache/Compressed.ddp.
[2018.11.09-16.58.38:843][  0]LogDerivedDataCache: Using Local data cache path C:/Users/hanspnd/AppData/Local/UnrealEngine/Common/DerivedDataCache: Writable
[2018.11.09-16.58.38:843][  0]LogDerivedDataCache: Shared data cache path not found in *engine.ini, will not use an Shared cache.
[2018.11.09-16.58.38:843][  0]LogDerivedDataCache: Unable to find inner node Shared for hierarchical cache Hierarchy.
[2018.11.09-16.58.38:871][  0]LogMaterial: Verifying Global Shaders for PCD3D_SM5
[2018.11.09-16.58.38:873][  0]LogSlate: Using FreeType 2.6.0
[2018.11.09-16.58.38:874][  0]LogSlate: SlateFontServices - WITH_FREETYPE: 1, WITH_HARFBUZZ: 1
[2018.11.09-16.58.38:986][  0]LogAssetRegistry: FAssetRegistry took 0.0281 seconds to start up
[2018.11.09-16.58.39:514][  0]LogInit: Selected Device Profile: [Windows]
[2018.11.09-16.58.39:729][  0]LogSimplygon: Simplygon DLL not present - disabling.
[2018.11.09-16.58.39:737][  0]LogMeshReduction: Using SimplygonSwarm for distributed automatic mesh merging
[2018.11.09-16.58.39:737][  0]LogMeshReduction: Using ProxyLODMeshReduction for automatic mesh merging
[2018.11.09-16.58.39:737][  0]LogMeshReduction: Using QuadricMeshReduction for automatic static mesh reduction
[2018.11.09-16.58.39:737][  0]LogMeshReduction: No automatic skeletal mesh reduction module available
[2018.11.09-16.58.39:766][  0]LogNetVersion: CodeCamp2018 1.0.0, NetCL: 4212847, EngineNetVer: 5, GameNetVer: 0 (Checksum: 2502960016)
[2018.11.09-16.58.40:725][  0]LogPackageLocalizationCache: Processed 11 localized package path(s) for 2 prioritized culture(s) in 0.235910 seconds
[2018.11.09-16.58.40:734][  0]LogUObjectArray: 38425 objects as part of root set at end of initial load.
[2018.11.09-16.58.40:734][  0]LogUObjectAllocator: 6690864 out of 0 bytes used by permanent object pool.
[2018.11.09-16.58.40:734][  0]LogUObjectArray: CloseDisregardForGC: 0/0 objects in disregard for GC pool
[2018.11.09-16.58.42:130][  0]LogTcpMessaging: Initializing TcpMessaging bridge
[2018.11.09-16.58.42:145][  0]LogUdpMessaging: Initializing bridge on interface 0.0.0.0:0 to multicast group 230.0.0.1:6666.
[2018.11.09-16.58.42:361][  0]SourceControl: Source control is disabled
[2018.11.09-16.58.42:361][  0]SourceControl: Source control is disabled
[2018.11.09-16.58.42:364][  0]SourceControl: Source control is disabled
[2018.11.09-16.58.42:366][  0]SourceControl: Source control is disabled
[2018.11.09-16.58.42:626][  0]LogAndroidPermission: UAndroidPermissionCallbackProxy::GetInstance
[2018.11.09-16.58.42:745][  0]LogOcInput: OculusInput pre-init called
[2018.11.09-16.58.42:835][  0]LogEngine: Initializing Engine...
[2018.11.09-16.58.42:836][  0]LogHMD: Failed to initialize OpenVR with code 110
[2018.11.09-16.58.42:838][  0]LogStats: UGameplayTagsManager::ConstructGameplayTagTree: ImportINI prefixes -  0.000 s
[2018.11.09-16.58.42:838][  0]LogStats: UGameplayTagsManager::ConstructGameplayTagTree: Construct from data asset -  0.000 s
[2018.11.09-16.58.42:838][  0]LogStats: UGameplayTagsManager::ConstructGameplayTagTree: ImportINI -  0.000 s
[2018.11.09-16.58.42:839][  0]LogStats: UGameplayTagsManager::ConstructGameplayTagTree: GameplayTagTreeChangedEvent.Broadcast -  0.000 s
[2018.11.09-16.58.43:207][  0]LogInit: Initializing FReadOnlyCVARCache
[2018.11.09-16.58.43:240][  0]LogAIModule: Creating AISystem for world Untitled
[2018.11.09-16.58.43:280][  0]LogInit: XAudio2 using 'Speakers (2- Logitech G430 Gaming Headset)' : 2 channels at 48 kHz using 16 bits per sample (channel mask 0x3)
[2018.11.09-16.58.43:385][  0]LogInit: FAudioDevice initialized.
[2018.11.09-16.58.43:385][  0]LogNetVersion: Set ProjectVersion to 1.0.0.0. Version Checksum will be recalculated on next use.
[2018.11.09-16.58.43:989][  0]LogDerivedDataCache: Saved boot cache 0.60s 71MB C:/Users/hanspnd/AppData/Local/UnrealEngine/4.20/DerivedDataCache/Boot.ddc.
[2018.11.09-16.58.44:027][  0]LogInit: Texture streaming: Enabled
[2018.11.09-16.58.44:068][  0]LogEngineSessionManager: EngineSessionManager initialized
[2018.11.09-16.58.44:068][  0]LogEngineSessionManager: EngineSessionManager sent abnormal shutdown report. Type=AbnormalShutdown, SessionId={71D1060C-41AA-09DC-89CC-8BB28E95AB53}
[2018.11.09-16.58.44:093][  0]LogInit: Transaction tracking system initialized
[2018.11.09-16.58.44:144][  0]BlueprintLog: New page: Editor Load
[2018.11.09-16.58.44:297][  0]LocalizationService: Localization service is disabled
[2018.11.09-16.58.44:767][  0]LogCook: Display: Max memory allowance for cook 16384mb min free memory 0mb
[2018.11.09-16.58.44:767][  0]LogCook: Display: Mobile HDR setting 1
[2018.11.09-16.58.44:767][  0]LogGameplayTags: Display: UGameplayTagsManager::DoneAddingNativeTags. DelegateIsBound: 0
[2018.11.09-16.58.44:767][  0]LogStats: UGameplayTagsManager::ConstructGameplayTagTree: ImportINI prefixes -  0.000 s
[2018.11.09-16.58.44:767][  0]LogStats: UGameplayTagsManager::ConstructGameplayTagTree: Construct from data asset -  0.000 s
[2018.11.09-16.58.44:767][  0]LogStats: UGameplayTagsManager::ConstructGameplayTagTree: ImportINI -  0.000 s
[2018.11.09-16.58.44:767][  0]LogStats: UGameplayTagsManager::ConstructGameplayTagTree: GameplayTagTreeChangedEvent.Broadcast -  0.000 s
[2018.11.09-16.58.45:042][  0]LogFileCache: Scanning file cache for directory 'C:/Users/hanspnd/Desktop/CodeCamp2018/CodeCamp2018/Content/' took 0.02s
[2018.11.09-16.58.45:042][  0]SourceControl: Source control is disabled
[2018.11.09-16.58.45:042][  0]Cmd: MAP LOAD FILE="../../../../../../Users/hanspnd/Desktop/CodeCamp2018/CodeCamp2018/Content/ThirdPersonBP/Maps/ThirdPersonExampleMap.umap" TEMPLATE=0 SHOWPROGRESS=1 FEATURELEVEL=3
[2018.11.09-16.58.45:043][  0]LightingResults: New page: Lighting Build
[2018.11.09-16.58.45:051][  0]MapCheck: New page: Map Check
[2018.11.09-16.58.45:052][  0]LightingResults: New page: Lighting Build
[2018.11.09-16.58.45:850][  0]LogAIModule: Creating AISystem for world ThirdPersonExampleMap
[2018.11.09-16.58.45:904][  0]LogEditorServer: Finished looking for orphan Actors (0.000 secs)
[2018.11.09-16.58.45:947][  0]Cmd: MAP CHECKDEP NOCLEARLOG
[2018.11.09-16.58.46:158][  0]MapCheck: Map check complete: 0 Error(s), 0 Warning(s), took 211.583ms to complete.
[2018.11.09-16.58.46:159][  0]LogFileHelpers: Loading map 'ThirdPersonExampleMap' took 1.117
[2018.11.09-16.58.46:301][  0]LogSlate: Updating window title bar state: overlay mode, drag disabled, window buttons hidden, title bar hidden
[2018.11.09-16.58.46:311][  0]LogSlate: Updating window title bar state: overlay mode, drag disabled, window buttons hidden, title bar hidden
[2018.11.09-16.58.46:323][  0]LogSlate: Updating window title bar state: overlay mode, drag disabled, window buttons hidden, title bar hidden
[2018.11.09-16.58.46:334][  0]LogSlate: Updating window title bar state: overlay mode, drag disabled, window buttons hidden, title bar hidden
[2018.11.09-16.58.46:346][  0]LogCollectionManager: Loaded 0 collections in 0.003614 seconds
[2018.11.09-16.58.46:396][  0]LogFileCache: Scanning file cache for directory 'C:/Users/hanspnd/Desktop/CodeCamp2018/CodeCamp2018/Saved/Collections/' took 0.01s
[2018.11.09-16.58.46:396][  0]LogFileCache: Scanning file cache for directory 'C:/Users/hanspnd/Desktop/CodeCamp2018/CodeCamp2018/Content/Developers/hanspnd/Collections/' took 0.01s
[2018.11.09-16.58.46:396][  0]LogFileCache: Scanning file cache for directory 'C:/Users/hanspnd/Desktop/CodeCamp2018/CodeCamp2018/Content/Collections/' took 0.01s
[2018.11.09-16.58.46:396][  0]LogCollectionManager: Rebuilt the GUID cache for 0 collections in 0.000000 seconds
[2018.11.09-16.58.46:411][  0]LogContentBrowser: Native class hierarchy populated in 0.0143 seconds. Added 2572 classes and 603 folders.
[2018.11.09-16.58.46:422][  0]LogContentBrowser: Native class hierarchy updated for 'WidgetCarousel' in 0.0003 seconds. Added 0 classes and 0 folders.
[2018.11.09-16.58.46:518][  0]LogContentBrowser: Native class hierarchy updated for 'AddContentDialog' in 0.0004 seconds. Added 0 classes and 0 folders.
[2018.11.09-16.58.46:527][  0]LogContentBrowser: Native class hierarchy updated for 'SceneOutliner' in 0.0004 seconds. Added 1 classes and 2 folders.
[2018.11.09-16.58.46:547][  0]LogSlate: Took 0.000417 seconds to synchronously load lazily loaded font '../../../Engine/Content/Slate/Fonts/Roboto-Regular.ttf' (155K)
[2018.11.09-16.58.46:552][  0]LogSlate: Took 0.000485 seconds to synchronously load lazily loaded font '../../../Engine/Content/Slate/Fonts/Roboto-Bold.ttf' (160K)
[2018.11.09-16.58.46:563][  0]LogSlate: Took 0.000466 seconds to synchronously load lazily loaded font '../../../Engine/Content/Editor/Slate/Fonts/FontAwesome.ttf' (139K)
[2018.11.09-16.58.46:692][  0]LogRenderer: Reallocating scene render targets to support 792x372 Format 10 NumSamples 1 (Frame:1).
[2018.11.09-16.58.47:330][  0]LogContentBrowser: Native class hierarchy updated for 'HierarchicalLODOutliner' in 0.0004 seconds. Added 0 classes and 0 folders.
[2018.11.09-16.58.47:330][  0]LogLoad: (Engine Initialization) Total time: 15.83 seconds
[2018.11.09-16.58.47:330][  0]LogLoad: (Engine Initialization) Total Blueprint compile time: 0.00 seconds
[2018.11.09-16.58.47:358][  0]LogWindowsTextInputMethodSystem: Display: IME system now deactivated.
[2018.11.09-16.58.47:379][  0]LogContentStreaming: Texture pool size now 1000 MB
[2018.11.09-16.58.47:418][  0]LogSlate: Took 0.000369 seconds to synchronously load lazily loaded font '../../../Engine/Content/Slate/Fonts/Roboto-Light.ttf' (167K)
[2018.11.09-16.58.48:362][  3]LogAssetRegistry: Asset discovery search completed in 9.3982 seconds
[2018.11.09-16.58.48:365][  3]LogCollectionManager: Rebuilt the object cache for 0 collections in 0.000000 seconds (found 0 objects)
[2018.11.09-16.58.48:365][  3]LogCollectionManager: Fixed up redirectors for 0 collections in 0.000075 seconds (updated 0 objects)
[2018.11.09-16.58.48:481][  4]LogSlate: Took 0.000423 seconds to synchronously load lazily loaded font '../../../Engine/Content/Slate/Fonts/Roboto-Light.ttf' (167K)
[2018.11.09-17.11.23:531][383]LogSlate: FSceneViewport::OnFocusLost() reason 0
[2018.11.09-17.11.23:684][391]LogAssetEditorManager: Opening Asset editor for Blueprint /Game/ThirdPersonBP/AICharacter.AICharacter
[2018.11.09-17.11.24:477][391]LogContentBrowser: Native class hierarchy updated for 'BlueprintGraph' in 0.0011 seconds. Added 116 classes and 0 folders.
[2018.11.09-17.11.30:034][646]LogSlate: Window 'AICharacter' being destroyed
[2018.11.09-17.11.30:042][646]LogSlate: Window 'AICharacter' being destroyed
[2018.11.09-17.11.38:111][884]LogAssetEditorManager: Opening Asset editor for Blueprint /Game/ThirdPersonBP/Blueprints/AI_Character.AI_Character
[2018.11.09-17.11.38:651][884]LogSlate: Took 0.000542 seconds to synchronously load lazily loaded font '../../../Engine/Content/Slate/Fonts/Roboto-BoldCondensed.ttf' (158K)
[2018.11.09-17.11.38:806][885]LogSlate: Took 0.000534 seconds to synchronously load lazily loaded font '../../../Engine/Content/Slate/Fonts/Roboto-Italic.ttf' (157K)
[2018.11.09-17.13.21:572][ 25]LogSavePackage: Moving '../../../../../../Users/hanspnd/Desktop/CodeCamp2018/CodeCamp2018/Saved/ThirdPersonExampleMap_Auto1E9EF70124B30064BB73C5CB82CFFF1CB.tmp' to '../../../../../../Users/hanspnd/Desktop/CodeCamp2018/CodeCamp2018/Saved/Autosaves/Game/ThirdPersonBP/Maps/ThirdPersonExampleMap_Auto1.umap'
[2018.11.09-17.13.21:585][ 25]LogFileHelpers: Editor autosave (incl. sublevels) for '/Game/ThirdPersonBP/Maps/ThirdPersonExampleMap' took 0.466
[2018.11.09-17.13.21:585][ 25]LogFileHelpers: Editor autosave (incl. sublevels) for all levels took 0.466
[2018.11.09-17.13.21:591][ 25]OBJ SavePackage: Generating thumbnails for [1] asset(s) in package [/Game/ThirdPersonBP/Blueprints/AI_Character] ([1] browsable assets)...
[2018.11.09-17.13.21:666][ 25]OBJ SavePackage:     Rendered thumbnail for [Blueprint /Game/ThirdPersonBP/Blueprints/AI_Character.AI_Character]
[2018.11.09-17.13.21:666][ 25]OBJ SavePackage: Finished generating thumbnails for package [/Game/ThirdPersonBP/Blueprints/AI_Character]
[2018.11.09-17.13.21:765][ 25]LogSavePackage: Moving '../../../../../../Users/hanspnd/Desktop/CodeCamp2018/CodeCamp2018/Saved/AI_Character_Auto1790A68EB4A65D9E297487EAAA17B9772.tmp' to '../../../../../../Users/hanspnd/Desktop/CodeCamp2018/CodeCamp2018/Saved/Autosaves/Game/ThirdPersonBP/Blueprints/AI_Character_Auto1.uasset'
[2018.11.09-17.13.21:771][ 25]LogFileHelpers: Auto-saving content packages took 0.183
[2018.11.09-17.19.29:887][205]BlueprintLog: New page: Compile AI_Character
[2018.11.09-17.19.31:184][252]LogSavePackage: Moving '../../../../../../Users/hanspnd/Desktop/CodeCamp2018/CodeCamp2018/Saved/AI_CharacterEA587CBF40C3E115AF377DAA533CF43B.tmp' to '../../../../../../Users/hanspnd/Desktop/CodeCamp2018/CodeCamp2018/Content/ThirdPersonBP/Blueprints/AI_Character.uasset'
[2018.11.09-17.19.33:173][359]LogSlate: Window 'AI_Character' being destroyed
[2018.11.09-17.19.33:181][359]LogSlate: Window 'AI_Character' being destroyed
[2018.11.09-17.19.34:606][438]LogTemp: Repeating last play command: Selected Viewport
[2018.11.09-17.19.34:629][438]LogBlueprintUserMessages: Early PlayInEditor Detection: Level '/Game/ThirdPersonBP/Maps/ThirdPersonExampleMap.ThirdPersonExampleMap:PersistentLevel' has LevelScriptBlueprint '/Game/ThirdPersonBP/Maps/ThirdPersonExampleMap.ThirdPersonExampleMap:PersistentLevel.ThirdPersonExampleMap' with GeneratedClass '/Game/ThirdPersonBP/Maps/ThirdPersonExampleMap.ThirdPersonExampleMap_C' with ClassGeneratedBy '/Game/ThirdPersonBP/Maps/ThirdPersonExampleMap.ThirdPersonExampleMap:PersistentLevel.ThirdPersonExampleMap'
[2018.11.09-17.19.34:629][438]LogPlayLevel: PlayLevel: No blueprints needed recompiling
[2018.11.09-17.19.34:642][438]PIE: New page: PIE session: ThirdPersonExampleMap (Nov 9, 2018, 3:19:34 AM)
[2018.11.09-17.19.34:642][438]LogPlayLevel: Creating play world package: /Game/ThirdPersonBP/Maps/UEDPIE_0_ThirdPersonExampleMap
[2018.11.09-17.19.34:664][438]LogPlayLevel: PIE: StaticDuplicateObject took: (0.021620s)
[2018.11.09-17.19.34:665][438]LogAIModule: Creating AISystem for world ThirdPersonExampleMap
[2018.11.09-17.19.34:666][438]LogPlayLevel: PIE: World Init took: (0.001974s)
[2018.11.09-17.19.34:666][438]LogPlayLevel: PIE: Created PIE world by copying editor world from /Game/ThirdPersonBP/Maps/ThirdPersonExampleMap.ThirdPersonExampleMap to /Game/ThirdPersonBP/Maps/UEDPIE_0_ThirdPersonExampleMap.ThirdPersonExampleMap (0.023899s)
[2018.11.09-17.19.34:715][438]LogInit: XAudio2 using 'Speakers (2- Logitech G430 Gaming Headset)' : 2 channels at 48 kHz using 16 bits per sample (channel mask 0x3)
[2018.11.09-17.19.34:729][438]LogInit: FAudioDevice initialized.
[2018.11.09-17.19.34:785][438]LogLoad: Game class is 'ThirdPersonGameMode_C'
[2018.11.09-17.19.34:790][438]LogWorld: Bringing World /Game/ThirdPersonBP/Maps/UEDPIE_0_ThirdPersonExampleMap.ThirdPersonExampleMap up for play (max tick rate 60) at 2018.11.09-10.19.34
[2018.11.09-17.19.34:791][438]LogWorld: Bringing up level for play took: 0.004017
[2018.11.09-17.19.34:821][438]LogContentBrowser: Native class hierarchy updated for 'MovieSceneCapture' in 0.0004 seconds. Added 10 classes and 0 folders.
[2018.11.09-17.19.34:822][438]PIE: Play in editor start time for /Game/ThirdPersonBP/Maps/UEDPIE_0_ThirdPersonExampleMap -0.062
[2018.11.09-17.19.34:822][438]LogBlueprintUserMessages: Late PlayInEditor Detection: Level '/Game/ThirdPersonBP/Maps/ThirdPersonExampleMap.ThirdPersonExampleMap:PersistentLevel' has LevelScriptBlueprint '/Game/ThirdPersonBP/Maps/ThirdPersonExampleMap.ThirdPersonExampleMap:PersistentLevel.ThirdPersonExampleMap' with GeneratedClass '/Game/ThirdPersonBP/Maps/ThirdPersonExampleMap.ThirdPersonExampleMap_C' with ClassGeneratedBy '/Game/ThirdPersonBP/Maps/ThirdPersonExampleMap.ThirdPersonExampleMap:PersistentLevel.ThirdPersonExampleMap'
[2018.11.09-17.20.00:316][291]LogBlueprintUserMessages: Early EndPlayMap Detection: Level '/Game/ThirdPersonBP/Maps/ThirdPersonExampleMap.ThirdPersonExampleMap:PersistentLevel' has LevelScriptBlueprint '/Game/ThirdPersonBP/Maps/ThirdPersonExampleMap.ThirdPersonExampleMap:PersistentLevel.ThirdPersonExampleMap' with GeneratedClass '/Game/ThirdPersonBP/Maps/ThirdPersonExampleMap.ThirdPersonExampleMap_C' with ClassGeneratedBy '/Game/ThirdPersonBP/Maps/ThirdPersonExampleMap.ThirdPersonExampleMap:PersistentLevel.ThirdPersonExampleMap'
[2018.11.09-17.20.00:316][291]LogSlate: Updating window title bar state: overlay mode, drag disabled, window buttons hidden, title bar hidden
[2018.11.09-17.20.00:384][291]LogPlayLevel: Display: Shutting down PIE online subsystems
[2018.11.09-17.20.00:385][291]LogBlueprintUserMessages: Late EndPlayMap Detection: Level '/Game/ThirdPersonBP/Maps/ThirdPersonExampleMap.ThirdPersonExampleMap:PersistentLevel' has LevelScriptBlueprint '/Game/ThirdPersonBP/Maps/ThirdPersonExampleMap.ThirdPersonExampleMap:PersistentLevel.ThirdPersonExampleMap' with GeneratedClass '/Game/ThirdPersonBP/Maps/ThirdPersonExampleMap.ThirdPersonExampleMap_C' with ClassGeneratedBy '/Game/ThirdPersonBP/Maps/ThirdPersonExampleMap.ThirdPersonExampleMap:PersistentLevel.ThirdPersonExampleMap'
[2018.11.09-17.20.00:424][291]LogSlate: Updating window title bar state: overlay mode, drag disabled, window buttons hidden, title bar hidden
[2018.11.09-17.20.00:452][292]LogPlayLevel: Display: Destroying online subsystem :Context_5
[2018.11.09-17.20.03:211][406]LogSlate: FSceneViewport::OnFocusLost() reason 0
[2018.11.09-17.20.03:424][408]LogAssetEditorManager: Opening Asset editor for Blueprint /Game/ThirdPersonBP/Blueprints/AI_Character.AI_Character
[2018.11.09-17.20.26:532][707]LogTemp: Repeating last play command: Selected Viewport
[2018.11.09-17.20.26:555][707]LogBlueprintUserMessages: Early PlayInEditor Detection: Level '/Game/ThirdPersonBP/Maps/ThirdPersonExampleMap.ThirdPersonExampleMap:PersistentLevel' has LevelScriptBlueprint '/Game/ThirdPersonBP/Maps/ThirdPersonExampleMap.ThirdPersonExampleMap:PersistentLevel.ThirdPersonExampleMap' with GeneratedClass '/Game/ThirdPersonBP/Maps/ThirdPersonExampleMap.ThirdPersonExampleMap_C' with ClassGeneratedBy '/Game/ThirdPersonBP/Maps/ThirdPersonExampleMap.ThirdPersonExampleMap:PersistentLevel.ThirdPersonExampleMap'
[2018.11.09-17.20.26:555][707]LogPlayLevel: PlayLevel: No blueprints needed recompiling
[2018.11.09-17.20.26:555][707]PIE: New page: PIE session: ThirdPersonExampleMap (Nov 9, 2018, 3:20:26 AM)
[2018.11.09-17.20.26:555][707]LogPlayLevel: Creating play world package: /Game/ThirdPersonBP/Maps/UEDPIE_0_ThirdPersonExampleMap
[2018.11.09-17.20.26:575][707]LogPlayLevel: PIE: StaticDuplicateObject took: (0.020196s)
[2018.11.09-17.20.26:577][707]LogAIModule: Creating AISystem for world ThirdPersonExampleMap
[2018.11.09-17.20.26:577][707]LogPlayLevel: PIE: World Init took: (0.001882s)
[2018.11.09-17.20.26:578][707]LogPlayLevel: PIE: Created PIE world by copying editor world from /Game/ThirdPersonBP/Maps/ThirdPersonExampleMap.ThirdPersonExampleMap to /Game/ThirdPersonBP/Maps/UEDPIE_0_ThirdPersonExampleMap.ThirdPersonExampleMap (0.022377s)
[2018.11.09-17.20.26:623][707]LogInit: XAudio2 using 'Speakers (2- Logitech G430 Gaming Headset)' : 2 channels at 48 kHz using 16 bits per sample (channel mask 0x3)
[2018.11.09-17.20.26:638][707]LogInit: FAudioDevice initialized.
[2018.11.09-17.20.26:678][707]LogLoad: Game class is 'ThirdPersonGameMode_C'
[2018.11.09-17.20.26:685][707]LogWorld: Bringing World /Game/ThirdPersonBP/Maps/UEDPIE_0_ThirdPersonExampleMap.ThirdPersonExampleMap up for play (max tick rate 60) at 2018.11.09-10.20.26
[2018.11.09-17.20.26:686][707]LogWorld: Bringing up level for play took: 0.006295
[2018.11.09-17.20.26:700][707]PIE: Play in editor start time for /Game/ThirdPersonBP/Maps/UEDPIE_0_ThirdPersonExampleMap -0.184
[2018.11.09-17.20.26:700][707]LogBlueprintUserMessages: Late PlayInEditor Detection: Level '/Game/ThirdPersonBP/Maps/ThirdPersonExampleMap.ThirdPersonExampleMap:PersistentLevel' has LevelScriptBlueprint '/Game/ThirdPersonBP/Maps/ThirdPersonExampleMap.ThirdPersonExampleMap:PersistentLevel.ThirdPersonExampleMap' with GeneratedClass '/Game/ThirdPersonBP/Maps/ThirdPersonExampleMap.ThirdPersonExampleMap_C' with ClassGeneratedBy '/Game/ThirdPersonBP/Maps/ThirdPersonExampleMap.ThirdPersonExampleMap:PersistentLevel.ThirdPersonExampleMap'
[2018.11.09-17.20.41:253][359]LogBlueprintUserMessages: Early EndPlayMap Detection: Level '/Game/ThirdPersonBP/Maps/ThirdPersonExampleMap.ThirdPersonExampleMap:PersistentLevel' has LevelScriptBlueprint '/Game/ThirdPersonBP/Maps/ThirdPersonExampleMap.ThirdPersonExampleMap:PersistentLevel.ThirdPersonExampleMap' with GeneratedClass '/Game/ThirdPersonBP/Maps/ThirdPersonExampleMap.ThirdPersonExampleMap_C' with ClassGeneratedBy '/Game/ThirdPersonBP/Maps/ThirdPersonExampleMap.ThirdPersonExampleMap:PersistentLevel.ThirdPersonExampleMap'
[2018.11.09-17.20.41:254][359]LogSlate: Updating window title bar state: overlay mode, drag disabled, window buttons hidden, title bar hidden
[2018.11.09-17.20.41:341][359]LogPlayLevel: Display: Shutting down PIE online subsystems
[2018.11.09-17.20.41:341][359]LogBlueprintUserMessages: Late EndPlayMap Detection: Level '/Game/ThirdPersonBP/Maps/ThirdPersonExampleMap.ThirdPersonExampleMap:PersistentLevel' has LevelScriptBlueprint '/Game/ThirdPersonBP/Maps/ThirdPersonExampleMap.ThirdPersonExampleMap:PersistentLevel.ThirdPersonExampleMap' with GeneratedClass '/Game/ThirdPersonBP/Maps/ThirdPersonExampleMap.ThirdPersonExampleMap_C' with ClassGeneratedBy '/Game/ThirdPersonBP/Maps/ThirdPersonExampleMap.ThirdPersonExampleMap:PersistentLevel.ThirdPersonExampleMap'
[2018.11.09-17.20.41:387][359]LogSlate: Updating window title bar state: overlay mode, drag disabled, window buttons hidden, title bar hidden
[2018.11.09-17.20.41:490][360]LogPlayLevel: Display: Destroying online subsystem :Context_7
[2018.11.09-17.24.03:025][882]LogSavePackage: Moving '../../../../../../Users/hanspnd/Desktop/CodeCamp2018/CodeCamp2018/Saved/ThirdPersonExampleMap_Auto259C09F6543929AF632FC88B19531EA02.tmp' to '../../../../../../Users/hanspnd/Desktop/CodeCamp2018/CodeCamp2018/Saved/Autosaves/Game/ThirdPersonBP/Maps/ThirdPersonExampleMap_Auto2.umap'
[2018.11.09-17.24.03:036][882]LogFileHelpers: Editor autosave (incl. sublevels) for '/Game/ThirdPersonBP/Maps/ThirdPersonExampleMap' took 0.425
[2018.11.09-17.24.03:037][882]LogFileHelpers: Editor autosave (incl. sublevels) for all levels took 0.425
[2018.11.09-17.25.02:656][236]BlueprintLog: New page: Compile AI_Character
[2018.11.09-17.25.04:473][301]LogSavePackage: Moving '../../../../../../Users/hanspnd/Desktop/CodeCamp2018/CodeCamp2018/Saved/AI_CharacterBD2B27AD476DAFDE8C39148A7B4763BF.tmp' to '../../../../../../Users/hanspnd/Desktop/CodeCamp2018/CodeCamp2018/Content/ThirdPersonBP/Blueprints/AI_Character.uasset'
[2018.11.09-17.25.06:275][385]LogTemp: Repeating last play command: Selected Viewport
[2018.11.09-17.25.06:316][385]LogBlueprintUserMessages: Early PlayInEditor Detection: Level '/Game/ThirdPersonBP/Maps/ThirdPersonExampleMap.ThirdPersonExampleMap:PersistentLevel' has LevelScriptBlueprint '/Game/ThirdPersonBP/Maps/ThirdPersonExampleMap.ThirdPersonExampleMap:PersistentLevel.ThirdPersonExampleMap' with GeneratedClass '/Game/ThirdPersonBP/Maps/ThirdPersonExampleMap.ThirdPersonExampleMap_C' with ClassGeneratedBy '/Game/ThirdPersonBP/Maps/ThirdPersonExampleMap.ThirdPersonExampleMap:PersistentLevel.ThirdPersonExampleMap'
[2018.11.09-17.25.06:316][385]LogPlayLevel: PlayLevel: No blueprints needed recompiling
[2018.11.09-17.25.06:316][385]PIE: New page: PIE session: ThirdPersonExampleMap (Nov 9, 2018, 3:25:06 AM)
[2018.11.09-17.25.06:316][385]LogPlayLevel: Creating play world package: /Game/ThirdPersonBP/Maps/UEDPIE_0_ThirdPersonExampleMap
[2018.11.09-17.25.06:343][385]LogPlayLevel: PIE: StaticDuplicateObject took: (0.026799s)
[2018.11.09-17.25.06:344][385]LogAIModule: Creating AISystem for world ThirdPersonExampleMap
[2018.11.09-17.25.06:345][385]LogPlayLevel: PIE: World Init took: (0.001528s)
[2018.11.09-17.25.06:345][385]LogPlayLevel: PIE: Created PIE world by copying editor world from /Game/ThirdPersonBP/Maps/ThirdPersonExampleMap.ThirdPersonExampleMap to /Game/ThirdPersonBP/Maps/UEDPIE_0_ThirdPersonExampleMap.ThirdPersonExampleMap (0.028563s)
[2018.11.09-17.25.06:393][385]LogInit: XAudio2 using 'Speakers (2- Logitech G430 Gaming Headset)' : 2 channels at 48 kHz using 16 bits per sample (channel mask 0x3)
[2018.11.09-17.25.06:409][385]LogInit: FAudioDevice initialized.
[2018.11.09-17.25.06:446][385]LogLoad: Game class is 'ThirdPersonGameMode_C'
[2018.11.09-17.25.06:450][385]LogWorld: Bringing World /Game/ThirdPersonBP/Maps/UEDPIE_0_ThirdPersonExampleMap.ThirdPersonExampleMap up for play (max tick rate 60) at 2018.11.09-10.25.06
[2018.11.09-17.25.06:450][385]LogWorld: Bringing up level for play took: 0.003343
[2018.11.09-17.25.06:464][385]PIE: Play in editor start time for /Game/ThirdPersonBP/Maps/UEDPIE_0_ThirdPersonExampleMap -0.42
[2018.11.09-17.25.06:465][385]LogBlueprintUserMessages: Late PlayInEditor Detection: Level '/Game/ThirdPersonBP/Maps/ThirdPersonExampleMap.ThirdPersonExampleMap:PersistentLevel' has LevelScriptBlueprint '/Game/ThirdPersonBP/Maps/ThirdPersonExampleMap.ThirdPersonExampleMap:PersistentLevel.ThirdPersonExampleMap' with GeneratedClass '/Game/ThirdPersonBP/Maps/ThirdPersonExampleMap.ThirdPersonExampleMap_C' with ClassGeneratedBy '/Game/ThirdPersonBP/Maps/ThirdPersonExampleMap.ThirdPersonExampleMap:PersistentLevel.ThirdPersonExampleMap'
[2018.11.09-17.25.09:432][464]LogBlueprintUserMessages: Early EndPlayMap Detection: Level '/Game/ThirdPersonBP/Maps/ThirdPersonExampleMap.ThirdPersonExampleMap:PersistentLevel' has LevelScriptBlueprint '/Game/ThirdPersonBP/Maps/ThirdPersonExampleMap.ThirdPersonExampleMap:PersistentLevel.ThirdPersonExampleMap' with GeneratedClass '/Game/ThirdPersonBP/Maps/ThirdPersonExampleMap.ThirdPersonExampleMap_C' with ClassGeneratedBy '/Game/ThirdPersonBP/Maps/ThirdPersonExampleMap.ThirdPersonExampleMap:PersistentLevel.ThirdPersonExampleMap'
[2018.11.09-17.25.09:432][464]LogSlate: Updating window title bar state: overlay mode, drag disabled, window buttons hidden, title bar hidden
[2018.11.09-17.25.09:522][464]LogPlayLevel: Display: Shutting down PIE online subsystems
[2018.11.09-17.25.09:522][464]LogBlueprintUserMessages: Late EndPlayMap Detection: Level '/Game/ThirdPersonBP/Maps/ThirdPersonExampleMap.ThirdPersonExampleMap:PersistentLevel' has LevelScriptBlueprint '/Game/ThirdPersonBP/Maps/ThirdPersonExampleMap.ThirdPersonExampleMap:PersistentLevel.ThirdPersonExampleMap' with GeneratedClass '/Game/ThirdPersonBP/Maps/ThirdPersonExampleMap.ThirdPersonExampleMap_C' with ClassGeneratedBy '/Game/ThirdPersonBP/Maps/ThirdPersonExampleMap.ThirdPersonExampleMap:PersistentLevel.ThirdPersonExampleMap'
[2018.11.09-17.25.09:564][464]LogSlate: Updating window title bar state: overlay mode, drag disabled, window buttons hidden, title bar hidden
[2018.11.09-17.25.09:670][465]LogPlayLevel: Display: Destroying online subsystem :Context_8
[2018.11.09-17.25.10:404][499]LogSlate: FSceneViewport::OnFocusLost() reason 0
[2018.11.09-17.25.12:010][594]LogEditorViewport: Clicking on Actor (LMB): StaticMeshActor (Floor)
[2018.11.09-17.25.12:752][619]LogSlate: FSceneViewport::OnFocusLost() reason 0
[2018.11.09-17.25.12:818][623]LogTemp: Repeating last play command: Selected Viewport
[2018.11.09-17.25.12:839][623]LogBlueprintUserMessages: Early PlayInEditor Detection: Level '/Game/ThirdPersonBP/Maps/ThirdPersonExampleMap.ThirdPersonExampleMap:PersistentLevel' has LevelScriptBlueprint '/Game/ThirdPersonBP/Maps/ThirdPersonExampleMap.ThirdPersonExampleMap:PersistentLevel.ThirdPersonExampleMap' with GeneratedClass '/Game/ThirdPersonBP/Maps/ThirdPersonExampleMap.ThirdPersonExampleMap_C' with ClassGeneratedBy '/Game/ThirdPersonBP/Maps/ThirdPersonExampleMap.ThirdPersonExampleMap:PersistentLevel.ThirdPersonExampleMap'
[2018.11.09-17.25.12:839][623]LogPlayLevel: PlayLevel: No blueprints needed recompiling
[2018.11.09-17.25.12:839][623]PIE: New page: PIE session: ThirdPersonExampleMap (Nov 9, 2018, 3:25:12 AM)
[2018.11.09-17.25.12:839][623]LogPlayLevel: Creating play world package: /Game/ThirdPersonBP/Maps/UEDPIE_0_ThirdPersonExampleMap
[2018.11.09-17.25.12:858][623]LogPlayLevel: PIE: StaticDuplicateObject took: (0.018990s)
[2018.11.09-17.25.12:860][623]LogAIModule: Creating AISystem for world ThirdPersonExampleMap
[2018.11.09-17.25.12:860][623]LogPlayLevel: PIE: World Init took: (0.001237s)
[2018.11.09-17.25.12:860][623]LogPlayLevel: PIE: Created PIE world by copying editor world from /Game/ThirdPersonBP/Maps/ThirdPersonExampleMap.ThirdPersonExampleMap to /Game/ThirdPersonBP/Maps/UEDPIE_0_ThirdPersonExampleMap.ThirdPersonExampleMap (0.020432s)
[2018.11.09-17.25.12:908][623]LogInit: XAudio2 using 'Speakers (2- Logitech G430 Gaming Headset)' : 2 channels at 48 kHz using 16 bits per sample (channel mask 0x3)
[2018.11.09-17.25.12:921][623]LogInit: FAudioDevice initialized.
[2018.11.09-17.25.12:955][623]LogLoad: Game class is 'ThirdPersonGameMode_C'
[2018.11.09-17.25.12:959][623]LogWorld: Bringing World /Game/ThirdPersonBP/Maps/UEDPIE_0_ThirdPersonExampleMap.ThirdPersonExampleMap up for play (max tick rate 60) at 2018.11.09-10.25.12
[2018.11.09-17.25.12:960][623]LogWorld: Bringing up level for play took: 0.003946
[2018.11.09-17.25.12:974][623]PIE: Play in editor start time for /Game/ThirdPersonBP/Maps/UEDPIE_0_ThirdPersonExampleMap 0.09
[2018.11.09-17.25.12:974][623]LogBlueprintUserMessages: Late PlayInEditor Detection: Level '/Game/ThirdPersonBP/Maps/ThirdPersonExampleMap.ThirdPersonExampleMap:PersistentLevel' has LevelScriptBlueprint '/Game/ThirdPersonBP/Maps/ThirdPersonExampleMap.ThirdPersonExampleMap:PersistentLevel.ThirdPersonExampleMap' with GeneratedClass '/Game/ThirdPersonBP/Maps/ThirdPersonExampleMap.ThirdPersonExampleMap_C' with ClassGeneratedBy '/Game/ThirdPersonBP/Maps/ThirdPersonExampleMap.ThirdPersonExampleMap:PersistentLevel.ThirdPersonExampleMap'
[2018.11.09-17.25.30:445][199]LogBlueprintUserMessages: Early EndPlayMap Detection: Level '/Game/ThirdPersonBP/Maps/ThirdPersonExampleMap.ThirdPersonExampleMap:PersistentLevel' has LevelScriptBlueprint '/Game/ThirdPersonBP/Maps/ThirdPersonExampleMap.ThirdPersonExampleMap:PersistentLevel.ThirdPersonExampleMap' with GeneratedClass '/Game/ThirdPersonBP/Maps/ThirdPersonExampleMap.ThirdPersonExampleMap_C' with ClassGeneratedBy '/Game/ThirdPersonBP/Maps/ThirdPersonExampleMap.ThirdPersonExampleMap:PersistentLevel.ThirdPersonExampleMap'
[2018.11.09-17.25.30:446][199]LogSlate: Updating window title bar state: overlay mode, drag disabled, window buttons hidden, title bar hidden
[2018.11.09-17.25.30:535][199]LogPlayLevel: Display: Shutting down PIE online subsystems
[2018.11.09-17.25.30:535][199]LogBlueprintUserMessages: Late EndPlayMap Detection: Level '/Game/ThirdPersonBP/Maps/ThirdPersonExampleMap.ThirdPersonExampleMap:PersistentLevel' has LevelScriptBlueprint '/Game/ThirdPersonBP/Maps/ThirdPersonExampleMap.ThirdPersonExampleMap:PersistentLevel.ThirdPersonExampleMap' with GeneratedClass '/Game/ThirdPersonBP/Maps/ThirdPersonExampleMap.ThirdPersonExampleMap_C' with ClassGeneratedBy '/Game/ThirdPersonBP/Maps/ThirdPersonExampleMap.ThirdPersonExampleMap:PersistentLevel.ThirdPersonExampleMap'
[2018.11.09-17.25.30:577][199]LogSlate: Updating window title bar state: overlay mode, drag disabled, window buttons hidden, title bar hidden
[2018.11.09-17.25.30:604][200]LogPlayLevel: Display: Destroying online subsystem :Context_11
[2018.11.09-17.25.32:151][251]LogSlate: FSceneViewport::OnFocusLost() reason 0
[2018.11.09-17.26.16:061][674]LogSlate: Window 'AI_Character*' being destroyed
[2018.11.09-17.26.16:071][674]LogSlate: Window 'AI_Character*' being destroyed
[2018.11.09-17.26.46:728][549]LogSlate: FSceneViewport::OnFocusLost() reason 2
[2018.11.09-17.26.47:918][585]LogSavePackage: Moving '../../../../../../Users/hanspnd/Desktop/CodeCamp2018/CodeCamp2018/Saved/ThirdPersonExampleMapBE424F704EAEAE1F5B9499A4BE20807D.tmp' to '../../../../../../Users/hanspnd/Desktop/CodeCamp2018/CodeCamp2018/Content/ThirdPersonBP/Maps/ThirdPersonExampleMap.umap'
[2018.11.09-17.26.48:515][585]LogSavePackage: Moving '../../../../../../Users/hanspnd/Desktop/CodeCamp2018/CodeCamp2018/Saved/ThirdPersonExampleMap_BuiltDataE0C846204BBDECCBADF6B4BE58174BA3.tmp' to '../../../../../../Users/hanspnd/Desktop/CodeCamp2018/CodeCamp2018/Content/ThirdPersonBP/Maps/ThirdPersonExampleMap_BuiltData.uasset'
[2018.11.09-17.31.31:437][495]LogEditorViewport: Clicking on Actor (LMB): StaticMeshActor (Floor)
[2018.11.09-17.31.38:652][715]LogSlate: FSceneViewport::OnFocusLost() reason 0
[2018.11.09-17.31.38:757][718]LogTemp: Repeating last play command: Selected Viewport
[2018.11.09-17.31.38:791][718]LogBlueprintUserMessages: Early PlayInEditor Detection: Level '/Game/ThirdPersonBP/Maps/ThirdPersonExampleMap.ThirdPersonExampleMap:PersistentLevel' has LevelScriptBlueprint '/Game/ThirdPersonBP/Maps/ThirdPersonExampleMap.ThirdPersonExampleMap:PersistentLevel.ThirdPersonExampleMap' with GeneratedClass '/Game/ThirdPersonBP/Maps/ThirdPersonExampleMap.ThirdPersonExampleMap_C' with ClassGeneratedBy '/Game/ThirdPersonBP/Maps/ThirdPersonExampleMap.ThirdPersonExampleMap:PersistentLevel.ThirdPersonExampleMap'
[2018.11.09-17.31.38:791][718]LogPlayLevel: PlayLevel: No blueprints needed recompiling
[2018.11.09-17.31.38:791][718]PIE: New page: PIE session: ThirdPersonExampleMap (Nov 9, 2018, 3:31:38 AM)
[2018.11.09-17.31.38:791][718]LogPlayLevel: Creating play world package: /Game/ThirdPersonBP/Maps/UEDPIE_0_ThirdPersonExampleMap
[2018.11.09-17.31.38:828][718]LogPlayLevel: PIE: StaticDuplicateObject took: (0.036455s)
[2018.11.09-17.31.38:829][718]LogAIModule: Creating AISystem for world ThirdPersonExampleMap
[2018.11.09-17.31.38:829][718]LogPlayLevel: PIE: World Init took: (0.001182s)
[2018.11.09-17.31.38:829][718]LogPlayLevel: PIE: Created PIE world by copying editor world from /Game/ThirdPersonBP/Maps/ThirdPersonExampleMap.ThirdPersonExampleMap to /Game/ThirdPersonBP/Maps/UEDPIE_0_ThirdPersonExampleMap.ThirdPersonExampleMap (0.037877s)
[2018.11.09-17.31.38:881][718]LogInit: XAudio2 using 'Speakers (2- Logitech G430 Gaming Headset)' : 2 channels at 48 kHz using 16 bits per sample (channel mask 0x3)
[2018.11.09-17.31.38:907][718]LogInit: FAudioDevice initialized.
[2018.11.09-17.31.38:944][718]LogLoad: Game class is 'ThirdPersonGameMode_C'
[2018.11.09-17.31.38:948][718]LogWorld: Bringing World /Game/ThirdPersonBP/Maps/UEDPIE_0_ThirdPersonExampleMap.ThirdPersonExampleMap up for play (max tick rate 60) at 2018.11.09-10.31.38
[2018.11.09-17.31.38:949][718]LogWorld: Bringing up level for play took: 0.004170
[2018.11.09-17.31.38:963][718]PIE: Play in editor start time for /Game/ThirdPersonBP/Maps/UEDPIE_0_ThirdPersonExampleMap 0.079
[2018.11.09-17.31.38:963][718]LogBlueprintUserMessages: Late PlayInEditor Detection: Level '/Game/ThirdPersonBP/Maps/ThirdPersonExampleMap.ThirdPersonExampleMap:PersistentLevel' has LevelScriptBlueprint '/Game/ThirdPersonBP/Maps/ThirdPersonExampleMap.ThirdPersonExampleMap:PersistentLevel.ThirdPersonExampleMap' with GeneratedClass '/Game/ThirdPersonBP/Maps/ThirdPersonExampleMap.ThirdPersonExampleMap_C' with ClassGeneratedBy '/Game/ThirdPersonBP/Maps/ThirdPersonExampleMap.ThirdPersonExampleMap:PersistentLevel.ThirdPersonExampleMap'
[2018.11.09-17.31.56:612][307]LogBlueprintUserMessages: Early EndPlayMap Detection: Level '/Game/ThirdPersonBP/Maps/ThirdPersonExampleMap.ThirdPersonExampleMap:PersistentLevel' has LevelScriptBlueprint '/Game/ThirdPersonBP/Maps/ThirdPersonExampleMap.ThirdPersonExampleMap:PersistentLevel.ThirdPersonExampleMap' with GeneratedClass '/Game/ThirdPersonBP/Maps/ThirdPersonExampleMap.ThirdPersonExampleMap_C' with ClassGeneratedBy '/Game/ThirdPersonBP/Maps/ThirdPersonExampleMap.ThirdPersonExampleMap:PersistentLevel.ThirdPersonExampleMap'
[2018.11.09-17.31.56:612][307]LogSlate: Updating window title bar state: overlay mode, drag disabled, window buttons hidden, title bar hidden
[2018.11.09-17.31.56:677][307]LogPlayLevel: Display: Shutting down PIE online subsystems
[2018.11.09-17.31.56:677][307]LogBlueprintUserMessages: Late EndPlayMap Detection: Level '/Game/ThirdPersonBP/Maps/ThirdPersonExampleMap.ThirdPersonExampleMap:PersistentLevel' has LevelScriptBlueprint '/Game/ThirdPersonBP/Maps/ThirdPersonExampleMap.ThirdPersonExampleMap:PersistentLevel.ThirdPersonExampleMap' with GeneratedClass '/Game/ThirdPersonBP/Maps/ThirdPersonExampleMap.ThirdPersonExampleMap_C' with ClassGeneratedBy '/Game/ThirdPersonBP/Maps/ThirdPersonExampleMap.ThirdPersonExampleMap:PersistentLevel.ThirdPersonExampleMap'
[2018.11.09-17.31.56:716][307]LogSlate: Updating window title bar state: overlay mode, drag disabled, window buttons hidden, title bar hidden
[2018.11.09-17.31.56:742][308]LogPlayLevel: Display: Destroying online subsystem :Context_12
[2018.11.09-17.31.57:931][358]LogSlate: FSceneViewport::OnFocusLost() reason 0
[2018.11.09-17.31.58:099][360]LogAssetEditorManager: Opening Asset editor for Blueprint /Game/ThirdPersonBP/Blueprints/AI_Character.AI_Character
[2018.11.09-17.32.16:141][324]BlueprintLog: New page: Compile AI_Character
[2018.11.09-17.32.17:194][357]LogSavePackage: Moving '../../../../../../Users/hanspnd/Desktop/CodeCamp2018/CodeCamp2018/Saved/AI_CharacterEED3B88E4F978A1D34463B9451D0A65B.tmp' to '../../../../../../Users/hanspnd/Desktop/CodeCamp2018/CodeCamp2018/Content/ThirdPersonBP/Blueprints/AI_Character.uasset'
[2018.11.09-17.32.18:317][422]LogSlate: Window 'AI_Character' being destroyed
[2018.11.09-17.32.18:326][422]LogSlate: Window 'AI_Character' being destroyed
[2018.11.09-17.32.19:361][473]LogTemp: Repeating last play command: Selected Viewport
[2018.11.09-17.32.19:384][473]LogBlueprintUserMessages: Early PlayInEditor Detection: Level '/Game/ThirdPersonBP/Maps/ThirdPersonExampleMap.ThirdPersonExampleMap:PersistentLevel' has LevelScriptBlueprint '/Game/ThirdPersonBP/Maps/ThirdPersonExampleMap.ThirdPersonExampleMap:PersistentLevel.ThirdPersonExampleMap' with GeneratedClass '/Game/ThirdPersonBP/Maps/ThirdPersonExampleMap.ThirdPersonExampleMap_C' with ClassGeneratedBy '/Game/ThirdPersonBP/Maps/ThirdPersonExampleMap.ThirdPersonExampleMap:PersistentLevel.ThirdPersonExampleMap'
[2018.11.09-17.32.19:385][473]LogPlayLevel: PlayLevel: No blueprints needed recompiling
[2018.11.09-17.32.19:385][473]PIE: New page: PIE session: ThirdPersonExampleMap (Nov 9, 2018, 3:32:19 AM)
[2018.11.09-17.32.19:385][473]LogPlayLevel: Creating play world package: /Game/ThirdPersonBP/Maps/UEDPIE_0_ThirdPersonExampleMap
[2018.11.09-17.32.19:402][473]LogPlayLevel: PIE: StaticDuplicateObject took: (0.018483s)
[2018.11.09-17.32.19:403][473]LogAIModule: Creating AISystem for world ThirdPersonExampleMap
[2018.11.09-17.32.19:404][473]LogPlayLevel: PIE: World Init took: (0.001145s)
[2018.11.09-17.32.19:404][473]LogPlayLevel: PIE: Created PIE world by copying editor world from /Game/ThirdPersonBP/Maps/ThirdPersonExampleMap.ThirdPersonExampleMap to /Game/ThirdPersonBP/Maps/UEDPIE_0_ThirdPersonExampleMap.ThirdPersonExampleMap (0.019852s)
[2018.11.09-17.32.19:448][473]LogInit: XAudio2 using 'Speakers (2- Logitech G430 Gaming Headset)' : 2 channels at 48 kHz using 16 bits per sample (channel mask 0x3)
[2018.11.09-17.32.19:462][473]LogInit: FAudioDevice initialized.
[2018.11.09-17.32.19:497][473]LogLoad: Game class is 'ThirdPersonGameMode_C'
[2018.11.09-17.32.19:501][473]LogWorld: Bringing World /Game/ThirdPersonBP/Maps/UEDPIE_0_ThirdPersonExampleMap.ThirdPersonExampleMap up for play (max tick rate 60) at 2018.11.09-10.32.19
[2018.11.09-17.32.19:501][473]LogWorld: Bringing up level for play took: 0.003513
[2018.11.09-17.32.19:515][473]PIE: Play in editor start time for /Game/ThirdPersonBP/Maps/UEDPIE_0_ThirdPersonExampleMap 0.63
[2018.11.09-17.32.19:515][473]LogBlueprintUserMessages: Late PlayInEditor Detection: Level '/Game/ThirdPersonBP/Maps/ThirdPersonExampleMap.ThirdPersonExampleMap:PersistentLevel' has LevelScriptBlueprint '/Game/ThirdPersonBP/Maps/ThirdPersonExampleMap.ThirdPersonExampleMap:PersistentLevel.ThirdPersonExampleMap' with GeneratedClass '/Game/ThirdPersonBP/Maps/ThirdPersonExampleMap.ThirdPersonExampleMap_C' with ClassGeneratedBy '/Game/ThirdPersonBP/Maps/ThirdPersonExampleMap.ThirdPersonExampleMap:PersistentLevel.ThirdPersonExampleMap'
