Log file open, 11/09/18 08:48:30
LogWindows: Failed to load 'aqProf.dll' (GetLastError=126)
LogWindows: File 'aqProf.dll' does not exist
LogWindows: Failed to load 'VSPerf140.dll' (GetLastError=126)
LogWindows: File 'VSPerf140.dll' does not exist
LogWindows: Failed to load 'VtuneApi.dll' (GetLastError=126)
LogWindows: File 'VtuneApi.dll' does not exist
LogWindows: Failed to load 'VtuneApi32e.dll' (GetLastError=126)
LogWindows: File 'VtuneApi32e.dll' does not exist
LogInit: Display: Running engine for game: CodeCamp2018
LogPlatformFile: Not using cached read wrapper
LogTaskGraph: Started task graph with 5 named threads and 11 total threads with 3 sets of task threads.
LogStats: Stats thread started at 0.240611
LogD3D11RHI: Loaded GFSDK_Aftermath_Lib.x64.dll
LogICUInternationalization: Display: ICU TimeZone Detection - Raw Offset: -7:00, Platform Override: ''
LogPluginManager: Mounting plugin Paper2D
LogPluginManager: Mounting plugin AISupport
LogPluginManager: Mounting plugin LightPropagationVolume
LogPluginManager: Mounting plugin CLionSourceCodeAccess
LogPluginManager: Mounting plugin CodeLiteSourceCodeAccess
LogPluginManager: Mounting plugin GitSourceControl
LogPluginManager: Mounting plugin KDevelopSourceCodeAccess
LogPluginManager: Mounting plugin NullSourceCodeAccess
LogPluginManager: Mounting plugin PerforceSourceControl
LogPluginManager: Mounting plugin SubversionSourceControl
LogPluginManager: Mounting plugin UObjectPlugin
LogPluginManager: Mounting plugin VisualStudioCodeSourceCodeAccess
LogPluginManager: Mounting plugin VisualStudioSourceCodeAccess
LogPluginManager: Mounting plugin XCodeSourceCodeAccess
LogPluginManager: Mounting plugin AssetManagerEditor
LogPluginManager: Mounting plugin CryptoKeys
LogPluginManager: Mounting plugin DataValidation
LogPluginManager: Mounting plugin FacialAnimation
LogPluginManager: Mounting plugin GameplayTagsEditor
LogPluginManager: Mounting plugin MacGraphicsSwitching
LogPluginManager: Mounting plugin MeshEditor
LogPluginManager: Mounting plugin MobileLauncherProfileWizard
LogPluginManager: Mounting plugin PluginBrowser
LogPluginManager: Mounting plugin SpeedTreeImporter
LogPluginManager: Mounting plugin DatasmithContent
LogPluginManager: Mounting plugin AlembicImporter
LogPluginManager: Mounting plugin AppleImageUtils
LogPluginManager: Mounting plugin AppleVision
LogPluginManager: Mounting plugin BackChannel
LogPluginManager: Mounting plugin CharacterAI
LogPluginManager: Mounting plugin GeometryCache
LogPluginManager: Mounting plugin HTML5Networking
LogPluginManager: Mounting plugin ProxyLODPlugin
LogPluginManager: Mounting plugin MagicLeap
LogPluginManager: Mounting plugin MagicLeapEmulator
LogPluginManager: Mounting plugin MagicLeapMedia
LogPluginManager: Mounting plugin AndroidMedia
LogPluginManager: Mounting plugin AvfMedia
LogPluginManager: Mounting plugin ImgMedia
LogPluginManager: Mounting plugin LinearTimecode
LogPluginManager: Mounting plugin MediaCompositing
LogPluginManager: Mounting plugin MediaPlayerEditor
LogPluginManager: Mounting plugin WmfMedia
LogPluginManager: Mounting plugin TcpMessaging
LogPluginManager: Mounting plugin UdpMessaging
LogPluginManager: Mounting plugin ActorSequence
LogPluginManager: Mounting plugin LevelSequenceEditor
LogPluginManager: Mounting plugin MatineeToLevelSequence
LogPluginManager: Mounting plugin NetcodeUnitTest
LogPluginManager: Mounting plugin NUTUnrealEngine4
LogPluginManager: Mounting plugin OnlineSubsystemGooglePlay
LogPluginManager: Mounting plugin OnlineSubsystemIOS
LogPluginManager: Mounting plugin OnlineSubsystem
LogPluginManager: Mounting plugin OnlineSubsystemNull
LogPluginManager: Mounting plugin OnlineSubsystemUtils
LogPluginManager: Mounting plugin LauncherChunkInstaller
LogPluginManager: Mounting plugin AndroidDeviceProfileSelector
LogPluginManager: Mounting plugin AndroidMoviePlayer
LogPluginManager: Mounting plugin AndroidPermission
LogPluginManager: Mounting plugin AppleMoviePlayer
LogPluginManager: Mounting plugin ArchVisCharacter
LogPluginManager: Mounting plugin AudioCapture
LogPluginManager: Mounting plugin CableComponent
LogPluginManager: Mounting plugin CustomMeshComponent
LogPluginManager: Mounting plugin EditableMesh
LogPluginManager: Mounting plugin ExampleDeviceProfileSelector
LogPluginManager: Mounting plugin GoogleCloudMessaging
LogPluginManager: Mounting plugin ImmediatePhysics
LogPluginManager: Mounting plugin IOSDeviceProfileSelector
LogPluginManager: Mounting plugin LinuxDeviceProfileSelector
LogPluginManager: Mounting plugin LocationServicesBPLibrary
LogPluginManager: Mounting plugin MobilePatchingUtils
LogPluginManager: Mounting plugin OculusVR
LogPluginManager: Plugin shader directory ../../../Engine/Plugins/Runtime/Oculus/OculusVR/Shaders found
LogPluginManager: Mapping shader source directory ../../../Engine/Plugins/Runtime/Oculus/OculusVR/Shaders to virtual directory /Plugin/OculusVR
LogPluginManager: Mounting plugin PhysXVehicles
LogPluginManager: Mounting plugin ProceduralMeshComponent
LogPluginManager: Mounting plugin RuntimePhysXCooking
LogPluginManager: Mounting plugin SteamVR
LogPluginManager: Mounting plugin WindowsMoviePlayer
LogStreaming: Display: Took  0.364s to configure plugins.
LogInit: Using libcurl 7.55.1-DEV
LogInit:  - built for x86_64-pc-win32
LogInit:  - supports SSL with OpenSSL/1.0.2h
LogInit:  - supports HTTP deflate (compression) using libz 1.2.8
LogInit:  - other features:
LogInit:      CURL_VERSION_SSL
LogInit:      CURL_VERSION_LIBZ
LogInit:      CURL_VERSION_IPV6
LogInit:      CURL_VERSION_ASYNCHDNS
LogInit:      CURL_VERSION_LARGEFILE
LogInit:      CURL_VERSION_IDN
LogInit:  CurlRequestOptions (configurable via config and command line):
LogInit:  - bVerifyPeer = false  - Libcurl will NOT verify peer certificate
LogInit:  - bUseHttpProxy = false  - Libcurl will NOT use HTTP proxy
LogInit:  - bDontReuseConnections = false  - Libcurl will reuse connections
LogInit:  - CertBundlePath = nullptr  - Libcurl will use whatever was configured at build time.
LogInit:  - MaxHostConnections = 16  - Libcurl will limit the number of connections to a host
LogInit:  - LocalHostAddr = Default
LogInit:  - BufferSize = 65536
LogInit: WinSock: version 1.1 (2.2), MaxSocks=32767, MaxUdp=65467
LogInit: Build: ++UE4+Release-4.20-CL-4369336
LogInit: Engine Version: 4.20.3-4369336+++UE4+Release-4.20
LogInit: Compatible Engine Version: 4.20.0-4212847+++UE4+Release-4.20
LogInit: Net CL: 4212847
LogInit: OS: Windows 10 (), CPU: Intel(R) Core(TM) i5-4210U CPU @ 1.70GHz, GPU: Intel(R) HD Graphics Family
LogInit: Compiled (64-bit): Sep 17 2018 12:26:19
LogInit: Compiled with Visual C++: 19.13.26129.00
LogInit: Build Configuration: Development
LogInit: Branch Name: ++UE4+Release-4.20
LogInit: Command Line: 
LogInit: Base Directory: C:/Program Files/Epic Games/UE_4.20/Engine/Binaries/Win64/
LogInit: Installed Engine Build: 1
LogDevObjectVersion: Number of dev versions registered: 20
LogDevObjectVersion:   Dev-Blueprints (B0D832E4-1F89-4F0D-ACCF-7EB736FD4AA2): 10
LogDevObjectVersion:   Dev-Build (E1C64328-A22C-4D53-A36C-8E866417BD8C): 0
LogDevObjectVersion:   Dev-Core (375EC13C-06E4-48FB-B500-84F0262A717E): 2
LogDevObjectVersion:   Dev-Editor (E4B068ED-F494-42E9-A231-DA0B2E46BB41): 24
LogDevObjectVersion:   Dev-Framework (CFFC743F-43B0-4480-9391-14DF171D2073): 34
LogDevObjectVersion:   Dev-Mobile (B02B49B5-BB20-44E9-A304-32B752E40360): 2
LogDevObjectVersion:   Dev-Networking (A4E4105C-59A1-49B5-A7C5-40C4547EDFEE): 0
LogDevObjectVersion:   Dev-Online (39C831C9-5AE6-47DC-9A44-9C173E1C8E7C): 0
LogDevObjectVersion:   Dev-Physics (78F01B33-EBEA-4F98-B9B4-84EACCB95AA2): 0
LogDevObjectVersion:   Dev-Platform (6631380F-2D4D-43E0-8009-CF276956A95A): 0
LogDevObjectVersion:   Dev-Rendering (12F88B9F-8875-4AFC-A67C-D90C383ABD29): 26
LogDevObjectVersion:   Dev-Sequencer (7B5AE74C-D270-4C10-A958-57980B212A5A): 9
LogDevObjectVersion:   Dev-VR (D7296918-1DD6-4BDD-9DE2-64A83CC13884): 2
LogDevObjectVersion:   Dev-LoadTimes (C2A15278-BFE7-4AFE-6C17-90FF531DF755): 1
LogDevObjectVersion:   Private-Geometry (6EACA3D4-40EC-4CC1-B786-8BED09428FC5): 3
LogDevObjectVersion:   Dev-AnimPhys (29E575DD-E0A3-4627-9D10-D276232CDCEA): 17
LogDevObjectVersion:   Dev-ReflectionCapture (6B266CEC-1EC7-4B8F-A30B-E4D90942FC07): 1
LogDevObjectVersion:   Dev-Automation (0DF73D61-A23F-47EA-B727-89E90C41499A): 1
LogDevObjectVersion:   FortniteMain (601D1886-AC64-4F84-AA16-D3DE0DEAC7D6): 12
LogDevObjectVersion:   Dev-Enterprise (9DFFBCD6-494F-0158-E221-12823C92A888): 1
LogStreaming: Display: Took  0.000s to delete old logs.
LogInit: Presizing for max 8388607 objects, including 0 objects not considered by GC, pre-allocating 0 bytes for permanent pool.
LogInit: Object subsystem initialized
[2018.11.09-15.48.31:373][  0]LogInit: Selected Device Profile: [Windows]
[2018.11.09-15.48.31:373][  0]LogInit: Applying CVar settings loaded from the selected device profile: [Windows]
[2018.11.09-15.48.31:394][  0]LogHAL: Display: Platform has ~ 12 GB [12811657216 / 17179869184 / 12], which maps to Larger [LargestMinGB=32, LargerMinGB=12, DefaultMinGB=8, SmallerMinGB=6, SmallestMinGB=0)
[2018.11.09-15.48.31:394][  0]LogInit: Setting Device Profile CVar: [[r.Vulkan.UseRealUBs:1]]
[2018.11.09-15.48.31:395][  0]LogInit: Going up to parent DeviceProfile []
[2018.11.09-15.48.31:395][  0]LogInit: Computer: GRMPSPC
[2018.11.09-15.48.31:395][  0]LogInit: User: hanspnd
[2018.11.09-15.48.31:395][  0]LogInit: CPU Page size=4096, Cores=2
[2018.11.09-15.48.31:395][  0]LogInit: High frequency timer resolution =2.338339 MHz
[2018.11.09-15.48.31:396][  0]LogMemory: Memory total: Physical=11.9GB (12GB approx)
[2018.11.09-15.48.31:396][  0]LogMemory: Platform Memory Stats for Windows
[2018.11.09-15.48.31:396][  0]LogMemory: Process Physical Memory: 99.78 MB used, 99.78 MB peak
[2018.11.09-15.48.31:396][  0]LogMemory: Process Virtual Memory: 84.15 MB used, 84.15 MB peak
[2018.11.09-15.48.31:396][  0]LogMemory: Physical Memory: 4985.26 MB used,  7232.89 MB free, 12218.15 MB total
[2018.11.09-15.48.31:396][  0]LogMemory: Virtual Memory: 4621.17 MB used,  7232.89 MB free, 134217728.00 MB total
[2018.11.09-15.48.31:444][  0]LogInit: Using OS detected language (en-US).
[2018.11.09-15.48.31:444][  0]LogInit: Using OS detected locale (en-US).
[2018.11.09-15.48.31:445][  0]LogTextLocalizationManager: No specific localization for 'en-US' exists, so the 'en' localization will be used.
[2018.11.09-15.48.32:187][  0]LogStreaming: Display: Took  0.743s to InitEngineTextLocalization.
[2018.11.09-15.48.32:187][  0]LogInit: Setting process to per monitor DPI aware
[2018.11.09-15.48.32:275][  0]LogSlate: New Slate User Created.  User Index 0, Is Virtual User: 0
[2018.11.09-15.48.32:275][  0]LogSlate: Slate User Registered.  User Index 0, Is Virtual User: 0
[2018.11.09-15.48.32:765][  0]LogHMD: Failed to initialize OpenVR with code 110
[2018.11.09-15.48.32:765][  0]LogD3D11RHI: D3D11 adapters:
[2018.11.09-15.48.32:778][  0]LogD3D11RHI:    0. 'Intel(R) HD Graphics Family' (Feature Level 11_0)
[2018.11.09-15.48.32:778][  0]LogD3D11RHI:       112/0/2048 MB DedicatedVideo/DedicatedSystem/SharedSystem, Outputs:1, VendorId:0x8086
[2018.11.09-15.48.32:784][  0]LogD3D11RHI:    1. 'Microsoft Basic Render Driver' (Feature Level 11_0)
[2018.11.09-15.48.32:784][  0]LogD3D11RHI:       0/0/6109 MB DedicatedVideo/DedicatedSystem/SharedSystem, Outputs:0, VendorId:0x1414
[2018.11.09-15.48.32:784][  0]LogD3D11RHI: Chosen D3D11 Adapter: 0
[2018.11.09-15.48.32:797][  0]LogD3D11RHI: Creating new Direct3DDevice
[2018.11.09-15.48.32:797][  0]LogD3D11RHI:     GPU DeviceId: 0xa16 (for the marketing name, search the web for "GPU Device Id")
[2018.11.09-15.48.32:797][  0]LogWindows: EnumDisplayDevices:
[2018.11.09-15.48.32:798][  0]LogWindows:    0. 'Intel(R) HD Graphics Family' (P:1 D:1)
[2018.11.09-15.48.32:798][  0]LogWindows:    1. 'Intel(R) HD Graphics Family' (P:0 D:0)
[2018.11.09-15.48.32:799][  0]LogWindows:    2. 'Intel(R) HD Graphics Family' (P:0 D:0)
[2018.11.09-15.48.32:800][  0]LogWindows: DebugString: FoundDriverCount:3 
[2018.11.09-15.48.32:800][  0]LogD3D11RHI:     Adapter Name: Intel(R) HD Graphics Family
[2018.11.09-15.48.32:800][  0]LogD3D11RHI:   Driver Version: 10.18.15.4279 (internal:10.18.15.4279, unified:10.18.15.4279)
[2018.11.09-15.48.32:800][  0]LogD3D11RHI:      Driver Date: 8-24-2015
[2018.11.09-15.48.32:800][  0]LogRHI: Texture pool is 795 MB (70% of 1136 MB)
[2018.11.09-15.48.32:810][  0]LogD3D11RHI: Async texture creation enabled
[2018.11.09-15.48.32:821][  0]LogD3D11RHI: GPU Timing Frequency: 12.500000 (Debug: 2 0)
[2018.11.09-15.48.32:822][  0]LogShaderCompilers: Guid format shader working directory is -17 characters bigger than the processId version (../../../../../../Users/hanspnd/Desktop/CodeCamp2018/CodeCamp2018/Intermediate/Shaders/WorkingDirectory/7284/).
[2018.11.09-15.48.32:823][  0]LogShaderCompilers: Cleaned the shader compiler working directory 'C:/Users/hanspnd/AppData/Local/Temp/UnrealShaderWorkingDir/63209B0A4F20BD7AAB5506AEE606D627/'.
[2018.11.09-15.48.33:525][  0]LogTemp: Display: Loaded TP AllDesktopTargetPlatform
[2018.11.09-15.48.33:547][  0]LogTemp: Display: Loaded TP MacClientTargetPlatform
[2018.11.09-15.48.33:567][  0]LogTemp: Display: Loaded TP MacNoEditorTargetPlatform
[2018.11.09-15.48.33:589][  0]LogTemp: Display: Loaded TP MacServerTargetPlatform
[2018.11.09-15.48.33:609][  0]LogTemp: Display: Loaded TP MacTargetPlatform
[2018.11.09-15.48.33:631][  0]LogTemp: Display: Loaded TP WindowsClientTargetPlatform
[2018.11.09-15.48.33:651][  0]LogTemp: Display: Loaded TP WindowsNoEditorTargetPlatform
[2018.11.09-15.48.33:672][  0]LogTemp: Display: Loaded TP WindowsServerTargetPlatform
[2018.11.09-15.48.33:682][  0]LogTemp: Display: Loaded TP WindowsTargetPlatform
[2018.11.09-15.48.33:806][  0]LogTemp: Display: Loaded TP AndroidTargetPlatform
[2018.11.09-15.48.33:807][  0]LogTemp: Display: Loaded TP AndroidTargetPlatform
[2018.11.09-15.48.33:807][  0]LogTemp: Display: Loaded TP AndroidTargetPlatform
[2018.11.09-15.48.33:807][  0]LogTemp: Display: Loaded TP AndroidTargetPlatform
[2018.11.09-15.48.33:807][  0]LogTemp: Display: Loaded TP AndroidTargetPlatform
[2018.11.09-15.48.33:807][  0]LogTemp: Display: Loaded TP AndroidTargetPlatform
[2018.11.09-15.48.33:807][  0]LogTemp: Display: Loaded TP AndroidTargetPlatform
[2018.11.09-15.48.33:807][  0]LogTemp: Display: Loaded TP AndroidTargetPlatform
[2018.11.09-15.48.33:807][  0]LogTemp: Display: Loaded TP AndroidTargetPlatform
[2018.11.09-15.48.33:807][  0]LogTemp: Display: Loaded TP AndroidTargetPlatform
[2018.11.09-15.48.33:807][  0]LogTemp: Display: Loaded TP AndroidTargetPlatform
[2018.11.09-15.48.33:807][  0]LogTemp: Display: Loaded TP AndroidTargetPlatform
[2018.11.09-15.48.33:807][  0]LogTemp: Display: Loaded TP AndroidTargetPlatform
[2018.11.09-15.48.33:807][  0]LogTemp: Display: Loaded TP AndroidTargetPlatform
[2018.11.09-15.48.33:807][  0]LogTemp: Display: Loaded TP AndroidTargetPlatform
[2018.11.09-15.48.33:807][  0]LogTemp: Display: Loaded TP AndroidTargetPlatform
[2018.11.09-15.48.33:807][  0]LogTemp: Display: Loaded TP AndroidTargetPlatform
[2018.11.09-15.48.33:807][  0]LogTemp: Display: Loaded TP AndroidTargetPlatform
[2018.11.09-15.48.33:810][  0]LogTemp: Display: Loaded TP HTML5TargetPlatform
[2018.11.09-15.48.33:886][  0]LogTemp: Display: Loaded TP IOSTargetPlatform
[2018.11.09-15.48.33:886][  0]LogTemp: Display: Loaded TP IOSTargetPlatform
[2018.11.09-15.48.33:923][  0]LogTemp: Display: Loaded TP TVOSTargetPlatform
[2018.11.09-15.48.33:923][  0]LogTemp: Display: Loaded TP TVOSTargetPlatform
[2018.11.09-15.48.33:941][  0]LogTemp: Display: Loaded TP LinuxClientTargetPlatform
[2018.11.09-15.48.33:960][  0]LogTemp: Display: Loaded TP LinuxNoEditorTargetPlatform
[2018.11.09-15.48.33:978][  0]LogTemp: Display: Loaded TP LinuxServerTargetPlatform
[2018.11.09-15.48.33:997][  0]LogTemp: Display: Loaded TP LinuxTargetPlatform
[2018.11.09-15.48.34:011][  0]LogTemp: Display: Loaded TP LuminTargetPlatform
[2018.11.09-15.48.34:011][  0]LogTargetPlatformManager: Display: Building Assets For Windows
[2018.11.09-15.48.34:147][  0]LogXGEController: Cleaning working directory: C:/Users/hanspnd/AppData/Local/Temp/UnrealXGEWorkingDir/
[2018.11.09-15.48.34:147][  0]LogXGEController: Cannot use XGE Controller as Incredibuild is not installed on this machine.
[2018.11.09-15.48.34:147][  0]LogShaderCompilers: Cannot use XGE Shader Compiler as Incredibuild is not installed on this machine.
[2018.11.09-15.48.34:147][  0]LogShaderCompilers: Display: Using Local Shader Compiler.
[2018.11.09-15.48.35:452][  0]LogDerivedDataCache: Display: Max Cache Size: 512 MB
[2018.11.09-15.48.35:595][  0]LogDerivedDataCache: Loaded boot cache 0.14s 71MB C:/Users/hanspnd/AppData/Local/UnrealEngine/4.20/DerivedDataCache/Boot.ddc.
[2018.11.09-15.48.35:595][  0]LogDerivedDataCache: Display: Loaded Boot cache: C:/Users/hanspnd/AppData/Local/UnrealEngine/4.20/DerivedDataCache/Boot.ddc
[2018.11.09-15.48.35:595][  0]LogDerivedDataCache: FDerivedDataBackendGraph:  Pak pak cache file ../../../../../../Users/hanspnd/Desktop/CodeCamp2018/CodeCamp2018/DerivedDataCache/DDC.ddp not found, will not use a pak cache.
[2018.11.09-15.48.35:595][  0]LogDerivedDataCache: Unable to find inner node Pak for hierarchical cache Hierarchy.
[2018.11.09-15.48.35:595][  0]LogDerivedDataCache: FDerivedDataBackendGraph:  CompressedPak pak cache file ../../../../../../Users/hanspnd/Desktop/CodeCamp2018/CodeCamp2018/DerivedDataCache/Compressed.ddp not found, will not use a pak cache.
[2018.11.09-15.48.35:595][  0]LogDerivedDataCache: Unable to find inner node CompressedPak for hierarchical cache Hierarchy.
[2018.11.09-15.48.35:612][  0]LogDerivedDataCache: Display: Pak cache opened for reading ../../../Engine/DerivedDataCache/Compressed.ddp.
[2018.11.09-15.48.35:626][  0]LogDerivedDataCache: Using Local data cache path C:/Users/hanspnd/AppData/Local/UnrealEngine/Common/DerivedDataCache: Writable
[2018.11.09-15.48.35:626][  0]LogDerivedDataCache: Shared data cache path not found in *engine.ini, will not use an Shared cache.
[2018.11.09-15.48.35:626][  0]LogDerivedDataCache: Unable to find inner node Shared for hierarchical cache Hierarchy.
[2018.11.09-15.48.35:651][  0]LogMaterial: Verifying Global Shaders for PCD3D_SM5
[2018.11.09-15.48.35:653][  0]LogSlate: Using FreeType 2.6.0
[2018.11.09-15.48.35:654][  0]LogSlate: SlateFontServices - WITH_FREETYPE: 1, WITH_HARFBUZZ: 1
[2018.11.09-15.48.35:765][  0]LogAssetRegistry: FAssetRegistry took 0.0279 seconds to start up
[2018.11.09-15.48.36:380][  0]LogInit: Selected Device Profile: [Windows]
[2018.11.09-15.48.36:618][  0]LogSimplygon: Simplygon DLL not present - disabling.
[2018.11.09-15.48.36:629][  0]LogMeshReduction: Using SimplygonSwarm for distributed automatic mesh merging
[2018.11.09-15.48.36:629][  0]LogMeshReduction: Using ProxyLODMeshReduction for automatic mesh merging
[2018.11.09-15.48.36:629][  0]LogMeshReduction: Using QuadricMeshReduction for automatic static mesh reduction
[2018.11.09-15.48.36:629][  0]LogMeshReduction: No automatic skeletal mesh reduction module available
[2018.11.09-15.48.36:657][  0]LogNetVersion: CodeCamp2018 1.0.0, NetCL: 4212847, EngineNetVer: 5, GameNetVer: 0 (Checksum: 2502960016)
[2018.11.09-15.48.37:692][  0]LogPackageLocalizationCache: Processed 11 localized package path(s) for 2 prioritized culture(s) in 0.299841 seconds
[2018.11.09-15.48.37:701][  0]LogUObjectArray: 38425 objects as part of root set at end of initial load.
[2018.11.09-15.48.37:701][  0]LogUObjectAllocator: 6690864 out of 0 bytes used by permanent object pool.
[2018.11.09-15.48.37:701][  0]LogUObjectArray: CloseDisregardForGC: 0/0 objects in disregard for GC pool
[2018.11.09-15.48.39:361][  0]LogTcpMessaging: Initializing TcpMessaging bridge
[2018.11.09-15.48.39:376][  0]LogUdpMessaging: Initializing bridge on interface 0.0.0.0:0 to multicast group 230.0.0.1:6666.
[2018.11.09-15.48.39:601][  0]SourceControl: Source control is disabled
[2018.11.09-15.48.39:601][  0]SourceControl: Source control is disabled
[2018.11.09-15.48.39:605][  0]SourceControl: Source control is disabled
[2018.11.09-15.48.39:607][  0]SourceControl: Source control is disabled
[2018.11.09-15.48.39:871][  0]LogAndroidPermission: UAndroidPermissionCallbackProxy::GetInstance
[2018.11.09-15.48.40:005][  0]LogOcInput: OculusInput pre-init called
[2018.11.09-15.48.40:103][  0]LogEngine: Initializing Engine...
[2018.11.09-15.48.40:105][  0]LogHMD: Failed to initialize OpenVR with code 110
[2018.11.09-15.48.40:108][  0]LogStats: UGameplayTagsManager::ConstructGameplayTagTree: ImportINI prefixes -  0.000 s
[2018.11.09-15.48.40:108][  0]LogStats: UGameplayTagsManager::ConstructGameplayTagTree: Construct from data asset -  0.000 s
[2018.11.09-15.48.40:109][  0]LogStats: UGameplayTagsManager::ConstructGameplayTagTree: ImportINI -  0.000 s
[2018.11.09-15.48.40:109][  0]LogStats: UGameplayTagsManager::ConstructGameplayTagTree: GameplayTagTreeChangedEvent.Broadcast -  0.000 s
[2018.11.09-15.48.40:525][  0]LogInit: Initializing FReadOnlyCVARCache
[2018.11.09-15.48.40:553][  0]LogAIModule: Creating AISystem for world Untitled
[2018.11.09-15.48.40:573][  0]LogInit: XAudio2 using 'Speakers (2- Logitech G430 Gaming Headset)' : 2 channels at 48 kHz using 16 bits per sample (channel mask 0x3)
[2018.11.09-15.48.40:618][  0]LogInit: FAudioDevice initialized.
[2018.11.09-15.48.40:618][  0]LogNetVersion: Set ProjectVersion to 1.0.0.0. Version Checksum will be recalculated on next use.
[2018.11.09-15.48.40:974][  0]LogDerivedDataCache: Saved boot cache 0.36s 71MB C:/Users/hanspnd/AppData/Local/UnrealEngine/4.20/DerivedDataCache/Boot.ddc.
[2018.11.09-15.48.41:012][  0]LogInit: Texture streaming: Enabled
[2018.11.09-15.48.41:051][  0]LogEngineSessionManager: EngineSessionManager initialized
[2018.11.09-15.48.41:085][  0]LogInit: Transaction tracking system initialized
[2018.11.09-15.48.41:134][  0]BlueprintLog: New page: Editor Load
[2018.11.09-15.48.41:291][  0]LocalizationService: Localization service is disabled
[2018.11.09-15.48.41:804][  0]LogCook: Display: Max memory allowance for cook 16384mb min free memory 0mb
[2018.11.09-15.48.41:804][  0]LogCook: Display: Mobile HDR setting 1
[2018.11.09-15.48.41:805][  0]LogGameplayTags: Display: UGameplayTagsManager::DoneAddingNativeTags. DelegateIsBound: 0
[2018.11.09-15.48.41:805][  0]LogStats: UGameplayTagsManager::ConstructGameplayTagTree: ImportINI prefixes -  0.000 s
[2018.11.09-15.48.41:805][  0]LogStats: UGameplayTagsManager::ConstructGameplayTagTree: Construct from data asset -  0.000 s
[2018.11.09-15.48.41:805][  0]LogStats: UGameplayTagsManager::ConstructGameplayTagTree: ImportINI -  0.000 s
[2018.11.09-15.48.41:805][  0]LogStats: UGameplayTagsManager::ConstructGameplayTagTree: GameplayTagTreeChangedEvent.Broadcast -  0.000 s
[2018.11.09-15.48.42:102][  0]LogFileCache: Scanning file cache for directory 'C:/Users/hanspnd/Desktop/CodeCamp2018/CodeCamp2018/Content/' took 0.03s
[2018.11.09-15.48.42:103][  0]SourceControl: Source control is disabled
[2018.11.09-15.48.42:103][  0]Cmd: MAP LOAD FILE="../../../../../../Users/hanspnd/Desktop/CodeCamp2018/CodeCamp2018/Content/ThirdPersonBP/Maps/ThirdPersonExampleMap.umap" TEMPLATE=0 SHOWPROGRESS=1 FEATURELEVEL=3
[2018.11.09-15.48.42:111][  0]LightingResults: New page: Lighting Build
[2018.11.09-15.48.42:117][  0]MapCheck: New page: Map Check
[2018.11.09-15.48.42:117][  0]LightingResults: New page: Lighting Build
[2018.11.09-15.48.43:137][  0]LogAIModule: Creating AISystem for world ThirdPersonExampleMap
[2018.11.09-15.48.43:159][  0]LogEditorServer: Finished looking for orphan Actors (0.000 secs)
[2018.11.09-15.48.43:216][  0]Cmd: MAP CHECKDEP NOCLEARLOG
[2018.11.09-15.48.43:455][  0]MapCheck: Map check complete: 0 Error(s), 0 Warning(s), took 238.124ms to complete.
[2018.11.09-15.48.43:455][  0]LogFileHelpers: Loading map 'ThirdPersonExampleMap' took 1.352
[2018.11.09-15.48.43:612][  0]LogSlate: Updating window title bar state: overlay mode, drag disabled, window buttons hidden, title bar hidden
[2018.11.09-15.48.43:623][  0]LogSlate: Updating window title bar state: overlay mode, drag disabled, window buttons hidden, title bar hidden
[2018.11.09-15.48.43:636][  0]LogSlate: Updating window title bar state: overlay mode, drag disabled, window buttons hidden, title bar hidden
[2018.11.09-15.48.43:648][  0]LogSlate: Updating window title bar state: overlay mode, drag disabled, window buttons hidden, title bar hidden
[2018.11.09-15.48.43:661][  0]LogCollectionManager: Loaded 0 collections in 0.003809 seconds
[2018.11.09-15.48.43:716][  0]LogFileCache: Scanning file cache for directory 'C:/Users/hanspnd/Desktop/CodeCamp2018/CodeCamp2018/Saved/Collections/' took 0.01s
[2018.11.09-15.48.43:716][  0]LogFileCache: Scanning file cache for directory 'C:/Users/hanspnd/Desktop/CodeCamp2018/CodeCamp2018/Content/Developers/hanspnd/Collections/' took 0.01s
[2018.11.09-15.48.43:716][  0]LogFileCache: Scanning file cache for directory 'C:/Users/hanspnd/Desktop/CodeCamp2018/CodeCamp2018/Content/Collections/' took 0.01s
[2018.11.09-15.48.43:716][  0]LogCollectionManager: Rebuilt the GUID cache for 0 collections in 0.000000 seconds
[2018.11.09-15.48.43:733][  0]LogContentBrowser: Native class hierarchy populated in 0.0165 seconds. Added 2572 classes and 603 folders.
[2018.11.09-15.48.43:746][  0]LogContentBrowser: Native class hierarchy updated for 'WidgetCarousel' in 0.0004 seconds. Added 0 classes and 0 folders.
[2018.11.09-15.48.43:873][  0]LogContentBrowser: Native class hierarchy updated for 'AddContentDialog' in 0.0004 seconds. Added 0 classes and 0 folders.
[2018.11.09-15.48.43:883][  0]LogContentBrowser: Native class hierarchy updated for 'SceneOutliner' in 0.0004 seconds. Added 1 classes and 2 folders.
[2018.11.09-15.48.43:915][  0]LogSlate: Took 0.000438 seconds to synchronously load lazily loaded font '../../../Engine/Content/Slate/Fonts/Roboto-Regular.ttf' (155K)
[2018.11.09-15.48.43:919][  0]LogSlate: Took 0.000472 seconds to synchronously load lazily loaded font '../../../Engine/Content/Slate/Fonts/Roboto-Bold.ttf' (160K)
[2018.11.09-15.48.43:934][  0]LogSlate: Took 0.000605 seconds to synchronously load lazily loaded font '../../../Engine/Content/Editor/Slate/Fonts/FontAwesome.ttf' (139K)
[2018.11.09-15.48.44:087][  0]LogRenderer: Reallocating scene render targets to support 792x372 Format 10 NumSamples 1 (Frame:1).
[2018.11.09-15.48.44:791][  0]LogContentBrowser: Native class hierarchy updated for 'HierarchicalLODOutliner' in 0.0006 seconds. Added 0 classes and 0 folders.
[2018.11.09-15.48.44:791][  0]LogLoad: (Engine Initialization) Total time: 16.56 seconds
[2018.11.09-15.48.44:791][  0]LogLoad: (Engine Initialization) Total Blueprint compile time: 0.00 seconds
[2018.11.09-15.48.44:810][  0]LogWindowsTextInputMethodSystem: Display: IME system now deactivated.
[2018.11.09-15.48.44:837][  0]LogContentStreaming: Texture pool size now 1000 MB
[2018.11.09-15.48.44:861][  0]LogSlate: Took 0.000462 seconds to synchronously load lazily loaded font '../../../Engine/Content/Slate/Fonts/Roboto-Light.ttf' (167K)
[2018.11.09-15.48.53:696][256]LogSlate: FSceneViewport::OnFocusLost() reason 0
[2018.11.09-15.48.53:792][260]LogTemp: Repeating last play command: Selected Viewport
[2018.11.09-15.48.53:815][260]LogBlueprintUserMessages: Early PlayInEditor Detection: Level '/Game/ThirdPersonBP/Maps/ThirdPersonExampleMap.ThirdPersonExampleMap:PersistentLevel' has LevelScriptBlueprint '/Game/ThirdPersonBP/Maps/ThirdPersonExampleMap.ThirdPersonExampleMap:PersistentLevel.ThirdPersonExampleMap' with GeneratedClass '/Game/ThirdPersonBP/Maps/ThirdPersonExampleMap.ThirdPersonExampleMap_C' with ClassGeneratedBy '/Game/ThirdPersonBP/Maps/ThirdPersonExampleMap.ThirdPersonExampleMap:PersistentLevel.ThirdPersonExampleMap'
[2018.11.09-15.48.53:815][260]LogPlayLevel: PlayLevel: No blueprints needed recompiling
[2018.11.09-15.48.53:829][260]PIE: New page: PIE session: ThirdPersonExampleMap (Nov 9, 2018, 1:48:53 AM)
[2018.11.09-15.48.53:829][260]LogPlayLevel: Creating play world package: /Game/ThirdPersonBP/Maps/UEDPIE_0_ThirdPersonExampleMap
[2018.11.09-15.48.53:882][260]LogPlayLevel: PIE: StaticDuplicateObject took: (0.052778s)
[2018.11.09-15.48.53:888][260]LogAIModule: Creating AISystem for world ThirdPersonExampleMap
[2018.11.09-15.48.53:889][260]LogPlayLevel: PIE: World Init took: (0.006933s)
[2018.11.09-15.48.53:889][260]LogPlayLevel: PIE: Created PIE world by copying editor world from /Game/ThirdPersonBP/Maps/ThirdPersonExampleMap.ThirdPersonExampleMap to /Game/ThirdPersonBP/Maps/UEDPIE_0_ThirdPersonExampleMap.ThirdPersonExampleMap (0.060087s)
[2018.11.09-15.48.53:928][260]LogInit: XAudio2 using 'Speakers (2- Logitech G430 Gaming Headset)' : 2 channels at 48 kHz using 16 bits per sample (channel mask 0x3)
[2018.11.09-15.48.53:943][260]LogInit: FAudioDevice initialized.
[2018.11.09-15.48.53:996][260]LogLoad: Game class is 'ThirdPersonGameMode_C'
[2018.11.09-15.48.54:000][260]LogWorld: Bringing World /Game/ThirdPersonBP/Maps/UEDPIE_0_ThirdPersonExampleMap.ThirdPersonExampleMap up for play (max tick rate 60) at 2018.11.09-08.48.54
[2018.11.09-15.48.54:001][260]LogWorld: Bringing up level for play took: 0.003212
[2018.11.09-15.48.54:025][260]LogContentBrowser: Native class hierarchy updated for 'MovieSceneCapture' in 0.0005 seconds. Added 10 classes and 0 folders.
[2018.11.09-15.48.54:026][260]PIE: Play in editor start time for /Game/ThirdPersonBP/Maps/UEDPIE_0_ThirdPersonExampleMap 1.142
[2018.11.09-15.48.54:026][260]LogBlueprintUserMessages: Late PlayInEditor Detection: Level '/Game/ThirdPersonBP/Maps/ThirdPersonExampleMap.ThirdPersonExampleMap:PersistentLevel' has LevelScriptBlueprint '/Game/ThirdPersonBP/Maps/ThirdPersonExampleMap.ThirdPersonExampleMap:PersistentLevel.ThirdPersonExampleMap' with GeneratedClass '/Game/ThirdPersonBP/Maps/ThirdPersonExampleMap.ThirdPersonExampleMap_C' with ClassGeneratedBy '/Game/ThirdPersonBP/Maps/ThirdPersonExampleMap.ThirdPersonExampleMap:PersistentLevel.ThirdPersonExampleMap'
[2018.11.09-15.49.03:673][598]LogAssetRegistry: Asset discovery search completed in 27.9305 seconds
[2018.11.09-15.49.03:682][598]LogCollectionManager: Rebuilt the object cache for 0 collections in 0.000000 seconds (found 0 objects)
[2018.11.09-15.49.03:682][598]LogCollectionManager: Fixed up redirectors for 0 collections in 0.000154 seconds (updated 0 objects)
[2018.11.09-15.50.28:954][695]LogBlueprintUserMessages: Early EndPlayMap Detection: Level '/Game/ThirdPersonBP/Maps/ThirdPersonExampleMap.ThirdPersonExampleMap:PersistentLevel' has LevelScriptBlueprint '/Game/ThirdPersonBP/Maps/ThirdPersonExampleMap.ThirdPersonExampleMap:PersistentLevel.ThirdPersonExampleMap' with GeneratedClass '/Game/ThirdPersonBP/Maps/ThirdPersonExampleMap.ThirdPersonExampleMap_C' with ClassGeneratedBy '/Game/ThirdPersonBP/Maps/ThirdPersonExampleMap.ThirdPersonExampleMap:PersistentLevel.ThirdPersonExampleMap'
[2018.11.09-15.50.28:954][695]LogSlate: Updating window title bar state: overlay mode, drag disabled, window buttons hidden, title bar hidden
[2018.11.09-15.50.29:021][695]LogPlayLevel: Display: Shutting down PIE online subsystems
[2018.11.09-15.50.29:022][695]LogBlueprintUserMessages: Late EndPlayMap Detection: Level '/Game/ThirdPersonBP/Maps/ThirdPersonExampleMap.ThirdPersonExampleMap:PersistentLevel' has LevelScriptBlueprint '/Game/ThirdPersonBP/Maps/ThirdPersonExampleMap.ThirdPersonExampleMap:PersistentLevel.ThirdPersonExampleMap' with GeneratedClass '/Game/ThirdPersonBP/Maps/ThirdPersonExampleMap.ThirdPersonExampleMap_C' with ClassGeneratedBy '/Game/ThirdPersonBP/Maps/ThirdPersonExampleMap.ThirdPersonExampleMap:PersistentLevel.ThirdPersonExampleMap'
[2018.11.09-15.50.29:063][695]LogSlate: Updating window title bar state: overlay mode, drag disabled, window buttons hidden, title bar hidden
[2018.11.09-15.50.29:114][696]LogPlayLevel: Display: Destroying online subsystem :Context_1
[2018.11.09-15.50.33:689][858]LogSlate: FSceneViewport::OnFocusLost() reason 0
[2018.11.09-15.50.34:072][862]LogActorFactory: Actor Factory created Cube
[2018.11.09-15.50.35:470][908]LogActorFactory: Actor Factory created Cube
[2018.11.09-15.50.41:273][ 84]LogSlate: FSceneViewport::OnFocusLost() reason 0
[2018.11.09-15.50.41:398][ 87]LogSlate: Took 0.000727 seconds to synchronously load lazily loaded font '../../../Engine/Content/Slate/Fonts/Roboto-Light.ttf' (167K)
[2018.11.09-15.50.41:665][ 87]LogSavePackage: Moving '../../../../../../Users/hanspnd/Desktop/CodeCamp2018/CodeCamp2018/Saved/ThirdPersonExampleMap9BC77255475BD195696E1A88EAD7CB26.tmp' to '../../../../../../Users/hanspnd/Desktop/CodeCamp2018/CodeCamp2018/Content/ThirdPersonBP/Maps/ThirdPersonExampleMap.umap'
[2018.11.09-15.50.42:246][ 87]LogSavePackage: Moving '../../../../../../Users/hanspnd/Desktop/CodeCamp2018/CodeCamp2018/Saved/ThirdPersonExampleMap_BuiltData8AEF5E804C39656024E5F59F6FAFD95D.tmp' to '../../../../../../Users/hanspnd/Desktop/CodeCamp2018/CodeCamp2018/Content/ThirdPersonBP/Maps/ThirdPersonExampleMap_BuiltData.uasset'
[2018.11.09-15.50.45:563][116]MapCheck: New page: Map Check
[2018.11.09-15.50.45:696][116]Cmd: MAP REBUILD ALLVISIBLE
[2018.11.09-15.50.45:720][116]LogEditorServer: Rebuildmap Clear paths rebuilt
[2018.11.09-15.50.45:892][116]LogMaterial: Display: Missing cached shader map for material FDebugViewModeMaterialProxy MaterialInstanceDynamic_0, compiling. 
[2018.11.09-15.50.46:057][116]LogShaderCompilers: Display: Shaders left to compile 1
[2018.11.09-15.50.46:057][116]LogMaterial: Display: Missing cached shader map for material FDebugViewModeMaterialProxy HelpActorMaterial, compiling. 
[2018.11.09-15.50.46:065][116]LogMaterial: Display: Missing cached shader map for material FDebugViewModeMaterialProxy RampMaterial, compiling. 
[2018.11.09-15.50.46:073][116]LogMaterial: Display: Missing cached shader map for material FDebugViewModeMaterialProxy CubeMaterial, compiling. 
[2018.11.09-15.50.46:081][116]LogMaterial: Display: Missing cached shader map for material FDebugViewModeMaterialProxy DefaultTextMaterialOpaque, compiling. 
[2018.11.09-15.50.46:089][116]LogMaterial: Display: Missing cached shader map for material FDebugViewModeMaterialProxy BasicShapeMaterial, compiling. 
[2018.11.09-15.50.46:097][116]LogMaterial: Display: Missing cached shader map for material FDebugViewModeMaterialProxy M_UE4Man_Body, compiling. 
[2018.11.09-15.50.46:110][116]LogMaterial: Display: Missing cached shader map for material FDebugViewModeMaterialProxy M_UE4Man_ChestLogo, compiling. 
[2018.11.09-15.50.46:119][116]LogMaterial: Display: Missing cached shader map for material FDebugViewModeMaterialProxy MatineeCam_mat, compiling. 
[2018.11.09-15.50.49:881][116]LogShaderCompilers: Display: Shaders left to compile 8
[2018.11.09-15.50.49:881][116]LogShaderCompilers: Display: Shaders left to compile 7
[2018.11.09-15.50.49:881][116]LogShaderCompilers: Display: Shaders left to compile 6
[2018.11.09-15.50.49:881][116]LogShaderCompilers: Display: Shaders left to compile 5
[2018.11.09-15.50.49:881][116]LogShaderCompilers: Display: Shaders left to compile 4
[2018.11.09-15.50.49:881][116]LogShaderCompilers: Display: Shaders left to compile 3
[2018.11.09-15.50.49:881][116]LogShaderCompilers: Display: Shaders left to compile 2
[2018.11.09-15.50.49:881][116]LogShaderCompilers: Display: Shaders left to compile 1
[2018.11.09-15.50.49:881][116]TextureStreamingBuild: Display: Compiling optional shaders took 4.005 seconds.
[2018.11.09-15.50.49:964][116]LogLevel: Display: Export Material TexCoord Scales took 0.082 seconds.
[2018.11.09-15.50.49:999][116]TextureStreamingBuild: Display: Build Texture Streaming took 0.034 seconds.
[2018.11.09-15.50.50:058][116]LightingResults: New page: Lighting Build - Nov 9, 2018, 1:50:50 AM
[2018.11.09-15.50.50:377][116]LogSwarmInterface: [OpenConnection] Registering TCP channel ...
[2018.11.09-15.50.50:761][116]LogSwarmInterface: [OpenConnection] Connecting to agent ...
[2018.11.09-15.50.50:825][116]LogSwarmInterface: [TryOpenConnection] Testing the Agent
[2018.11.09-15.50.53:056][116]LogSwarmInterface: Error: [TryOpenConnection] Waiting for the agent to start up ...
[2018.11.09-15.50.53:258][116]LogSwarmInterface: Error: System.Net.Sockets.SocketException (0x80004005): No connection could be made because the target machine actively refused it 127.0.0.1:8008

Server stack trace: 
   at System.Net.Sockets.Socket.DoConnect(EndPoint endPointSnapshot, SocketAddress socketAddress)
   at System.Net.Sockets.Socket.Connect(EndPoint remoteEP)
   at System.Runtime.Remoting.Channels.RemoteConnection.CreateNewSocket(EndPoint ipEndPoint)
   at System.Runtime.Remoting.Channels.SocketCache.GetSocket(String machinePortAndSid, Boolean openNew)
   at System.Runtime.Remoting.Channels.Tcp.TcpClientTransportSink.SendRequestWithRetry(IMessage msg, ITransportHeaders requestHeaders, Stream requestStream)
   at System.Runtime.Remoting.Channels.Tcp.TcpClientTransportSink.AsyncProcessRequest(IClientChannelSinkStack sinkStack, IMessage msg, ITransportHeaders headers, Stream stream)
   at System.Runtime.Remoting.Channels.BinaryClientFormatterSink.AsyncProcessMessage(IMessage msg, IMessageSink replySink)

Exception rethrown at [0]: 
   at System.Runtime.Remoting.Proxies.RealProxy.HandleReturnMessage(IMessage reqMsg, IMessage retMsg)
   at System.Runtime.Remoting.Proxies.RealProxy.PrivateInvoke(MessageData& msgData, Int32 type)
   at NSwarm.IAgentInterfaceWrapper.MethodDelegate.EndInvoke(Hashtable& OutParameters, IAsyncResult result)
   at NSwarm.FSwarmInterface.TryOpenConnection(FConnectionCallback CallbackFunc, IntPtr CallbackData, ELogFlags LoggingFlags) in D:\Build\++UE4\Sync\Saved\CsTools\Engine\Source\Editor\SwarmInterface\DotNET\SwarmInterface.cs:line 2811
[2018.11.09-15.50.58:372][116]LogSwarmInterface: [TryOpenConnection] Opening Connection to Agent
[2018.11.09-15.50.58:372][116]LogSwarmInterface: [TryOpenConnection] Local Process ID is 7284
[2018.11.09-15.51.04:669][116]LogStaticLightingSystem: Running Lightmass w/ ImmediateImport mode ENABLED
[2018.11.09-15.51.04:670][116]LogStaticLightingSystem: Running Lightmass w/ ImmediateProcess mode ENABLED
[2018.11.09-15.51.04:670][116]LogStaticLightingSystem: Running Lightmass w/ Sorting mode ENABLED
[2018.11.09-15.51.04:670][116]LogStaticLightingSystem: Running Lightmass w/ Mapping paddings ENABLED
[2018.11.09-15.51.04:670][116]LogStaticLightingSystem: Running Lightmass w/ Mapping debug paddings DISABLED
[2018.11.09-15.51.05:166][116]Cmd: MAP CHECK DONTDISPLAYDIALOG
[2018.11.09-15.51.05:166][116]MapCheck: New page: ThirdPersonExampleMap - Nov 9, 2018, 1:51:05 AM
[2018.11.09-15.51.05:167][116]MapCheck: Error: WorldInfo_0 Maps need lighting rebuilt 
[2018.11.09-15.51.05:412][116]MapCheck: Map check complete: 1 Error(s), 0 Warning(s), took 245.185ms to complete.
[2018.11.09-15.51.05:442][116]LogEditorBuildUtils: Build time 0:19
[2018.11.09-15.51.05:523][116]LogMaterial: Display: Missing cached shader map for material FLightmassMaterialRenderer MaterialInstanceDynamic_0, compiling. 
[2018.11.09-15.51.05:548][116]LogMaterial: Display: Missing cached shader map for material FLightmassMaterialRenderer MaterialInstanceDynamic_0, compiling. 
[2018.11.09-15.51.05:675][116]LogShaderCompilers: Display: Shaders left to compile 2
[2018.11.09-15.51.05:675][116]LogShaderCompilers: Display: Shaders left to compile 2
[2018.11.09-15.51.05:708][117]LogMaterial: Display: Missing cached shader map for material FLightmassMaterialRenderer RampMaterial, compiling. 
[2018.11.09-15.51.05:745][117]LogShaderCompilers: Display: Shaders left to compile 2
[2018.11.09-15.51.05:745][117]LogMaterial: Display: Missing cached shader map for material FLightmassMaterialRenderer RampMaterial, compiling. 
[2018.11.09-15.51.05:802][118]LogMaterial: Display: Missing cached shader map for material FLightmassMaterialRenderer CubeMaterial, compiling. 
[2018.11.09-15.51.05:823][118]LogMaterial: Display: Missing cached shader map for material FLightmassMaterialRenderer CubeMaterial, compiling. 
[2018.11.09-15.51.05:860][119]LogMaterial: Display: Missing cached shader map for material FLightmassMaterialRenderer BasicShapeMaterial, compiling. 
[2018.11.09-15.51.05:883][119]LogMaterial: Display: Missing cached shader map for material FLightmassMaterialRenderer BasicShapeMaterial, compiling. 
[2018.11.09-15.51.05:927][120]LogMaterial: Display: Missing cached shader map for material FLightmassMaterialRenderer WorldGridMaterial, compiling. Is special engine material.
[2018.11.09-15.51.05:954][120]LogMaterial: Display: Missing cached shader map for material FLightmassMaterialRenderer WorldGridMaterial, compiling. Is special engine material.
[2018.11.09-15.51.10:950][122]LogShaderCompilers: Display: Shaders left to compile 14
[2018.11.09-15.51.10:950][122]LogShaderCompilers: Display: Shaders left to compile 4
[2018.11.09-15.51.11:208][126]LogSlate: Window 'Message Log' being destroyed
[2018.11.09-15.51.11:221][126]LogSlate: Window 'Message Log' being destroyed
[2018.11.09-15.51.33:908][682]Job is a success!
[2018.11.09-15.51.34:116][683]LogVolumetricLightmapImport: Imported Volumetric Lightmap in 0.024s
[2018.11.09-15.51.34:116][683]LogVolumetricLightmapImport:      Indirection Texture 16x16x16 = 0.0Mb
[2018.11.09-15.51.34:116][683]LogVolumetricLightmapImport:      BrickData 225x5x5 = 0.2Mb (trimmed 0.0Mb due to 0.010000 MinBrickError)
[2018.11.09-15.51.34:116][683]LogVolumetricLightmapImport:      Bricks at Level
[2018.11.09-15.51.34:116][683]LogVolumetricLightmapImport:          0: 2.2% covering 100.0% of volume
[2018.11.09-15.51.34:116][683]LogVolumetricLightmapImport:          1: 8.9% covering 6.3% of volume
[2018.11.09-15.51.34:116][683]LogVolumetricLightmapImport:          2: 88.9% covering 1.0% of volume
[2018.11.09-15.51.35:857][683]LogTexture: Display: Building textures: SkyOcclusion1_1 (AutoDXT, 1024X512)
[2018.11.09-15.51.35:857][683]LogTexture: Display: Building textures: HQ_Lightmap1_1 (AutoDXT, 1024X1024)
[2018.11.09-15.51.35:857][683]LogTexture: Display: Building textures: LQ_Lightmap_1_1 (DXT1, 1024X1024)
[2018.11.09-15.51.35:857][683]LogTexture: Display: Building textures: SkyOcclusion1_2 (AutoDXT, 512X256)
[2018.11.09-15.51.35:857][683]LogTexture: Display: Building textures: HQ_Lightmap1_2 (AutoDXT, 512X512)
[2018.11.09-15.51.35:857][683]LogTexture: Display: Building textures: LQ_Lightmap_1_2 (DXT1, 512X512)
[2018.11.09-15.51.35:857][683]LogTexture: Display: Building textures: SkyOcclusion1_3 (AutoDXT, 64X32)
[2018.11.09-15.51.35:857][683]LogTexture: Display: Building textures: HQ_Lightmap1_3 (AutoDXT, 64X64)
[2018.11.09-15.51.35:857][683]LogTexture: Display: Building textures: LQ_Lightmap_1_3 (DXT1, 64X64)
[2018.11.09-15.51.36:057][683]LogTexture: Display: Building textures: ShadowMapTexture2D_3 (G8, 32X32)
[2018.11.09-15.51.36:406][683]LogTexture: Display: Building textures: ShadowMapTexture2D_2 (G8, 1024X1024)
[2018.11.09-15.51.36:738][683]Lightmass on GRMPSPC: 20.9 sec total, 1.04 sec importing, 60 ms setup, 2.90 sec photons, 16.8 sec processing, 0 ms extra exporting [13/13 mappings]. Threads: 1:07 min total, 35.2 sec processing.
[2018.11.09-15.51.36:829][683]LogStaticLightingSystem: Illumination: 46.6 sec (1.65 sec encoding lightmaps, 540 ms encoding shadowmaps)
[2018.11.09-15.51.36:829][683]LogStaticLightingSystem: Lightmap texture memory:  3.3 MB (3.3 MB streaming, 0.0 MB non-streaming), 6 textures
[2018.11.09-15.51.36:829][683]LogStaticLightingSystem: Shadowmap texture memory: 1.3 MB (1.3 MB streaming, 0.0 MB non-streaming), 2 textures
[2018.11.09-15.51.42:658][683]DumpUnbuiltLightIteractions
[2018.11.09-15.51.42:658][683]Lights with unbuilt interactions: 0
[2018.11.09-15.51.42:658][683]
[2018.11.09-15.51.42:658][683]Primitives with unbuilt interactions: 0
[2018.11.09-15.51.43:009][684]Cmd: MAP CHECK NOTIFYRESULTS
[2018.11.09-15.51.43:009][684]MapCheck: New page: ThirdPersonExampleMap - Nov 9, 2018, 1:51:43 AM
[2018.11.09-15.51.43:232][684]MapCheck: Map check complete: 0 Error(s), 0 Warning(s), took 222.884ms to complete.
[2018.11.09-15.52.02:755][304]LogSlate: FSceneViewport::OnFocusLost() reason 0
[2018.11.09-15.52.02:880][308]MapCheck: New page: Map Check
[2018.11.09-15.52.02:941][308]Cmd: MAP REBUILD ALLVISIBLE
[2018.11.09-15.52.02:942][308]LogEditorServer: Rebuildmap Clear paths rebuilt
[2018.11.09-15.52.03:008][308]LogMaterial: Display: Missing cached shader map for material FDebugViewModeMaterialProxy MaterialInstanceDynamic_0, compiling. 
[2018.11.09-15.52.03:016][308]LogShaderCompilers: Display: Shaders left to compile 1
[2018.11.09-15.52.03:016][308]LogMaterial: Display: Missing cached shader map for material FDebugViewModeMaterialProxy HelpActorMaterial, compiling. 
[2018.11.09-15.52.03:026][308]LogMaterial: Display: Missing cached shader map for material FDebugViewModeMaterialProxy RampMaterial, compiling. 
[2018.11.09-15.52.03:035][308]LogMaterial: Display: Missing cached shader map for material FDebugViewModeMaterialProxy CubeMaterial, compiling. 
[2018.11.09-15.52.03:043][308]LogMaterial: Display: Missing cached shader map for material FDebugViewModeMaterialProxy DefaultTextMaterialOpaque, compiling. 
[2018.11.09-15.52.03:052][308]LogMaterial: Display: Missing cached shader map for material FDebugViewModeMaterialProxy BasicShapeMaterial, compiling. 
[2018.11.09-15.52.03:068][308]LogShaderCompilers: Display: Shaders left to compile 4
[2018.11.09-15.52.03:068][308]LogShaderCompilers: Display: Shaders left to compile 3
[2018.11.09-15.52.03:068][308]LogMaterial: Display: Missing cached shader map for material FDebugViewModeMaterialProxy M_UE4Man_Body, compiling. 
[2018.11.09-15.52.03:093][308]LogMaterial: Display: Missing cached shader map for material FDebugViewModeMaterialProxy M_UE4Man_ChestLogo, compiling. 
[2018.11.09-15.52.03:107][308]LogMaterial: Display: Missing cached shader map for material FDebugViewModeMaterialProxy MatineeCam_mat, compiling. 
[2018.11.09-15.52.05:240][308]LogShaderCompilers: Display: Shaders left to compile 6
[2018.11.09-15.52.05:240][308]LogShaderCompilers: Display: Shaders left to compile 5
[2018.11.09-15.52.05:240][308]LogShaderCompilers: Display: Shaders left to compile 4
[2018.11.09-15.52.05:240][308]LogShaderCompilers: Display: Shaders left to compile 3
[2018.11.09-15.52.05:240][308]LogShaderCompilers: Display: Shaders left to compile 2
[2018.11.09-15.52.05:240][308]LogShaderCompilers: Display: Shaders left to compile 1
[2018.11.09-15.52.05:240][308]TextureStreamingBuild: Display: Compiling optional shaders took 2.235 seconds.
[2018.11.09-15.52.05:282][308]LogLevel: Display: Export Material TexCoord Scales took 0.042 seconds.
[2018.11.09-15.52.05:299][308]TextureStreamingBuild: Display: Build Texture Streaming took 0.016 seconds.
[2018.11.09-15.52.05:326][308]LightingResults: New page: Lighting Build - Nov 9, 2018, 1:52:05 AM
[2018.11.09-15.52.05:342][308]LogSwarmInterface: [OpenConnection] Registering TCP channel ...
[2018.11.09-15.52.05:345][308]LogSwarmInterface: [OpenConnection] Connecting to agent ...
[2018.11.09-15.52.05:346][308]LogSwarmInterface: [TryOpenConnection] Testing the Agent
[2018.11.09-15.52.05:347][308]LogSwarmInterface: [TryOpenConnection] Opening Connection to Agent
[2018.11.09-15.52.05:347][308]LogSwarmInterface: [TryOpenConnection] Local Process ID is 7284
[2018.11.09-15.52.09:931][308]LogStaticLightingSystem: Running Lightmass w/ ImmediateImport mode ENABLED
[2018.11.09-15.52.09:931][308]LogStaticLightingSystem: Running Lightmass w/ ImmediateProcess mode ENABLED
[2018.11.09-15.52.09:931][308]LogStaticLightingSystem: Running Lightmass w/ Sorting mode ENABLED
[2018.11.09-15.52.09:931][308]LogStaticLightingSystem: Running Lightmass w/ Mapping paddings ENABLED
[2018.11.09-15.52.09:932][308]LogStaticLightingSystem: Running Lightmass w/ Mapping debug paddings DISABLED
[2018.11.09-15.52.10:108][308]Cmd: MAP CHECK DONTDISPLAYDIALOG
[2018.11.09-15.52.10:109][308]MapCheck: New page: ThirdPersonExampleMap - Nov 9, 2018, 1:52:10 AM
[2018.11.09-15.52.10:109][308]MapCheck: Error: WorldInfo_0 Maps need lighting rebuilt 
[2018.11.09-15.52.10:305][308]MapCheck: Map check complete: 1 Error(s), 0 Warning(s), took 196.757ms to complete.
[2018.11.09-15.52.10:329][308]LogEditorBuildUtils: Build time 0:07
[2018.11.09-15.52.13:733][372]LogSlate: Window 'Message Log' being destroyed
[2018.11.09-15.52.13:781][372]LogSlate: Window 'Message Log' being destroyed
[2018.11.09-15.52.27:577][641]Job is a success!
[2018.11.09-15.52.27:761][642]LogVolumetricLightmapImport: Imported Volumetric Lightmap in 0.021s
[2018.11.09-15.52.27:761][642]LogVolumetricLightmapImport:      Indirection Texture 16x16x16 = 0.0Mb
[2018.11.09-15.52.27:761][642]LogVolumetricLightmapImport:      BrickData 230x5x5 = 0.2Mb (trimmed 0.0Mb due to 0.010000 MinBrickError)
[2018.11.09-15.52.27:761][642]LogVolumetricLightmapImport:      Bricks at Level
[2018.11.09-15.52.27:762][642]LogVolumetricLightmapImport:          0: 2.2% covering 100.0% of volume
[2018.11.09-15.52.27:762][642]LogVolumetricLightmapImport:          1: 8.7% covering 6.3% of volume
[2018.11.09-15.52.27:762][642]LogVolumetricLightmapImport:          2: 89.1% covering 1.0% of volume
[2018.11.09-15.52.29:414][642]LogTexture: Display: Building textures: SkyOcclusion0_1 (AutoDXT, 1024X512)
[2018.11.09-15.52.29:414][642]LogTexture: Display: Building textures: HQ_Lightmap0_1 (AutoDXT, 1024X1024)
[2018.11.09-15.52.29:414][642]LogTexture: Display: Building textures: LQ_Lightmap_0_1 (DXT1, 1024X1024)
[2018.11.09-15.52.29:414][642]LogTexture: Display: Building textures: SkyOcclusion0_2 (AutoDXT, 512X256)
[2018.11.09-15.52.29:414][642]LogTexture: Display: Building textures: HQ_Lightmap0_2 (AutoDXT, 512X512)
[2018.11.09-15.52.29:414][642]LogTexture: Display: Building textures: LQ_Lightmap_0_2 (DXT1, 512X512)
[2018.11.09-15.52.29:414][642]LogTexture: Display: Building textures: SkyOcclusion0_3 (AutoDXT, 64X32)
[2018.11.09-15.52.29:414][642]LogTexture: Display: Building textures: HQ_Lightmap0_3 (AutoDXT, 64X64)
[2018.11.09-15.52.29:415][642]LogTexture: Display: Building textures: LQ_Lightmap_0_3 (DXT1, 64X64)
[2018.11.09-15.52.29:615][642]LogTexture: Display: Building textures: ShadowMapTexture2D_5 (G8, 32X32)
[2018.11.09-15.52.29:940][642]LogTexture: Display: Building textures: ShadowMapTexture2D_4 (G8, 1024X1024)
[2018.11.09-15.52.29:985][642]Lightmass on GRMPSPC: 17.8 sec total, 440 ms importing, 41 ms setup, 2.25 sec photons, 15.0 sec processing, 0 ms extra exporting [13/13 mappings]. Threads: 1:00 min total, 27.0 sec processing.
[2018.11.09-15.52.29:996][642]LogStaticLightingSystem: Illumination: 24.5 sec (1.58 sec encoding lightmaps, 517 ms encoding shadowmaps)
[2018.11.09-15.52.29:996][642]LogStaticLightingSystem: Lightmap texture memory:  3.3 MB (3.3 MB streaming, 0.0 MB non-streaming), 6 textures
[2018.11.09-15.52.29:996][642]LogStaticLightingSystem: Shadowmap texture memory: 1.3 MB (1.3 MB streaming, 0.0 MB non-streaming), 2 textures
[2018.11.09-15.52.30:953][642]DumpUnbuiltLightIteractions
[2018.11.09-15.52.30:953][642]Lights with unbuilt interactions: 0
[2018.11.09-15.52.30:953][642]
[2018.11.09-15.52.30:953][642]Primitives with unbuilt interactions: 0
[2018.11.09-15.52.31:244][643]Cmd: MAP CHECK NOTIFYRESULTS
[2018.11.09-15.52.31:244][643]MapCheck: New page: ThirdPersonExampleMap - Nov 9, 2018, 1:52:31 AM
[2018.11.09-15.52.31:446][643]MapCheck: Map check complete: 0 Error(s), 0 Warning(s), took 201.814ms to complete.
[2018.11.09-15.54.11:867][245]LogTemp: Repeating last play command: Selected Viewport
[2018.11.09-15.54.11:920][245]LogBlueprintUserMessages: Early PlayInEditor Detection: Level '/Game/ThirdPersonBP/Maps/ThirdPersonExampleMap.ThirdPersonExampleMap:PersistentLevel' has LevelScriptBlueprint '/Game/ThirdPersonBP/Maps/ThirdPersonExampleMap.ThirdPersonExampleMap:PersistentLevel.ThirdPersonExampleMap' with GeneratedClass '/Game/ThirdPersonBP/Maps/ThirdPersonExampleMap.ThirdPersonExampleMap_C' with ClassGeneratedBy '/Game/ThirdPersonBP/Maps/ThirdPersonExampleMap.ThirdPersonExampleMap:PersistentLevel.ThirdPersonExampleMap'
[2018.11.09-15.54.11:920][245]LogPlayLevel: PlayLevel: No blueprints needed recompiling
[2018.11.09-15.54.11:921][245]PIE: New page: PIE session: ThirdPersonExampleMap (Nov 9, 2018, 1:54:11 AM)
[2018.11.09-15.54.11:921][245]LogPlayLevel: Creating play world package: /Game/ThirdPersonBP/Maps/UEDPIE_0_ThirdPersonExampleMap
[2018.11.09-15.54.11:949][245]LogPlayLevel: PIE: StaticDuplicateObject took: (0.027636s)
[2018.11.09-15.54.11:950][245]LogAIModule: Creating AISystem for world ThirdPersonExampleMap
[2018.11.09-15.54.11:950][245]LogPlayLevel: PIE: World Init took: (0.001450s)
[2018.11.09-15.54.11:951][245]LogPlayLevel: PIE: Created PIE world by copying editor world from /Game/ThirdPersonBP/Maps/ThirdPersonExampleMap.ThirdPersonExampleMap to /Game/ThirdPersonBP/Maps/UEDPIE_0_ThirdPersonExampleMap.ThirdPersonExampleMap (0.029458s)
[2018.11.09-15.54.11:988][245]LogInit: XAudio2 using 'Speakers (2- Logitech G430 Gaming Headset)' : 2 channels at 48 kHz using 16 bits per sample (channel mask 0x3)
[2018.11.09-15.54.12:010][245]LogInit: FAudioDevice initialized.
[2018.11.09-15.54.12:042][245]LogLoad: Game class is 'ThirdPersonGameMode_C'
[2018.11.09-15.54.12:046][245]LogWorld: Bringing World /Game/ThirdPersonBP/Maps/UEDPIE_0_ThirdPersonExampleMap.ThirdPersonExampleMap up for play (max tick rate 60) at 2018.11.09-08.54.12
[2018.11.09-15.54.12:047][245]LogWorld: Bringing up level for play took: 0.003776
[2018.11.09-15.54.12:061][245]PIE: Play in editor start time for /Game/ThirdPersonBP/Maps/UEDPIE_0_ThirdPersonExampleMap -0.823
[2018.11.09-15.54.12:061][245]LogBlueprintUserMessages: Late PlayInEditor Detection: Level '/Game/ThirdPersonBP/Maps/ThirdPersonExampleMap.ThirdPersonExampleMap:PersistentLevel' has LevelScriptBlueprint '/Game/ThirdPersonBP/Maps/ThirdPersonExampleMap.ThirdPersonExampleMap:PersistentLevel.ThirdPersonExampleMap' with GeneratedClass '/Game/ThirdPersonBP/Maps/ThirdPersonExampleMap.ThirdPersonExampleMap_C' with ClassGeneratedBy '/Game/ThirdPersonBP/Maps/ThirdPersonExampleMap.ThirdPersonExampleMap:PersistentLevel.ThirdPersonExampleMap'
[2018.11.09-15.55.01:127][ 26]LogBlueprintUserMessages: Early EndPlayMap Detection: Level '/Game/ThirdPersonBP/Maps/ThirdPersonExampleMap.ThirdPersonExampleMap:PersistentLevel' has LevelScriptBlueprint '/Game/ThirdPersonBP/Maps/ThirdPersonExampleMap.ThirdPersonExampleMap:PersistentLevel.ThirdPersonExampleMap' with GeneratedClass '/Game/ThirdPersonBP/Maps/ThirdPersonExampleMap.ThirdPersonExampleMap_C' with ClassGeneratedBy '/Game/ThirdPersonBP/Maps/ThirdPersonExampleMap.ThirdPersonExampleMap:PersistentLevel.ThirdPersonExampleMap'
[2018.11.09-15.55.01:127][ 26]LogSlate: Updating window title bar state: overlay mode, drag disabled, window buttons hidden, title bar hidden
[2018.11.09-15.55.01:193][ 26]LogPlayLevel: Display: Shutting down PIE online subsystems
[2018.11.09-15.55.01:193][ 26]LogBlueprintUserMessages: Late EndPlayMap Detection: Level '/Game/ThirdPersonBP/Maps/ThirdPersonExampleMap.ThirdPersonExampleMap:PersistentLevel' has LevelScriptBlueprint '/Game/ThirdPersonBP/Maps/ThirdPersonExampleMap.ThirdPersonExampleMap:PersistentLevel.ThirdPersonExampleMap' with GeneratedClass '/Game/ThirdPersonBP/Maps/ThirdPersonExampleMap.ThirdPersonExampleMap_C' with ClassGeneratedBy '/Game/ThirdPersonBP/Maps/ThirdPersonExampleMap.ThirdPersonExampleMap:PersistentLevel.ThirdPersonExampleMap'
[2018.11.09-15.55.01:222][ 26]LogSlate: Updating window title bar state: overlay mode, drag disabled, window buttons hidden, title bar hidden
[2018.11.09-15.55.01:243][ 27]LogPlayLevel: Display: Destroying online subsystem :Context_4
[2018.11.09-15.55.11:213][258]LogSlate: FSceneViewport::OnFocusLost() reason 0
[2018.11.09-15.55.11:554][261]LogSavePackage: Moving '../../../../../../Users/hanspnd/Desktop/CodeCamp2018/CodeCamp2018/Saved/ThirdPersonExampleMap524F078244ED5758CC0948AAA828BE2A.tmp' to '../../../../../../Users/hanspnd/Desktop/CodeCamp2018/CodeCamp2018/Content/ThirdPersonBP/Maps/ThirdPersonExampleMap.umap'
[2018.11.09-15.55.12:047][261]LogSavePackage: Moving '../../../../../../Users/hanspnd/Desktop/CodeCamp2018/CodeCamp2018/Saved/ThirdPersonExampleMap_BuiltData0CEBC61F489A2D26A59568AAF5614625.tmp' to '../../../../../../Users/hanspnd/Desktop/CodeCamp2018/CodeCamp2018/Content/ThirdPersonBP/Maps/ThirdPersonExampleMap_BuiltData.uasset'
[2018.11.09-15.56.26:233][731]LogEditorViewport: Clicking on Actor (LMB): StaticMeshActor (Floor)
[2018.11.09-15.56.27:018][749]LogEditorViewport: Clicking on Actor (LMB): StaticMeshActor (Floor)
[2018.11.09-15.56.27:743][769]LogEditorViewport: Clicking on Actor (LMB): ThirdPersonCharacter_C (ThirdPersonCharacter)
[2018.11.09-15.56.28:344][775]LogEditorViewport: Clicking on Actor (LMB): ThirdPersonCharacter_C (ThirdPersonCharacter)
[2018.11.09-15.56.41:025][ 42]LogSlate: FSceneViewport::OnFocusLost() reason 0
[2018.11.09-15.56.42:881][ 68]LogAssetEditorManager: Opening Asset editor for Blueprint /Game/ThirdPersonBP/Blueprints/ThirdPersonCharacter.ThirdPersonCharacter
[2018.11.09-15.56.44:403][ 68]LogContentBrowser: Native class hierarchy updated for 'BlueprintGraph' in 0.0015 seconds. Added 116 classes and 0 folders.
[2018.11.09-15.56.46:753][ 68]LogSlate: Took 0.024769 seconds to synchronously load lazily loaded font '../../../Engine/Content/Slate/Fonts/Roboto-BoldCondensed.ttf' (158K)
[2018.11.09-15.56.47:394][ 69]LogSlate: Took 0.029229 seconds to synchronously load lazily loaded font '../../../Engine/Content/Slate/Fonts/Roboto-Italic.ttf' (157K)
[2018.11.09-15.56.55:399][229]LogSlate: Window 'ThirdPersonCharacter' being destroyed
[2018.11.09-15.56.55:430][229]LogSlate: Window 'ThirdPersonCharacter' being destroyed
[2018.11.09-16.20.34:576][818]LogSlate: FSceneViewport::OnFocusLost() reason 0
[2018.11.09-16.20.55:123][454]LogEditorViewport: Clicking on Actor (LMB): StaticMeshActor (Wall10)
[2018.11.09-16.20.55:550][463]LogSlate: FSceneViewport::OnFocusLost() reason 0
[2018.11.09-16.20.57:795][532]LogEditorViewport: Clicking on Actor (LMB): StaticMeshActor (Floor)
[2018.11.09-16.21.00:901][616]LogEditorViewport: Clicking on Actor (LMB): StaticMeshActor (Floor)
[2018.11.09-16.21.01:601][636]LogEditorViewport: Clicking on Actor (LMB): StaticMeshActor (Floor)
[2018.11.09-16.21.02:110][650]LogEditorViewport: Clicking on Actor (LMB): StaticMeshActor (Floor)
